/projects/RNASeq/Lung_AT2/scripts/align/DF_980_3_GFP_tdt_align_rerun.lsf: line 10: DF_980_3_GFP_tdt_accepted_hits.sorted.bamstats: Permission denied
INFO	2021-11-19 17:16:17	CollectInsertSizeMetrics	

********** NOTE: Picard's command line syntax is changing.
**********
********** For more information, please see:
********** https://github.com/broadinstitute/picard/wiki/Command-Line-Syntax-Transition-For-Users-(Pre-Transition)
**********
********** The command line looks like this in the new syntax:
**********
**********    CollectInsertSizeMetrics -VALIDATION_STRINGENCY LENIENT -HISTOGRAM_FILE DF_980_3_GFP_tdt_InsertSizeHist.pdf -INPUT DF_980_3_GFP_tdt_accepted_hits.sorted.bam -OUTPUT DF_980_3_GFP_tdt_InsertSizeMetrics
**********


17:16:17.741 INFO  NativeLibraryLoader - Loading libgkl_compression.so from jar:file:/opt/software/picard-2.22.0/picard.jar!/com/intel/gkl/native/libgkl_compression.so
[Fri Nov 19 17:16:17 EST 2021] CollectInsertSizeMetrics HISTOGRAM_FILE=DF_980_3_GFP_tdt_InsertSizeHist.pdf INPUT=DF_980_3_GFP_tdt_accepted_hits.sorted.bam OUTPUT=DF_980_3_GFP_tdt_InsertSizeMetrics VALIDATION_STRINGENCY=LENIENT    DEVIATIONS=10.0 MINIMUM_PCT=0.05 METRIC_ACCUMULATION_LEVEL=[ALL_READS] INCLUDE_DUPLICATES=false ASSUME_SORTED=true STOP_AFTER=0 VERBOSITY=INFO QUIET=false COMPRESSION_LEVEL=5 MAX_RECORDS_IN_RAM=500000 CREATE_INDEX=false CREATE_MD5_FILE=false GA4GH_CLIENT_SECRETS=client_secrets.json USE_JDK_DEFLATER=false USE_JDK_INFLATER=false
[Fri Nov 19 17:16:17 EST 2021] Executing as hwen@bhimes on Linux 5.4.0-90-generic amd64; OpenJDK 64-Bit Server VM 1.8.0_292-8u292-b10-0ubuntu1~20.04-b10; Deflater: Intel; Inflater: Intel; Provider GCS is not available; Picard version: 2.22.0-SNAPSHOT
[Fri Nov 19 17:16:17 EST 2021] picard.analysis.CollectInsertSizeMetrics done. Elapsed time: 0.00 minutes.
Runtime.totalMemory()=1007157248
To get help, see http://broadinstitute.github.io/picard/index.html#GettingHelp
Exception in thread "main" htsjdk.samtools.SAMException: Cannot write file: /projects/RNASeq/Lung_AT2/DF_980_3_GFP_tdt/star_out/DF_980_3_GFP_tdt_InsertSizeMetrics. File does not exist and parent directory is not writable..
	at htsjdk.samtools.util.IOUtil.assertFileIsWritable(IOUtil.java:562)
	at picard.analysis.CollectInsertSizeMetrics.setup(CollectInsertSizeMetrics.java:141)
	at picard.analysis.SinglePassSamProgram.makeItSo(SinglePassSamProgram.java:142)
	at picard.analysis.SinglePassSamProgram.doWork(SinglePassSamProgram.java:94)
	at picard.cmdline.CommandLineProgram.instanceMain(CommandLineProgram.java:305)
	at picard.cmdline.PicardCommandLine.instanceMain(PicardCommandLine.java:103)
	at picard.cmdline.PicardCommandLine.main(PicardCommandLine.java:113)
100000 GFF lines processed.
200000 GFF lines processed.
300000 GFF lines processed.
400000 GFF lines processed.
500000 GFF lines processed.
600000 GFF lines processed.
672435 GFF lines processed.
100000 SAM alignment record pairs processed.
200000 SAM alignment record pairs processed.
300000 SAM alignment record pairs processed.
400000 SAM alignment record pairs processed.
500000 SAM alignment record pairs processed.
600000 SAM alignment record pairs processed.
700000 SAM alignment record pairs processed.
800000 SAM alignment record pairs processed.
900000 SAM alignment record pairs processed.
1000000 SAM alignment record pairs processed.
1100000 SAM alignment record pairs processed.
1200000 SAM alignment record pairs processed.
1300000 SAM alignment record pairs processed.
1400000 SAM alignment record pairs processed.
1500000 SAM alignment record pairs processed.
1600000 SAM alignment record pairs processed.
1700000 SAM alignment record pairs processed.
1800000 SAM alignment record pairs processed.
1900000 SAM alignment record pairs processed.
2000000 SAM alignment record pairs processed.
2100000 SAM alignment record pairs processed.
2200000 SAM alignment record pairs processed.
2300000 SAM alignment record pairs processed.
2400000 SAM alignment record pairs processed.
2500000 SAM alignment record pairs processed.
2600000 SAM alignment record pairs processed.
2700000 SAM alignment record pairs processed.
2800000 SAM alignment record pairs processed.
2900000 SAM alignment record pairs processed.
3000000 SAM alignment record pairs processed.
3100000 SAM alignment record pairs processed.
3200000 SAM alignment record pairs processed.
3300000 SAM alignment record pairs processed.
3400000 SAM alignment record pairs processed.
3500000 SAM alignment record pairs processed.
3600000 SAM alignment record pairs processed.
3700000 SAM alignment record pairs processed.
3800000 SAM alignment record pairs processed.
3900000 SAM alignment record pairs processed.
4000000 SAM alignment record pairs processed.
4100000 SAM alignment record pairs processed.
4200000 SAM alignment record pairs processed.
4300000 SAM alignment record pairs processed.
4400000 SAM alignment record pairs processed.
4500000 SAM alignment record pairs processed.
4600000 SAM alignment record pairs processed.
4700000 SAM alignment record pairs processed.
4800000 SAM alignment record pairs processed.
4900000 SAM alignment record pairs processed.
5000000 SAM alignment record pairs processed.
5100000 SAM alignment record pairs processed.
5200000 SAM alignment record pairs processed.
5300000 SAM alignment record pairs processed.
5400000 SAM alignment record pairs processed.
5500000 SAM alignment record pairs processed.
5600000 SAM alignment record pairs processed.
5700000 SAM alignment record pairs processed.
5800000 SAM alignment record pairs processed.
5900000 SAM alignment record pairs processed.
6000000 SAM alignment record pairs processed.
6100000 SAM alignment record pairs processed.
6200000 SAM alignment record pairs processed.
6300000 SAM alignment record pairs processed.
6400000 SAM alignment record pairs processed.
6500000 SAM alignment record pairs processed.
6600000 SAM alignment record pairs processed.
6700000 SAM alignment record pairs processed.
6800000 SAM alignment record pairs processed.
6900000 SAM alignment record pairs processed.
7000000 SAM alignment record pairs processed.
7100000 SAM alignment record pairs processed.
7200000 SAM alignment record pairs processed.
7300000 SAM alignment record pairs processed.
7400000 SAM alignment record pairs processed.
7500000 SAM alignment record pairs processed.
7600000 SAM alignment record pairs processed.
7700000 SAM alignment record pairs processed.
7800000 SAM alignment record pairs processed.
7900000 SAM alignment record pairs processed.
8000000 SAM alignment record pairs processed.
8100000 SAM alignment record pairs processed.
8200000 SAM alignment record pairs processed.
8300000 SAM alignment record pairs processed.
8400000 SAM alignment record pairs processed.
8500000 SAM alignment record pairs processed.
8600000 SAM alignment record pairs processed.
8700000 SAM alignment record pairs processed.
8800000 SAM alignment record pairs processed.
8900000 SAM alignment record pairs processed.
9000000 SAM alignment record pairs processed.
9100000 SAM alignment record pairs processed.
9200000 SAM alignment record pairs processed.
9300000 SAM alignment record pairs processed.
9400000 SAM alignment record pairs processed.
9500000 SAM alignment record pairs processed.
9600000 SAM alignment record pairs processed.
9700000 SAM alignment record pairs processed.
9800000 SAM alignment record pairs processed.
9900000 SAM alignment record pairs processed.
10000000 SAM alignment record pairs processed.
10100000 SAM alignment record pairs processed.
10200000 SAM alignment record pairs processed.
10300000 SAM alignment record pairs processed.
10400000 SAM alignment record pairs processed.
10500000 SAM alignment record pairs processed.
10600000 SAM alignment record pairs processed.
10700000 SAM alignment record pairs processed.
10800000 SAM alignment record pairs processed.
10900000 SAM alignment record pairs processed.
11000000 SAM alignment record pairs processed.
11100000 SAM alignment record pairs processed.
11200000 SAM alignment record pairs processed.
11300000 SAM alignment record pairs processed.
11400000 SAM alignment record pairs processed.
11500000 SAM alignment record pairs processed.
11600000 SAM alignment record pairs processed.
11700000 SAM alignment record pairs processed.
11800000 SAM alignment record pairs processed.
11900000 SAM alignment record pairs processed.
12000000 SAM alignment record pairs processed.
12100000 SAM alignment record pairs processed.
12200000 SAM alignment record pairs processed.
12300000 SAM alignment record pairs processed.
12400000 SAM alignment record pairs processed.
12500000 SAM alignment record pairs processed.
12600000 SAM alignment record pairs processed.
12700000 SAM alignment record pairs processed.
12800000 SAM alignment record pairs processed.
12900000 SAM alignment record pairs processed.
13000000 SAM alignment record pairs processed.
13100000 SAM alignment record pairs processed.
13200000 SAM alignment record pairs processed.
13300000 SAM alignment record pairs processed.
13400000 SAM alignment record pairs processed.
13500000 SAM alignment record pairs processed.
13600000 SAM alignment record pairs processed.
13700000 SAM alignment record pairs processed.
13800000 SAM alignment record pairs processed.
13900000 SAM alignment record pairs processed.
14000000 SAM alignment record pairs processed.
14100000 SAM alignment record pairs processed.
14200000 SAM alignment record pairs processed.
14300000 SAM alignment record pairs processed.
14400000 SAM alignment record pairs processed.
14500000 SAM alignment record pairs processed.
14600000 SAM alignment record pairs processed.
14700000 SAM alignment record pairs processed.
14800000 SAM alignment record pairs processed.
14900000 SAM alignment record pairs processed.
15000000 SAM alignment record pairs processed.
15100000 SAM alignment record pairs processed.
15200000 SAM alignment record pairs processed.
15300000 SAM alignment record pairs processed.
15400000 SAM alignment record pairs processed.
15500000 SAM alignment record pairs processed.
15600000 SAM alignment record pairs processed.
15700000 SAM alignment record pairs processed.
15800000 SAM alignment record pairs processed.
15900000 SAM alignment record pairs processed.
16000000 SAM alignment record pairs processed.
16100000 SAM alignment record pairs processed.
16200000 SAM alignment record pairs processed.
16300000 SAM alignment record pairs processed.
16400000 SAM alignment record pairs processed.
16500000 SAM alignment record pairs processed.
16600000 SAM alignment record pairs processed.
16700000 SAM alignment record pairs processed.
16800000 SAM alignment record pairs processed.
16900000 SAM alignment record pairs processed.
17000000 SAM alignment record pairs processed.
17100000 SAM alignment record pairs processed.
17200000 SAM alignment record pairs processed.
17300000 SAM alignment record pairs processed.
17400000 SAM alignment record pairs processed.
17500000 SAM alignment record pairs processed.
17600000 SAM alignment record pairs processed.
17700000 SAM alignment record pairs processed.
17800000 SAM alignment record pairs processed.
17900000 SAM alignment record pairs processed.
18000000 SAM alignment record pairs processed.
18100000 SAM alignment record pairs processed.
18200000 SAM alignment record pairs processed.
18300000 SAM alignment record pairs processed.
18400000 SAM alignment record pairs processed.
18500000 SAM alignment record pairs processed.
18600000 SAM alignment record pairs processed.
18700000 SAM alignment record pairs processed.
18800000 SAM alignment record pairs processed.
18900000 SAM alignment record pairs processed.
19000000 SAM alignment record pairs processed.
19100000 SAM alignment record pairs processed.
19200000 SAM alignment record pairs processed.
19300000 SAM alignment record pairs processed.
19400000 SAM alignment record pairs processed.
19500000 SAM alignment record pairs processed.
19600000 SAM alignment record pairs processed.
19700000 SAM alignment record pairs processed.
19800000 SAM alignment record pairs processed.
19900000 SAM alignment record pairs processed.
20000000 SAM alignment record pairs processed.
20100000 SAM alignment record pairs processed.
20200000 SAM alignment record pairs processed.
20300000 SAM alignment record pairs processed.
20400000 SAM alignment record pairs processed.
20500000 SAM alignment record pairs processed.
20600000 SAM alignment record pairs processed.
20700000 SAM alignment record pairs processed.
20800000 SAM alignment record pairs processed.
20900000 SAM alignment record pairs processed.
21000000 SAM alignment record pairs processed.
21100000 SAM alignment record pairs processed.
21200000 SAM alignment record pairs processed.
21300000 SAM alignment record pairs processed.
21400000 SAM alignment record pairs processed.
21500000 SAM alignment record pairs processed.
21600000 SAM alignment record pairs processed.
21700000 SAM alignment record pairs processed.
21800000 SAM alignment record pairs processed.
21900000 SAM alignment record pairs processed.
22000000 SAM alignment record pairs processed.
22100000 SAM alignment record pairs processed.
22200000 SAM alignment record pairs processed.
22300000 SAM alignment record pairs processed.
22400000 SAM alignment record pairs processed.
22500000 SAM alignment record pairs processed.
22600000 SAM alignment record pairs processed.
22700000 SAM alignment record pairs processed.
22800000 SAM alignment record pairs processed.
22900000 SAM alignment record pairs processed.
23000000 SAM alignment record pairs processed.
23100000 SAM alignment record pairs processed.
23200000 SAM alignment record pairs processed.
23300000 SAM alignment record pairs processed.
23400000 SAM alignment record pairs processed.
23500000 SAM alignment record pairs processed.
23600000 SAM alignment record pairs processed.
23700000 SAM alignment record pairs processed.
23800000 SAM alignment record pairs processed.
23900000 SAM alignment record pairs processed.
24000000 SAM alignment record pairs processed.
24100000 SAM alignment record pairs processed.
24200000 SAM alignment record pairs processed.
24300000 SAM alignment record pairs processed.
24400000 SAM alignment record pairs processed.
24500000 SAM alignment record pairs processed.
24600000 SAM alignment record pairs processed.
24700000 SAM alignment record pairs processed.
24800000 SAM alignment record pairs processed.
24900000 SAM alignment record pairs processed.
25000000 SAM alignment record pairs processed.
25100000 SAM alignment record pairs processed.
25200000 SAM alignment record pairs processed.
25300000 SAM alignment record pairs processed.
25400000 SAM alignment record pairs processed.
25500000 SAM alignment record pairs processed.
25600000 SAM alignment record pairs processed.
25700000 SAM alignment record pairs processed.
25800000 SAM alignment record pairs processed.
25900000 SAM alignment record pairs processed.
26000000 SAM alignment record pairs processed.
26100000 SAM alignment record pairs processed.
26200000 SAM alignment record pairs processed.
26300000 SAM alignment record pairs processed.
26400000 SAM alignment record pairs processed.
26500000 SAM alignment record pairs processed.
26600000 SAM alignment record pairs processed.
26700000 SAM alignment record pairs processed.
26800000 SAM alignment record pairs processed.
26900000 SAM alignment record pairs processed.
27000000 SAM alignment record pairs processed.
27100000 SAM alignment record pairs processed.
27200000 SAM alignment record pairs processed.
27300000 SAM alignment record pairs processed.
27400000 SAM alignment record pairs processed.
27500000 SAM alignment record pairs processed.
27600000 SAM alignment record pairs processed.
27700000 SAM alignment record pairs processed.
27800000 SAM alignment record pairs processed.
27900000 SAM alignment record pairs processed.
28000000 SAM alignment record pairs processed.
28100000 SAM alignment record pairs processed.
28200000 SAM alignment record pairs processed.
28300000 SAM alignment record pairs processed.
28400000 SAM alignment record pairs processed.
28500000 SAM alignment record pairs processed.
28600000 SAM alignment record pairs processed.
28700000 SAM alignment record pairs processed.
28800000 SAM alignment record pairs processed.
28900000 SAM alignment record pairs processed.
29000000 SAM alignment record pairs processed.
29100000 SAM alignment record pairs processed.
29200000 SAM alignment record pairs processed.
29300000 SAM alignment record pairs processed.
29400000 SAM alignment record pairs processed.
29500000 SAM alignment record pairs processed.
29600000 SAM alignment record pairs processed.
29700000 SAM alignment record pairs processed.
29800000 SAM alignment record pairs processed.
29900000 SAM alignment record pairs processed.
30000000 SAM alignment record pairs processed.
30100000 SAM alignment record pairs processed.
30200000 SAM alignment record pairs processed.
30300000 SAM alignment record pairs processed.
30400000 SAM alignment record pairs processed.
30500000 SAM alignment record pairs processed.
30600000 SAM alignment record pairs processed.
30700000 SAM alignment record pairs processed.
30800000 SAM alignment record pairs processed.
30900000 SAM alignment record pairs processed.
31000000 SAM alignment record pairs processed.
31100000 SAM alignment record pairs processed.
31200000 SAM alignment record pairs processed.
31300000 SAM alignment record pairs processed.
31400000 SAM alignment record pairs processed.
31500000 SAM alignment record pairs processed.
31600000 SAM alignment record pairs processed.
31700000 SAM alignment record pairs processed.
31800000 SAM alignment record pairs processed.
31900000 SAM alignment record pairs processed.
32000000 SAM alignment record pairs processed.
32100000 SAM alignment record pairs processed.
32200000 SAM alignment record pairs processed.
32300000 SAM alignment record pairs processed.
32400000 SAM alignment record pairs processed.
32500000 SAM alignment record pairs processed.
32600000 SAM alignment record pairs processed.
32700000 SAM alignment record pairs processed.
32800000 SAM alignment record pairs processed.
32900000 SAM alignment record pairs processed.
33000000 SAM alignment record pairs processed.
33100000 SAM alignment record pairs processed.
33200000 SAM alignment record pairs processed.
33300000 SAM alignment record pairs processed.
33400000 SAM alignment record pairs processed.
33500000 SAM alignment record pairs processed.
33600000 SAM alignment record pairs processed.
33700000 SAM alignment record pairs processed.
33800000 SAM alignment record pairs processed.
33900000 SAM alignment record pairs processed.
34000000 SAM alignment record pairs processed.
34100000 SAM alignment record pairs processed.
34200000 SAM alignment record pairs processed.
34300000 SAM alignment record pairs processed.
34400000 SAM alignment record pairs processed.
34500000 SAM alignment record pairs processed.
34600000 SAM alignment record pairs processed.
34700000 SAM alignment record pairs processed.
34800000 SAM alignment record pairs processed.
34900000 SAM alignment record pairs processed.
35000000 SAM alignment record pairs processed.
35100000 SAM alignment record pairs processed.
35200000 SAM alignment record pairs processed.
35300000 SAM alignment record pairs processed.
35400000 SAM alignment record pairs processed.
35500000 SAM alignment record pairs processed.
35600000 SAM alignment record pairs processed.
35700000 SAM alignment record pairs processed.
35800000 SAM alignment record pairs processed.
35900000 SAM alignment record pairs processed.
36000000 SAM alignment record pairs processed.
36100000 SAM alignment record pairs processed.
36200000 SAM alignment record pairs processed.
36300000 SAM alignment record pairs processed.
36400000 SAM alignment record pairs processed.
36500000 SAM alignment record pairs processed.
36600000 SAM alignment record pairs processed.
36700000 SAM alignment record pairs processed.
36800000 SAM alignment record pairs processed.
36900000 SAM alignment record pairs processed.
37000000 SAM alignment record pairs processed.
37100000 SAM alignment record pairs processed.
37200000 SAM alignment record pairs processed.
37300000 SAM alignment record pairs processed.
37400000 SAM alignment record pairs processed.
37500000 SAM alignment record pairs processed.
37600000 SAM alignment record pairs processed.
37700000 SAM alignment record pairs processed.
37800000 SAM alignment record pairs processed.
37900000 SAM alignment record pairs processed.
38000000 SAM alignment record pairs processed.
38100000 SAM alignment record pairs processed.
38200000 SAM alignment record pairs processed.
38300000 SAM alignment record pairs processed.
38400000 SAM alignment record pairs processed.
38500000 SAM alignment record pairs processed.
38600000 SAM alignment record pairs processed.
38700000 SAM alignment record pairs processed.
38800000 SAM alignment record pairs processed.
38900000 SAM alignment record pairs processed.
39000000 SAM alignment record pairs processed.
39100000 SAM alignment record pairs processed.
39200000 SAM alignment record pairs processed.
39300000 SAM alignment record pairs processed.
39400000 SAM alignment record pairs processed.
39500000 SAM alignment record pairs processed.
39600000 SAM alignment record pairs processed.
39700000 SAM alignment record pairs processed.
39800000 SAM alignment record pairs processed.
39900000 SAM alignment record pairs processed.
40000000 SAM alignment record pairs processed.
40100000 SAM alignment record pairs processed.
40200000 SAM alignment record pairs processed.
40300000 SAM alignment record pairs processed.
40400000 SAM alignment record pairs processed.
40500000 SAM alignment record pairs processed.
40600000 SAM alignment record pairs processed.
40700000 SAM alignment record pairs processed.
40800000 SAM alignment record pairs processed.
40900000 SAM alignment record pairs processed.
41000000 SAM alignment record pairs processed.
41100000 SAM alignment record pairs processed.
41200000 SAM alignment record pairs processed.
41300000 SAM alignment record pairs processed.
41400000 SAM alignment record pairs processed.
41500000 SAM alignment record pairs processed.
41600000 SAM alignment record pairs processed.
41700000 SAM alignment record pairs processed.
41800000 SAM alignment record pairs processed.
41900000 SAM alignment record pairs processed.
42000000 SAM alignment record pairs processed.
42100000 SAM alignment record pairs processed.
42200000 SAM alignment record pairs processed.
42300000 SAM alignment record pairs processed.
42400000 SAM alignment record pairs processed.
42500000 SAM alignment record pairs processed.
42600000 SAM alignment record pairs processed.
42700000 SAM alignment record pairs processed.
42800000 SAM alignment record pairs processed.
42900000 SAM alignment record pairs processed.
43000000 SAM alignment record pairs processed.
43100000 SAM alignment record pairs processed.
43200000 SAM alignment record pairs processed.
43300000 SAM alignment record pairs processed.
43400000 SAM alignment record pairs processed.
43500000 SAM alignment record pairs processed.
43600000 SAM alignment record pairs processed.
43700000 SAM alignment record pairs processed.
43800000 SAM alignment record pairs processed.
43900000 SAM alignment record pairs processed.
44000000 SAM alignment record pairs processed.
44100000 SAM alignment record pairs processed.
44200000 SAM alignment record pairs processed.
44300000 SAM alignment record pairs processed.
44400000 SAM alignment record pairs processed.
44500000 SAM alignment record pairs processed.
44600000 SAM alignment record pairs processed.
44700000 SAM alignment record pairs processed.
44800000 SAM alignment record pairs processed.
44900000 SAM alignment record pairs processed.
45000000 SAM alignment record pairs processed.
45100000 SAM alignment record pairs processed.
45200000 SAM alignment record pairs processed.
45300000 SAM alignment record pairs processed.
45400000 SAM alignment record pairs processed.
45500000 SAM alignment record pairs processed.
45600000 SAM alignment record pairs processed.
45700000 SAM alignment record pairs processed.
45800000 SAM alignment record pairs processed.
45900000 SAM alignment record pairs processed.
46000000 SAM alignment record pairs processed.
46100000 SAM alignment record pairs processed.
46200000 SAM alignment record pairs processed.
46300000 SAM alignment record pairs processed.
46400000 SAM alignment record pairs processed.
46500000 SAM alignment record pairs processed.
46600000 SAM alignment record pairs processed.
46700000 SAM alignment record pairs processed.
46800000 SAM alignment record pairs processed.
46900000 SAM alignment record pairs processed.
47000000 SAM alignment record pairs processed.
47100000 SAM alignment record pairs processed.
47200000 SAM alignment record pairs processed.
47300000 SAM alignment record pairs processed.
47400000 SAM alignment record pairs processed.
47500000 SAM alignment record pairs processed.
47600000 SAM alignment record pairs processed.
47700000 SAM alignment record pairs processed.
47800000 SAM alignment record pairs processed.
47900000 SAM alignment record pairs processed.
48000000 SAM alignment record pairs processed.
48100000 SAM alignment record pairs processed.
48200000 SAM alignment record pairs processed.
48300000 SAM alignment record pairs processed.
48400000 SAM alignment record pairs processed.
48500000 SAM alignment record pairs processed.
48600000 SAM alignment record pairs processed.
48700000 SAM alignment record pairs processed.
48800000 SAM alignment record pairs processed.
48900000 SAM alignment record pairs processed.
49000000 SAM alignment record pairs processed.
49100000 SAM alignment record pairs processed.
49200000 SAM alignment record pairs processed.
49300000 SAM alignment record pairs processed.
49400000 SAM alignment record pairs processed.
49500000 SAM alignment record pairs processed.
49600000 SAM alignment record pairs processed.
49700000 SAM alignment record pairs processed.
49800000 SAM alignment record pairs processed.
49900000 SAM alignment record pairs processed.
50000000 SAM alignment record pairs processed.
50100000 SAM alignment record pairs processed.
50200000 SAM alignment record pairs processed.
50300000 SAM alignment record pairs processed.
50400000 SAM alignment record pairs processed.
50500000 SAM alignment record pairs processed.
50600000 SAM alignment record pairs processed.
50700000 SAM alignment record pairs processed.
50800000 SAM alignment record pairs processed.
50900000 SAM alignment record pairs processed.
51000000 SAM alignment record pairs processed.
51100000 SAM alignment record pairs processed.
51200000 SAM alignment record pairs processed.
51300000 SAM alignment record pairs processed.
51400000 SAM alignment record pairs processed.
51500000 SAM alignment record pairs processed.
51600000 SAM alignment record pairs processed.
51700000 SAM alignment record pairs processed.
51800000 SAM alignment record pairs processed.
51900000 SAM alignment record pairs processed.
52000000 SAM alignment record pairs processed.
52100000 SAM alignment record pairs processed.
52200000 SAM alignment record pairs processed.
52300000 SAM alignment record pairs processed.
52400000 SAM alignment record pairs processed.
52500000 SAM alignment record pairs processed.
52600000 SAM alignment record pairs processed.
52700000 SAM alignment record pairs processed.
52800000 SAM alignment record pairs processed.
52900000 SAM alignment record pairs processed.
53000000 SAM alignment record pairs processed.
53100000 SAM alignment record pairs processed.
53200000 SAM alignment record pairs processed.
53300000 SAM alignment record pairs processed.
53400000 SAM alignment record pairs processed.
53500000 SAM alignment record pairs processed.
53600000 SAM alignment record pairs processed.
53700000 SAM alignment record pairs processed.
53800000 SAM alignment record pairs processed.
53900000 SAM alignment record pairs processed.
54000000 SAM alignment record pairs processed.
54100000 SAM alignment record pairs processed.
54200000 SAM alignment record pairs processed.
54300000 SAM alignment record pairs processed.
54400000 SAM alignment record pairs processed.
54500000 SAM alignment record pairs processed.
54600000 SAM alignment record pairs processed.
54700000 SAM alignment record pairs processed.
54800000 SAM alignment record pairs processed.
54900000 SAM alignment record pairs processed.
55000000 SAM alignment record pairs processed.
55100000 SAM alignment record pairs processed.
55200000 SAM alignment record pairs processed.
55300000 SAM alignment record pairs processed.
55400000 SAM alignment record pairs processed.
55500000 SAM alignment record pairs processed.
55600000 SAM alignment record pairs processed.
55700000 SAM alignment record pairs processed.
55800000 SAM alignment record pairs processed.
55900000 SAM alignment record pairs processed.
56000000 SAM alignment record pairs processed.
56100000 SAM alignment record pairs processed.
56200000 SAM alignment record pairs processed.
56300000 SAM alignment record pairs processed.
56400000 SAM alignment record pairs processed.
56500000 SAM alignment record pairs processed.
56600000 SAM alignment record pairs processed.
56700000 SAM alignment record pairs processed.
56800000 SAM alignment record pairs processed.
56900000 SAM alignment record pairs processed.
57000000 SAM alignment record pairs processed.
57100000 SAM alignment record pairs processed.
57200000 SAM alignment record pairs processed.
57300000 SAM alignment record pairs processed.
57400000 SAM alignment record pairs processed.
57500000 SAM alignment record pairs processed.
57600000 SAM alignment record pairs processed.
57700000 SAM alignment record pairs processed.
57800000 SAM alignment record pairs processed.
57900000 SAM alignment record pairs processed.
58000000 SAM alignment record pairs processed.
58100000 SAM alignment record pairs processed.
58200000 SAM alignment record pairs processed.
58300000 SAM alignment record pairs processed.
58400000 SAM alignment record pairs processed.
58500000 SAM alignment record pairs processed.
58600000 SAM alignment record pairs processed.
58700000 SAM alignment record pairs processed.
58800000 SAM alignment record pairs processed.
58900000 SAM alignment record pairs processed.
59000000 SAM alignment record pairs processed.
59100000 SAM alignment record pairs processed.
59200000 SAM alignment record pairs processed.
59300000 SAM alignment record pairs processed.
59400000 SAM alignment record pairs processed.
59500000 SAM alignment record pairs processed.
59600000 SAM alignment record pairs processed.
59700000 SAM alignment record pairs processed.
59800000 SAM alignment record pairs processed.
59900000 SAM alignment record pairs processed.
60000000 SAM alignment record pairs processed.
60100000 SAM alignment record pairs processed.
60200000 SAM alignment record pairs processed.
60300000 SAM alignment record pairs processed.
60400000 SAM alignment record pairs processed.
60500000 SAM alignment record pairs processed.
60600000 SAM alignment record pairs processed.
60700000 SAM alignment record pairs processed.
60800000 SAM alignment record pairs processed.
60900000 SAM alignment record pairs processed.
61000000 SAM alignment record pairs processed.
61100000 SAM alignment record pairs processed.
61200000 SAM alignment record pairs processed.
61300000 SAM alignment record pairs processed.
61400000 SAM alignment record pairs processed.
61500000 SAM alignment record pairs processed.
61600000 SAM alignment record pairs processed.
61700000 SAM alignment record pairs processed.
61800000 SAM alignment record pairs processed.
61900000 SAM alignment record pairs processed.
62000000 SAM alignment record pairs processed.
62100000 SAM alignment record pairs processed.
62200000 SAM alignment record pairs processed.
62300000 SAM alignment record pairs processed.
62400000 SAM alignment record pairs processed.
62500000 SAM alignment record pairs processed.
62600000 SAM alignment record pairs processed.
62700000 SAM alignment record pairs processed.
62800000 SAM alignment record pairs processed.
62900000 SAM alignment record pairs processed.
63000000 SAM alignment record pairs processed.
63100000 SAM alignment record pairs processed.
63200000 SAM alignment record pairs processed.
63300000 SAM alignment record pairs processed.
63400000 SAM alignment record pairs processed.
63500000 SAM alignment record pairs processed.
63600000 SAM alignment record pairs processed.
63700000 SAM alignment record pairs processed.
63800000 SAM alignment record pairs processed.
63900000 SAM alignment record pairs processed.
64000000 SAM alignment record pairs processed.
64100000 SAM alignment record pairs processed.
64200000 SAM alignment record pairs processed.
64300000 SAM alignment record pairs processed.
64400000 SAM alignment record pairs processed.
64500000 SAM alignment record pairs processed.
64600000 SAM alignment record pairs processed.
64700000 SAM alignment record pairs processed.
64800000 SAM alignment record pairs processed.
64900000 SAM alignment record pairs processed.
65000000 SAM alignment record pairs processed.
65100000 SAM alignment record pairs processed.
65200000 SAM alignment record pairs processed.
65300000 SAM alignment record pairs processed.
65400000 SAM alignment record pairs processed.
65500000 SAM alignment record pairs processed.
65600000 SAM alignment record pairs processed.
65700000 SAM alignment record pairs processed.
65800000 SAM alignment record pairs processed.
65900000 SAM alignment record pairs processed.
66000000 SAM alignment record pairs processed.
66100000 SAM alignment record pairs processed.
66200000 SAM alignment record pairs processed.
66300000 SAM alignment record pairs processed.
66400000 SAM alignment record pairs processed.
66500000 SAM alignment record pairs processed.
66600000 SAM alignment record pairs processed.
66700000 SAM alignment record pairs processed.
66800000 SAM alignment record pairs processed.
66900000 SAM alignment record pairs processed.
67000000 SAM alignment record pairs processed.
67100000 SAM alignment record pairs processed.
67200000 SAM alignment record pairs processed.
67300000 SAM alignment record pairs processed.
67400000 SAM alignment record pairs processed.
67500000 SAM alignment record pairs processed.
67600000 SAM alignment record pairs processed.
67700000 SAM alignment record pairs processed.
67800000 SAM alignment record pairs processed.
67900000 SAM alignment record pairs processed.
68000000 SAM alignment record pairs processed.
68100000 SAM alignment record pairs processed.
68200000 SAM alignment record pairs processed.
68300000 SAM alignment record pairs processed.
68400000 SAM alignment record pairs processed.
68500000 SAM alignment record pairs processed.
68600000 SAM alignment record pairs processed.
68700000 SAM alignment record pairs processed.
68800000 SAM alignment record pairs processed.
68900000 SAM alignment record pairs processed.
69000000 SAM alignment record pairs processed.
69100000 SAM alignment record pairs processed.
69200000 SAM alignment record pairs processed.
69300000 SAM alignment record pairs processed.
69400000 SAM alignment record pairs processed.
69500000 SAM alignment record pairs processed.
69600000 SAM alignment record pairs processed.
69700000 SAM alignment record pairs processed.
69800000 SAM alignment record pairs processed.
69900000 SAM alignment record pairs processed.
70000000 SAM alignment record pairs processed.
70100000 SAM alignment record pairs processed.
70200000 SAM alignment record pairs processed.
70300000 SAM alignment record pairs processed.
70400000 SAM alignment record pairs processed.
70500000 SAM alignment record pairs processed.
70600000 SAM alignment record pairs processed.
70700000 SAM alignment record pairs processed.
70800000 SAM alignment record pairs processed.
70900000 SAM alignment record pairs processed.
71000000 SAM alignment record pairs processed.
71100000 SAM alignment record pairs processed.
71200000 SAM alignment record pairs processed.
71300000 SAM alignment record pairs processed.
71400000 SAM alignment record pairs processed.
71500000 SAM alignment record pairs processed.
71600000 SAM alignment record pairs processed.
71700000 SAM alignment record pairs processed.
71800000 SAM alignment record pairs processed.
71900000 SAM alignment record pairs processed.
72000000 SAM alignment record pairs processed.
72100000 SAM alignment record pairs processed.
72200000 SAM alignment record pairs processed.
72300000 SAM alignment record pairs processed.
72400000 SAM alignment record pairs processed.
72500000 SAM alignment record pairs processed.
72600000 SAM alignment record pairs processed.
72700000 SAM alignment record pairs processed.
72800000 SAM alignment record pairs processed.
72900000 SAM alignment record pairs processed.
73000000 SAM alignment record pairs processed.
73100000 SAM alignment record pairs processed.
73200000 SAM alignment record pairs processed.
73300000 SAM alignment record pairs processed.
73400000 SAM alignment record pairs processed.
73500000 SAM alignment record pairs processed.
73600000 SAM alignment record pairs processed.
73700000 SAM alignment record pairs processed.
73800000 SAM alignment record pairs processed.
73900000 SAM alignment record pairs processed.
74000000 SAM alignment record pairs processed.
74100000 SAM alignment record pairs processed.
74200000 SAM alignment record pairs processed.
74300000 SAM alignment record pairs processed.
74400000 SAM alignment record pairs processed.
74500000 SAM alignment record pairs processed.
74600000 SAM alignment record pairs processed.
74700000 SAM alignment record pairs processed.
74800000 SAM alignment record pairs processed.
74900000 SAM alignment record pairs processed.
75000000 SAM alignment record pairs processed.
75100000 SAM alignment record pairs processed.
75200000 SAM alignment record pairs processed.
75300000 SAM alignment record pairs processed.
75400000 SAM alignment record pairs processed.
75500000 SAM alignment record pairs processed.
75600000 SAM alignment record pairs processed.
75700000 SAM alignment record pairs processed.
75800000 SAM alignment record pairs processed.
75900000 SAM alignment record pairs processed.
76000000 SAM alignment record pairs processed.
76100000 SAM alignment record pairs processed.
76200000 SAM alignment record pairs processed.
76300000 SAM alignment record pairs processed.
76400000 SAM alignment record pairs processed.
76500000 SAM alignment record pairs processed.
76600000 SAM alignment record pairs processed.
76700000 SAM alignment record pairs processed.
76800000 SAM alignment record pairs processed.
76900000 SAM alignment record pairs processed.
77000000 SAM alignment record pairs processed.
77100000 SAM alignment record pairs processed.
77200000 SAM alignment record pairs processed.
77300000 SAM alignment record pairs processed.
77400000 SAM alignment record pairs processed.
77500000 SAM alignment record pairs processed.
77600000 SAM alignment record pairs processed.
77700000 SAM alignment record pairs processed.
77800000 SAM alignment record pairs processed.
77900000 SAM alignment record pairs processed.
78000000 SAM alignment record pairs processed.
78100000 SAM alignment record pairs processed.
78200000 SAM alignment record pairs processed.
78300000 SAM alignment record pairs processed.
78400000 SAM alignment record pairs processed.
78500000 SAM alignment record pairs processed.
78600000 SAM alignment record pairs processed.
78700000 SAM alignment record pairs processed.
78800000 SAM alignment record pairs processed.
78900000 SAM alignment record pairs processed.
79000000 SAM alignment record pairs processed.
79100000 SAM alignment record pairs processed.
79200000 SAM alignment record pairs processed.
79300000 SAM alignment record pairs processed.
79400000 SAM alignment record pairs processed.
79500000 SAM alignment record pairs processed.
79600000 SAM alignment record pairs processed.
79700000 SAM alignment record pairs processed.
79800000 SAM alignment record pairs processed.
79900000 SAM alignment record pairs processed.
80000000 SAM alignment record pairs processed.
80100000 SAM alignment record pairs processed.
80200000 SAM alignment record pairs processed.
80300000 SAM alignment record pairs processed.
80400000 SAM alignment record pairs processed.
80500000 SAM alignment record pairs processed.
80600000 SAM alignment record pairs processed.
80700000 SAM alignment record pairs processed.
80800000 SAM alignment record pairs processed.
80900000 SAM alignment record pairs processed.
81000000 SAM alignment record pairs processed.
81100000 SAM alignment record pairs processed.
81200000 SAM alignment record pairs processed.
81300000 SAM alignment record pairs processed.
81400000 SAM alignment record pairs processed.
81500000 SAM alignment record pairs processed.
81600000 SAM alignment record pairs processed.
81641341 SAM alignment pairs processed.
