Started analysis of 927-1-GFP-TdT_R1_001.fastq.gz
Approx 5% complete for 927-1-GFP-TdT_R1_001.fastq.gz
Approx 10% complete for 927-1-GFP-TdT_R1_001.fastq.gz
Approx 15% complete for 927-1-GFP-TdT_R1_001.fastq.gz
Approx 20% complete for 927-1-GFP-TdT_R1_001.fastq.gz
Approx 25% complete for 927-1-GFP-TdT_R1_001.fastq.gz
Approx 30% complete for 927-1-GFP-TdT_R1_001.fastq.gz
Approx 35% complete for 927-1-GFP-TdT_R1_001.fastq.gz
Approx 40% complete for 927-1-GFP-TdT_R1_001.fastq.gz
Approx 45% complete for 927-1-GFP-TdT_R1_001.fastq.gz
Approx 50% complete for 927-1-GFP-TdT_R1_001.fastq.gz
Approx 55% complete for 927-1-GFP-TdT_R1_001.fastq.gz
Approx 60% complete for 927-1-GFP-TdT_R1_001.fastq.gz
Approx 65% complete for 927-1-GFP-TdT_R1_001.fastq.gz
Approx 70% complete for 927-1-GFP-TdT_R1_001.fastq.gz
Approx 75% complete for 927-1-GFP-TdT_R1_001.fastq.gz
Approx 80% complete for 927-1-GFP-TdT_R1_001.fastq.gz
Approx 85% complete for 927-1-GFP-TdT_R1_001.fastq.gz
Approx 90% complete for 927-1-GFP-TdT_R1_001.fastq.gz
Approx 95% complete for 927-1-GFP-TdT_R1_001.fastq.gz
Analysis complete for 927-1-GFP-TdT_R1_001.fastq.gz
Started analysis of 927-1-GFP-TdT_R2_001.fastq.gz
Approx 5% complete for 927-1-GFP-TdT_R2_001.fastq.gz
Approx 10% complete for 927-1-GFP-TdT_R2_001.fastq.gz
Approx 15% complete for 927-1-GFP-TdT_R2_001.fastq.gz
Approx 20% complete for 927-1-GFP-TdT_R2_001.fastq.gz
Approx 25% complete for 927-1-GFP-TdT_R2_001.fastq.gz
Approx 30% complete for 927-1-GFP-TdT_R2_001.fastq.gz
Approx 35% complete for 927-1-GFP-TdT_R2_001.fastq.gz
Approx 40% complete for 927-1-GFP-TdT_R2_001.fastq.gz
Approx 45% complete for 927-1-GFP-TdT_R2_001.fastq.gz
Approx 50% complete for 927-1-GFP-TdT_R2_001.fastq.gz
Approx 55% complete for 927-1-GFP-TdT_R2_001.fastq.gz
Approx 60% complete for 927-1-GFP-TdT_R2_001.fastq.gz
Approx 65% complete for 927-1-GFP-TdT_R2_001.fastq.gz
Approx 70% complete for 927-1-GFP-TdT_R2_001.fastq.gz
Approx 75% complete for 927-1-GFP-TdT_R2_001.fastq.gz
Approx 80% complete for 927-1-GFP-TdT_R2_001.fastq.gz
Approx 85% complete for 927-1-GFP-TdT_R2_001.fastq.gz
Approx 90% complete for 927-1-GFP-TdT_R2_001.fastq.gz
Approx 95% complete for 927-1-GFP-TdT_R2_001.fastq.gz
Analysis complete for 927-1-GFP-TdT_R2_001.fastq.gz
  adding: DF_927_1_GFP_tdt_R1_Trimmed_fastqc/ (stored 0%)
  adding: DF_927_1_GFP_tdt_R1_Trimmed_fastqc/fastqc_report.html (deflated 44%)
  adding: DF_927_1_GFP_tdt_R1_Trimmed_fastqc/fastqc_data.txt (deflated 61%)
  adding: DF_927_1_GFP_tdt_R1_Trimmed_fastqc/Images/ (stored 0%)
  adding: DF_927_1_GFP_tdt_R1_Trimmed_fastqc/Images/per_sequence_gc_content.png (deflated 11%)
  adding: DF_927_1_GFP_tdt_R1_Trimmed_fastqc/Images/per_base_quality.png (deflated 52%)
  adding: DF_927_1_GFP_tdt_R1_Trimmed_fastqc/Images/per_sequence_quality.png (deflated 23%)
  adding: DF_927_1_GFP_tdt_R1_Trimmed_fastqc/Images/sequence_length_distribution.png (deflated 11%)
  adding: DF_927_1_GFP_tdt_R1_Trimmed_fastqc/Images/adapter_content.png (deflated 38%)
  adding: DF_927_1_GFP_tdt_R1_Trimmed_fastqc/Images/per_base_n_content.png (deflated 59%)
  adding: DF_927_1_GFP_tdt_R1_Trimmed_fastqc/Images/per_base_sequence_content.png (deflated 16%)
  adding: DF_927_1_GFP_tdt_R1_Trimmed_fastqc/Images/per_tile_quality.png (deflated 19%)
  adding: DF_927_1_GFP_tdt_R1_Trimmed_fastqc/Images/duplication_levels.png (deflated 23%)
  adding: DF_927_1_GFP_tdt_R1_Trimmed_fastqc/Icons/ (stored 0%)
  adding: DF_927_1_GFP_tdt_R1_Trimmed_fastqc/Icons/fastqc_icon.png (stored 0%)
  adding: DF_927_1_GFP_tdt_R1_Trimmed_fastqc/Icons/warning.png (stored 0%)
  adding: DF_927_1_GFP_tdt_R1_Trimmed_fastqc/Icons/tick.png (stored 0%)
  adding: DF_927_1_GFP_tdt_R1_Trimmed_fastqc/Icons/error.png (stored 0%)
  adding: DF_927_1_GFP_tdt_R1_Trimmed_fastqc/summary.txt (deflated 70%)
  adding: DF_927_1_GFP_tdt_R1_Trimmed_fastqc/fastqc.fo (deflated 79%)
  adding: DF_927_1_GFP_tdt_R2_Trimmed_fastqc/ (stored 0%)
  adding: DF_927_1_GFP_tdt_R2_Trimmed_fastqc/fastqc_report.html (deflated 43%)
  adding: DF_927_1_GFP_tdt_R2_Trimmed_fastqc/fastqc_data.txt (deflated 61%)
  adding: DF_927_1_GFP_tdt_R2_Trimmed_fastqc/Images/ (stored 0%)
  adding: DF_927_1_GFP_tdt_R2_Trimmed_fastqc/Images/per_sequence_gc_content.png (deflated 11%)
  adding: DF_927_1_GFP_tdt_R2_Trimmed_fastqc/Images/per_base_quality.png (deflated 49%)
  adding: DF_927_1_GFP_tdt_R2_Trimmed_fastqc/Images/per_sequence_quality.png (deflated 23%)
  adding: DF_927_1_GFP_tdt_R2_Trimmed_fastqc/Images/sequence_length_distribution.png (deflated 11%)
  adding: DF_927_1_GFP_tdt_R2_Trimmed_fastqc/Images/adapter_content.png (deflated 38%)
  adding: DF_927_1_GFP_tdt_R2_Trimmed_fastqc/Images/per_base_n_content.png (deflated 59%)
  adding: DF_927_1_GFP_tdt_R2_Trimmed_fastqc/Images/per_base_sequence_content.png (deflated 16%)
  adding: DF_927_1_GFP_tdt_R2_Trimmed_fastqc/Images/per_tile_quality.png (deflated 18%)
  adding: DF_927_1_GFP_tdt_R2_Trimmed_fastqc/Images/duplication_levels.png (deflated 22%)
  adding: DF_927_1_GFP_tdt_R2_Trimmed_fastqc/Icons/ (stored 0%)
  adding: DF_927_1_GFP_tdt_R2_Trimmed_fastqc/Icons/fastqc_icon.png (stored 0%)
  adding: DF_927_1_GFP_tdt_R2_Trimmed_fastqc/Icons/warning.png (stored 0%)
  adding: DF_927_1_GFP_tdt_R2_Trimmed_fastqc/Icons/tick.png (stored 0%)
  adding: DF_927_1_GFP_tdt_R2_Trimmed_fastqc/Icons/error.png (stored 0%)
  adding: DF_927_1_GFP_tdt_R2_Trimmed_fastqc/summary.txt (deflated 70%)
  adding: DF_927_1_GFP_tdt_R2_Trimmed_fastqc/fastqc.fo (deflated 79%)
Nov 12 20:43:33 ..... started STAR run
Nov 12 20:43:33 ..... loading genome
Nov 12 20:46:08 ..... started mapping
Nov 12 21:17:33 ..... finished mapping
Nov 12 21:17:34 ..... started sorting BAM
Nov 12 21:24:54 ..... finished successfully
[bam_sort_core] merging from 60 files and 12 in-memory blocks...
INFO	2021-11-12 21:31:21	CollectRnaSeqMetrics	

********** NOTE: Picard's command line syntax is changing.
**********
********** For more information, please see:
********** https://github.com/broadinstitute/picard/wiki/Command-Line-Syntax-Transition-For-Users-(Pre-Transition)
**********
********** The command line looks like this in the new syntax:
**********
**********    CollectRnaSeqMetrics -REF_FLAT /projects/Reference/mm10/refFlat_UCSC.txt -STRAND_SPECIFICITY NONE -VALIDATION_STRINGENCY LENIENT -INPUT DF_927_1_GFP_tdt_accepted_hits.sorted.bam -OUTPUT DF_927_1_GFP_tdt_RNASeqMetrics
**********


21:31:22.042 INFO  NativeLibraryLoader - Loading libgkl_compression.so from jar:file:/opt/software/picard-2.22.0/picard.jar!/com/intel/gkl/native/libgkl_compression.so
[Fri Nov 12 21:31:22 EST 2021] CollectRnaSeqMetrics REF_FLAT=/projects/Reference/mm10/refFlat_UCSC.txt STRAND_SPECIFICITY=NONE INPUT=DF_927_1_GFP_tdt_accepted_hits.sorted.bam OUTPUT=DF_927_1_GFP_tdt_RNASeqMetrics VALIDATION_STRINGENCY=LENIENT    MINIMUM_LENGTH=500 RRNA_FRAGMENT_PERCENTAGE=0.8 METRIC_ACCUMULATION_LEVEL=[ALL_READS] ASSUME_SORTED=true STOP_AFTER=0 VERBOSITY=INFO QUIET=false COMPRESSION_LEVEL=5 MAX_RECORDS_IN_RAM=500000 CREATE_INDEX=false CREATE_MD5_FILE=false GA4GH_CLIENT_SECRETS=client_secrets.json USE_JDK_DEFLATER=false USE_JDK_INFLATER=false
[Fri Nov 12 21:31:22 EST 2021] Executing as hwen@bhimes on Linux 5.4.0-90-generic amd64; OpenJDK 64-Bit Server VM 1.8.0_292-8u292-b10-0ubuntu1~20.04-b10; Deflater: Intel; Inflater: Intel; Provider GCS is not available; Picard version: 2.22.0-SNAPSHOT
INFO	2021-11-12 21:31:22	CollectRnaSeqMetrics	Loaded 24008 genes.
INFO	2021-11-12 21:31:29	SinglePassSamProgram	Processed     1,000,000 records.  Elapsed time: 00:00:06s.  Time for last 1,000,000:    6s.  Last read position: chr10:42,182,885
INFO	2021-11-12 21:31:33	SinglePassSamProgram	Processed     2,000,000 records.  Elapsed time: 00:00:11s.  Time for last 1,000,000:    4s.  Last read position: chr10:68,005,684
INFO	2021-11-12 21:31:39	SinglePassSamProgram	Processed     3,000,000 records.  Elapsed time: 00:00:17s.  Time for last 1,000,000:    6s.  Last read position: chr10:79,993,288
INFO	2021-11-12 21:31:43	SinglePassSamProgram	Processed     4,000,000 records.  Elapsed time: 00:00:21s.  Time for last 1,000,000:    4s.  Last read position: chr10:81,181,237
INFO	2021-11-12 21:31:48	SinglePassSamProgram	Processed     5,000,000 records.  Elapsed time: 00:00:26s.  Time for last 1,000,000:    4s.  Last read position: chr10:91,118,250
INFO	2021-11-12 21:31:52	SinglePassSamProgram	Processed     6,000,000 records.  Elapsed time: 00:00:29s.  Time for last 1,000,000:    3s.  Last read position: chr10:117,288,616
INFO	2021-11-12 21:31:56	SinglePassSamProgram	Processed     7,000,000 records.  Elapsed time: 00:00:34s.  Time for last 1,000,000:    4s.  Last read position: chr10:128,492,282
INFO	2021-11-12 21:32:02	SinglePassSamProgram	Processed     8,000,000 records.  Elapsed time: 00:00:39s.  Time for last 1,000,000:    5s.  Last read position: chr11:6,339,129
INFO	2021-11-12 21:32:08	SinglePassSamProgram	Processed     9,000,000 records.  Elapsed time: 00:00:45s.  Time for last 1,000,000:    6s.  Last read position: chr11:35,777,585
INFO	2021-11-12 21:32:12	SinglePassSamProgram	Processed    10,000,000 records.  Elapsed time: 00:00:50s.  Time for last 1,000,000:    4s.  Last read position: chr11:53,548,944
INFO	2021-11-12 21:32:17	SinglePassSamProgram	Processed    11,000,000 records.  Elapsed time: 00:00:55s.  Time for last 1,000,000:    4s.  Last read position: chr11:60,553,860
INFO	2021-11-12 21:32:23	SinglePassSamProgram	Processed    12,000,000 records.  Elapsed time: 00:01:00s.  Time for last 1,000,000:    5s.  Last read position: chr11:69,917,216
INFO	2021-11-12 21:32:29	SinglePassSamProgram	Processed    13,000,000 records.  Elapsed time: 00:01:07s.  Time for last 1,000,000:    6s.  Last read position: chr11:76,728,654
INFO	2021-11-12 21:32:36	SinglePassSamProgram	Processed    14,000,000 records.  Elapsed time: 00:01:13s.  Time for last 1,000,000:    6s.  Last read position: chr11:87,664,232
INFO	2021-11-12 21:32:41	SinglePassSamProgram	Processed    15,000,000 records.  Elapsed time: 00:01:19s.  Time for last 1,000,000:    5s.  Last read position: chr11:98,029,394
INFO	2021-11-12 21:32:46	SinglePassSamProgram	Processed    16,000,000 records.  Elapsed time: 00:01:24s.  Time for last 1,000,000:    5s.  Last read position: chr11:103,043,192
INFO	2021-11-12 21:32:51	SinglePassSamProgram	Processed    17,000,000 records.  Elapsed time: 00:01:28s.  Time for last 1,000,000:    4s.  Last read position: chr11:116,022,920
INFO	2021-11-12 21:32:55	SinglePassSamProgram	Processed    18,000,000 records.  Elapsed time: 00:01:33s.  Time for last 1,000,000:    4s.  Last read position: chr11:120,508,349
INFO	2021-11-12 21:33:00	SinglePassSamProgram	Processed    19,000,000 records.  Elapsed time: 00:01:38s.  Time for last 1,000,000:    4s.  Last read position: chr12:8,790,623
INFO	2021-11-12 21:33:04	SinglePassSamProgram	Processed    20,000,000 records.  Elapsed time: 00:01:42s.  Time for last 1,000,000:    4s.  Last read position: chr12:54,861,203
INFO	2021-11-12 21:33:09	SinglePassSamProgram	Processed    21,000,000 records.  Elapsed time: 00:01:47s.  Time for last 1,000,000:    4s.  Last read position: chr12:76,328,812
INFO	2021-11-12 21:33:13	SinglePassSamProgram	Processed    22,000,000 records.  Elapsed time: 00:01:51s.  Time for last 1,000,000:    3s.  Last read position: chr12:84,757,036
INFO	2021-11-12 21:33:17	SinglePassSamProgram	Processed    23,000,000 records.  Elapsed time: 00:01:54s.  Time for last 1,000,000:    3s.  Last read position: chr12:101,809,809
INFO	2021-11-12 21:33:22	SinglePassSamProgram	Processed    24,000,000 records.  Elapsed time: 00:02:00s.  Time for last 1,000,000:    5s.  Last read position: chr13:5,868,303
INFO	2021-11-12 21:33:27	SinglePassSamProgram	Processed    25,000,000 records.  Elapsed time: 00:02:04s.  Time for last 1,000,000:    4s.  Last read position: chr13:45,550,855
INFO	2021-11-12 21:33:32	SinglePassSamProgram	Processed    26,000,000 records.  Elapsed time: 00:02:10s.  Time for last 1,000,000:    5s.  Last read position: chr13:67,313,461
INFO	2021-11-12 21:33:36	SinglePassSamProgram	Processed    27,000,000 records.  Elapsed time: 00:02:14s.  Time for last 1,000,000:    3s.  Last read position: chr13:97,993,939
INFO	2021-11-12 21:33:41	SinglePassSamProgram	Processed    28,000,000 records.  Elapsed time: 00:02:19s.  Time for last 1,000,000:    4s.  Last read position: chr14:21,028,786
INFO	2021-11-12 21:33:46	SinglePassSamProgram	Processed    29,000,000 records.  Elapsed time: 00:02:23s.  Time for last 1,000,000:    4s.  Last read position: chr14:41,134,135
INFO	2021-11-12 21:33:50	SinglePassSamProgram	Processed    30,000,000 records.  Elapsed time: 00:02:28s.  Time for last 1,000,000:    4s.  Last read position: chr14:51,091,173
INFO	2021-11-12 21:33:54	SinglePassSamProgram	Processed    31,000,000 records.  Elapsed time: 00:02:32s.  Time for last 1,000,000:    4s.  Last read position: chr14:65,968,686
INFO	2021-11-12 21:33:57	SinglePassSamProgram	Processed    32,000,000 records.  Elapsed time: 00:02:35s.  Time for last 1,000,000:    2s.  Last read position: chr14:70,521,080
INFO	2021-11-12 21:34:00	SinglePassSamProgram	Processed    33,000,000 records.  Elapsed time: 00:02:38s.  Time for last 1,000,000:    2s.  Last read position: chr14:70,521,431
INFO	2021-11-12 21:34:03	SinglePassSamProgram	Processed    34,000,000 records.  Elapsed time: 00:02:40s.  Time for last 1,000,000:    2s.  Last read position: chr14:70,521,896
INFO	2021-11-12 21:34:06	SinglePassSamProgram	Processed    35,000,000 records.  Elapsed time: 00:02:43s.  Time for last 1,000,000:    3s.  Last read position: chr14:70,522,235
INFO	2021-11-12 21:34:09	SinglePassSamProgram	Processed    36,000,000 records.  Elapsed time: 00:02:47s.  Time for last 1,000,000:    3s.  Last read position: chr14:70,522,672
INFO	2021-11-12 21:34:12	SinglePassSamProgram	Processed    37,000,000 records.  Elapsed time: 00:02:50s.  Time for last 1,000,000:    3s.  Last read position: chr14:70,522,723
INFO	2021-11-12 21:34:16	SinglePassSamProgram	Processed    38,000,000 records.  Elapsed time: 00:02:53s.  Time for last 1,000,000:    3s.  Last read position: chr14:75,848,103
INFO	2021-11-12 21:34:21	SinglePassSamProgram	Processed    39,000,000 records.  Elapsed time: 00:02:59s.  Time for last 1,000,000:    5s.  Last read position: chr15:5,117,356
INFO	2021-11-12 21:34:27	SinglePassSamProgram	Processed    40,000,000 records.  Elapsed time: 00:03:04s.  Time for last 1,000,000:    5s.  Last read position: chr15:51,970,023
INFO	2021-11-12 21:34:32	SinglePassSamProgram	Processed    41,000,000 records.  Elapsed time: 00:03:09s.  Time for last 1,000,000:    5s.  Last read position: chr15:76,904,652
INFO	2021-11-12 21:34:37	SinglePassSamProgram	Processed    42,000,000 records.  Elapsed time: 00:03:14s.  Time for last 1,000,000:    4s.  Last read position: chr15:82,182,044
INFO	2021-11-12 21:34:43	SinglePassSamProgram	Processed    43,000,000 records.  Elapsed time: 00:03:21s.  Time for last 1,000,000:    6s.  Last read position: chr15:98,740,433
INFO	2021-11-12 21:34:49	SinglePassSamProgram	Processed    44,000,000 records.  Elapsed time: 00:03:26s.  Time for last 1,000,000:    5s.  Last read position: chr15:102,483,170
INFO	2021-11-12 21:34:54	SinglePassSamProgram	Processed    45,000,000 records.  Elapsed time: 00:03:31s.  Time for last 1,000,000:    4s.  Last read position: chr16:17,089,619
INFO	2021-11-12 21:34:59	SinglePassSamProgram	Processed    46,000,000 records.  Elapsed time: 00:03:37s.  Time for last 1,000,000:    5s.  Last read position: chr16:30,312,751
INFO	2021-11-12 21:35:05	SinglePassSamProgram	Processed    47,000,000 records.  Elapsed time: 00:03:42s.  Time for last 1,000,000:    5s.  Last read position: chr16:55,966,404
INFO	2021-11-12 21:35:13	SinglePassSamProgram	Processed    48,000,000 records.  Elapsed time: 00:03:51s.  Time for last 1,000,000:    8s.  Last read position: chr16:90,927,454
INFO	2021-11-12 21:35:18	SinglePassSamProgram	Processed    49,000,000 records.  Elapsed time: 00:03:55s.  Time for last 1,000,000:    4s.  Last read position: chr17:12,969,572
INFO	2021-11-12 21:35:25	SinglePassSamProgram	Processed    50,000,000 records.  Elapsed time: 00:04:02s.  Time for last 1,000,000:    6s.  Last read position: chr17:24,885,586
INFO	2021-11-12 21:35:30	SinglePassSamProgram	Processed    51,000,000 records.  Elapsed time: 00:04:07s.  Time for last 1,000,000:    5s.  Last read position: chr17:30,005,207
INFO	2021-11-12 21:35:36	SinglePassSamProgram	Processed    52,000,000 records.  Elapsed time: 00:04:13s.  Time for last 1,000,000:    5s.  Last read position: chr17:34,599,085
INFO	2021-11-12 21:35:44	SinglePassSamProgram	Processed    53,000,000 records.  Elapsed time: 00:04:22s.  Time for last 1,000,000:    8s.  Last read position: chr17:40,958,402
INFO	2021-11-12 21:35:50	SinglePassSamProgram	Processed    54,000,000 records.  Elapsed time: 00:04:28s.  Time for last 1,000,000:    5s.  Last read position: chr17:48,392,456
INFO	2021-11-12 21:35:54	SinglePassSamProgram	Processed    55,000,000 records.  Elapsed time: 00:04:32s.  Time for last 1,000,000:    4s.  Last read position: chr17:71,247,084
INFO	2021-11-12 21:36:00	SinglePassSamProgram	Processed    56,000,000 records.  Elapsed time: 00:04:38s.  Time for last 1,000,000:    5s.  Last read position: chr18:12,191,811
INFO	2021-11-12 21:36:06	SinglePassSamProgram	Processed    57,000,000 records.  Elapsed time: 00:04:44s.  Time for last 1,000,000:    6s.  Last read position: chr18:37,841,323
INFO	2021-11-12 21:36:10	SinglePassSamProgram	Processed    58,000,000 records.  Elapsed time: 00:04:48s.  Time for last 1,000,000:    4s.  Last read position: chr18:60,811,906
INFO	2021-11-12 21:36:15	SinglePassSamProgram	Processed    59,000,000 records.  Elapsed time: 00:04:52s.  Time for last 1,000,000:    4s.  Last read position: chr19:3,455,122
INFO	2021-11-12 21:36:19	SinglePassSamProgram	Processed    60,000,000 records.  Elapsed time: 00:04:57s.  Time for last 1,000,000:    4s.  Last read position: chr19:5,853,010
INFO	2021-11-12 21:36:25	SinglePassSamProgram	Processed    61,000,000 records.  Elapsed time: 00:05:02s.  Time for last 1,000,000:    5s.  Last read position: chr19:9,982,744
INFO	2021-11-12 21:36:30	SinglePassSamProgram	Processed    62,000,000 records.  Elapsed time: 00:05:08s.  Time for last 1,000,000:    5s.  Last read position: chr19:32,123,122
INFO	2021-11-12 21:36:34	SinglePassSamProgram	Processed    63,000,000 records.  Elapsed time: 00:05:12s.  Time for last 1,000,000:    4s.  Last read position: chr19:45,451,049
INFO	2021-11-12 21:36:39	SinglePassSamProgram	Processed    64,000,000 records.  Elapsed time: 00:05:17s.  Time for last 1,000,000:    5s.  Last read position: chr1:23,369,377
INFO	2021-11-12 21:36:41	SinglePassSamProgram	Processed    65,000,000 records.  Elapsed time: 00:05:19s.  Time for last 1,000,000:    1s.  Last read position: chr1:24,615,392
INFO	2021-11-12 21:36:47	SinglePassSamProgram	Processed    66,000,000 records.  Elapsed time: 00:05:24s.  Time for last 1,000,000:    5s.  Last read position: chr1:55,000,257
INFO	2021-11-12 21:36:53	SinglePassSamProgram	Processed    67,000,000 records.  Elapsed time: 00:05:30s.  Time for last 1,000,000:    5s.  Last read position: chr1:75,315,685
INFO	2021-11-12 21:36:59	SinglePassSamProgram	Processed    68,000,000 records.  Elapsed time: 00:05:36s.  Time for last 1,000,000:    6s.  Last read position: chr1:91,135,080
INFO	2021-11-12 21:37:04	SinglePassSamProgram	Processed    69,000,000 records.  Elapsed time: 00:05:41s.  Time for last 1,000,000:    5s.  Last read position: chr1:133,621,780
INFO	2021-11-12 21:37:08	SinglePassSamProgram	Processed    70,000,000 records.  Elapsed time: 00:05:46s.  Time for last 1,000,000:    4s.  Last read position: chr1:152,771,478
INFO	2021-11-12 21:37:12	SinglePassSamProgram	Processed    71,000,000 records.  Elapsed time: 00:05:50s.  Time for last 1,000,000:    4s.  Last read position: chr1:166,397,852
INFO	2021-11-12 21:37:16	SinglePassSamProgram	Processed    72,000,000 records.  Elapsed time: 00:05:54s.  Time for last 1,000,000:    3s.  Last read position: chr1:186,630,725
INFO	2021-11-12 21:37:22	SinglePassSamProgram	Processed    73,000,000 records.  Elapsed time: 00:06:00s.  Time for last 1,000,000:    6s.  Last read position: chr2:25,285,111
INFO	2021-11-12 21:37:30	SinglePassSamProgram	Processed    74,000,000 records.  Elapsed time: 00:06:08s.  Time for last 1,000,000:    8s.  Last read position: chr2:32,385,463
INFO	2021-11-12 21:37:36	SinglePassSamProgram	Processed    75,000,000 records.  Elapsed time: 00:06:14s.  Time for last 1,000,000:    6s.  Last read position: chr2:36,255,301
INFO	2021-11-12 21:37:42	SinglePassSamProgram	Processed    76,000,000 records.  Elapsed time: 00:06:20s.  Time for last 1,000,000:    5s.  Last read position: chr2:75,661,747
INFO	2021-11-12 21:37:48	SinglePassSamProgram	Processed    77,000,000 records.  Elapsed time: 00:06:26s.  Time for last 1,000,000:    6s.  Last read position: chr2:103,722,779
INFO	2021-11-12 21:37:54	SinglePassSamProgram	Processed    78,000,000 records.  Elapsed time: 00:06:32s.  Time for last 1,000,000:    5s.  Last read position: chr2:126,904,928
INFO	2021-11-12 21:37:59	SinglePassSamProgram	Processed    79,000,000 records.  Elapsed time: 00:06:37s.  Time for last 1,000,000:    5s.  Last read position: chr2:151,459,544
INFO	2021-11-12 21:38:05	SinglePassSamProgram	Processed    80,000,000 records.  Elapsed time: 00:06:43s.  Time for last 1,000,000:    5s.  Last read position: chr2:160,990,361
INFO	2021-11-12 21:38:11	SinglePassSamProgram	Processed    81,000,000 records.  Elapsed time: 00:06:48s.  Time for last 1,000,000:    5s.  Last read position: chr2:174,334,269
INFO	2021-11-12 21:38:18	SinglePassSamProgram	Processed    82,000,000 records.  Elapsed time: 00:06:56s.  Time for last 1,000,000:    7s.  Last read position: chr3:29,993,638
INFO	2021-11-12 21:38:24	SinglePassSamProgram	Processed    83,000,000 records.  Elapsed time: 00:07:01s.  Time for last 1,000,000:    5s.  Last read position: chr3:79,597,788
INFO	2021-11-12 21:38:30	SinglePassSamProgram	Processed    84,000,000 records.  Elapsed time: 00:07:08s.  Time for last 1,000,000:    6s.  Last read position: chr3:90,209,315
INFO	2021-11-12 21:38:35	SinglePassSamProgram	Processed    85,000,000 records.  Elapsed time: 00:07:12s.  Time for last 1,000,000:    4s.  Last read position: chr3:100,567,673
INFO	2021-11-12 21:38:40	SinglePassSamProgram	Processed    86,000,000 records.  Elapsed time: 00:07:18s.  Time for last 1,000,000:    5s.  Last read position: chr3:116,905,622
INFO	2021-11-12 21:38:46	SinglePassSamProgram	Processed    87,000,000 records.  Elapsed time: 00:07:23s.  Time for last 1,000,000:    5s.  Last read position: chr3:144,202,815
INFO	2021-11-12 21:38:50	SinglePassSamProgram	Processed    88,000,000 records.  Elapsed time: 00:07:28s.  Time for last 1,000,000:    4s.  Last read position: chr4:19,627,746
INFO	2021-11-12 21:38:55	SinglePassSamProgram	Processed    89,000,000 records.  Elapsed time: 00:07:33s.  Time for last 1,000,000:    5s.  Last read position: chr4:53,561,129
INFO	2021-11-12 21:38:59	SinglePassSamProgram	Processed    90,000,000 records.  Elapsed time: 00:07:37s.  Time for last 1,000,000:    4s.  Last read position: chr4:95,051,781
INFO	2021-11-12 21:39:04	SinglePassSamProgram	Processed    91,000,000 records.  Elapsed time: 00:07:42s.  Time for last 1,000,000:    4s.  Last read position: chr4:117,155,072
INFO	2021-11-12 21:39:10	SinglePassSamProgram	Processed    92,000,000 records.  Elapsed time: 00:07:48s.  Time for last 1,000,000:    5s.  Last read position: chr4:126,841,120
INFO	2021-11-12 21:39:15	SinglePassSamProgram	Processed    93,000,000 records.  Elapsed time: 00:07:52s.  Time for last 1,000,000:    4s.  Last read position: chr4:135,871,991
INFO	2021-11-12 21:39:23	SinglePassSamProgram	Processed    94,000,000 records.  Elapsed time: 00:08:00s.  Time for last 1,000,000:    7s.  Last read position: chr4:146,240,769
INFO	2021-11-12 21:39:28	SinglePassSamProgram	Processed    95,000,000 records.  Elapsed time: 00:08:06s.  Time for last 1,000,000:    5s.  Last read position: chr4:156,165,664
INFO	2021-11-12 21:39:34	SinglePassSamProgram	Processed    96,000,000 records.  Elapsed time: 00:08:12s.  Time for last 1,000,000:    5s.  Last read position: chr5:25,258,929
INFO	2021-11-12 21:39:39	SinglePassSamProgram	Processed    97,000,000 records.  Elapsed time: 00:08:17s.  Time for last 1,000,000:    5s.  Last read position: chr5:52,754,642
INFO	2021-11-12 21:39:44	SinglePassSamProgram	Processed    98,000,000 records.  Elapsed time: 00:08:22s.  Time for last 1,000,000:    4s.  Last read position: chr5:63,899,328
INFO	2021-11-12 21:39:50	SinglePassSamProgram	Processed    99,000,000 records.  Elapsed time: 00:08:28s.  Time for last 1,000,000:    5s.  Last read position: chr5:88,739,635
INFO	2021-11-12 21:39:54	SinglePassSamProgram	Processed   100,000,000 records.  Elapsed time: 00:08:32s.  Time for last 1,000,000:    4s.  Last read position: chr5:101,814,473
INFO	2021-11-12 21:39:59	SinglePassSamProgram	Processed   101,000,000 records.  Elapsed time: 00:08:37s.  Time for last 1,000,000:    4s.  Last read position: chr5:115,561,390
INFO	2021-11-12 21:40:05	SinglePassSamProgram	Processed   102,000,000 records.  Elapsed time: 00:08:42s.  Time for last 1,000,000:    5s.  Last read position: chr5:124,550,131
INFO	2021-11-12 21:40:11	SinglePassSamProgram	Processed   103,000,000 records.  Elapsed time: 00:08:48s.  Time for last 1,000,000:    5s.  Last read position: chr5:137,531,510
INFO	2021-11-12 21:40:15	SinglePassSamProgram	Processed   104,000,000 records.  Elapsed time: 00:08:52s.  Time for last 1,000,000:    4s.  Last read position: chr5:145,132,887
INFO	2021-11-12 21:40:19	SinglePassSamProgram	Processed   105,000,000 records.  Elapsed time: 00:08:56s.  Time for last 1,000,000:    3s.  Last read position: chr6:18,847,617
INFO	2021-11-12 21:40:24	SinglePassSamProgram	Processed   106,000,000 records.  Elapsed time: 00:09:01s.  Time for last 1,000,000:    5s.  Last read position: chr6:50,296,983
INFO	2021-11-12 21:40:28	SinglePassSamProgram	Processed   107,000,000 records.  Elapsed time: 00:09:05s.  Time for last 1,000,000:    4s.  Last read position: chr6:72,305,665
INFO	2021-11-12 21:40:33	SinglePassSamProgram	Processed   108,000,000 records.  Elapsed time: 00:09:10s.  Time for last 1,000,000:    5s.  Last read position: chr6:72,433,481
INFO	2021-11-12 21:40:37	SinglePassSamProgram	Processed   109,000,000 records.  Elapsed time: 00:09:15s.  Time for last 1,000,000:    4s.  Last read position: chr6:91,481,972
INFO	2021-11-12 21:40:44	SinglePassSamProgram	Processed   110,000,000 records.  Elapsed time: 00:09:21s.  Time for last 1,000,000:    6s.  Last read position: chr6:122,317,032
INFO	2021-11-12 21:40:48	SinglePassSamProgram	Processed   111,000,000 records.  Elapsed time: 00:09:25s.  Time for last 1,000,000:    3s.  Last read position: chr6:135,079,376
INFO	2021-11-12 21:40:52	SinglePassSamProgram	Processed   112,000,000 records.  Elapsed time: 00:09:29s.  Time for last 1,000,000:    4s.  Last read position: chr7:7,294,848
INFO	2021-11-12 21:40:56	SinglePassSamProgram	Processed   113,000,000 records.  Elapsed time: 00:09:33s.  Time for last 1,000,000:    3s.  Last read position: chr7:24,104,574
INFO	2021-11-12 21:41:00	SinglePassSamProgram	Processed   114,000,000 records.  Elapsed time: 00:09:38s.  Time for last 1,000,000:    4s.  Last read position: chr7:29,258,575
INFO	2021-11-12 21:41:06	SinglePassSamProgram	Processed   115,000,000 records.  Elapsed time: 00:09:44s.  Time for last 1,000,000:    5s.  Last read position: chr7:45,029,057
INFO	2021-11-12 21:41:10	SinglePassSamProgram	Processed   116,000,000 records.  Elapsed time: 00:09:48s.  Time for last 1,000,000:    4s.  Last read position: chr7:49,565,244
INFO	2021-11-12 21:41:16	SinglePassSamProgram	Processed   117,000,000 records.  Elapsed time: 00:09:53s.  Time for last 1,000,000:    5s.  Last read position: chr7:81,883,428
INFO	2021-11-12 21:41:21	SinglePassSamProgram	Processed   118,000,000 records.  Elapsed time: 00:09:59s.  Time for last 1,000,000:    5s.  Last read position: chr7:105,613,049
INFO	2021-11-12 21:41:26	SinglePassSamProgram	Processed   119,000,000 records.  Elapsed time: 00:10:04s.  Time for last 1,000,000:    5s.  Last read position: chr7:118,699,225
INFO	2021-11-12 21:41:31	SinglePassSamProgram	Processed   120,000,000 records.  Elapsed time: 00:10:08s.  Time for last 1,000,000:    4s.  Last read position: chr7:128,740,291
INFO	2021-11-12 21:41:36	SinglePassSamProgram	Processed   121,000,000 records.  Elapsed time: 00:10:13s.  Time for last 1,000,000:    4s.  Last read position: chr7:144,504,923
INFO	2021-11-12 21:41:43	SinglePassSamProgram	Processed   122,000,000 records.  Elapsed time: 00:10:21s.  Time for last 1,000,000:    7s.  Last read position: chr8:12,615,233
INFO	2021-11-12 21:41:50	SinglePassSamProgram	Processed   123,000,000 records.  Elapsed time: 00:10:27s.  Time for last 1,000,000:    6s.  Last read position: chr8:33,697,697
INFO	2021-11-12 21:41:54	SinglePassSamProgram	Processed   124,000,000 records.  Elapsed time: 00:10:32s.  Time for last 1,000,000:    4s.  Last read position: chr8:70,534,900
INFO	2021-11-12 21:41:59	SinglePassSamProgram	Processed   125,000,000 records.  Elapsed time: 00:10:36s.  Time for last 1,000,000:    4s.  Last read position: chr8:84,842,480
INFO	2021-11-12 21:42:04	SinglePassSamProgram	Processed   126,000,000 records.  Elapsed time: 00:10:41s.  Time for last 1,000,000:    5s.  Last read position: chr8:95,864,845
INFO	2021-11-12 21:42:08	SinglePassSamProgram	Processed   127,000,000 records.  Elapsed time: 00:10:46s.  Time for last 1,000,000:    4s.  Last read position: chr8:119,546,032
INFO	2021-11-12 21:42:13	SinglePassSamProgram	Processed   128,000,000 records.  Elapsed time: 00:10:51s.  Time for last 1,000,000:    4s.  Last read position: chr9:7,793,688
INFO	2021-11-12 21:42:18	SinglePassSamProgram	Processed   129,000,000 records.  Elapsed time: 00:10:56s.  Time for last 1,000,000:    5s.  Last read position: chr9:31,150,379
INFO	2021-11-12 21:42:24	SinglePassSamProgram	Processed   130,000,000 records.  Elapsed time: 00:11:01s.  Time for last 1,000,000:    5s.  Last read position: chr9:47,853,047
INFO	2021-11-12 21:42:28	SinglePassSamProgram	Processed   131,000,000 records.  Elapsed time: 00:11:06s.  Time for last 1,000,000:    4s.  Last read position: chr9:64,175,700
INFO	2021-11-12 21:42:35	SinglePassSamProgram	Processed   132,000,000 records.  Elapsed time: 00:11:12s.  Time for last 1,000,000:    6s.  Last read position: chr9:72,749,657
INFO	2021-11-12 21:42:39	SinglePassSamProgram	Processed   133,000,000 records.  Elapsed time: 00:11:16s.  Time for last 1,000,000:    3s.  Last read position: chr9:79,793,078
INFO	2021-11-12 21:42:43	SinglePassSamProgram	Processed   134,000,000 records.  Elapsed time: 00:11:21s.  Time for last 1,000,000:    4s.  Last read position: chr9:99,692,165
INFO	2021-11-12 21:42:48	SinglePassSamProgram	Processed   135,000,000 records.  Elapsed time: 00:11:26s.  Time for last 1,000,000:    5s.  Last read position: chr9:108,208,465
INFO	2021-11-12 21:42:55	SinglePassSamProgram	Processed   136,000,000 records.  Elapsed time: 00:11:32s.  Time for last 1,000,000:    6s.  Last read position: chr9:119,042,237
INFO	2021-11-12 21:42:59	SinglePassSamProgram	Processed   137,000,000 records.  Elapsed time: 00:11:36s.  Time for last 1,000,000:    3s.  Last read position: chrM:3,012
INFO	2021-11-12 21:43:00	SinglePassSamProgram	Processed   138,000,000 records.  Elapsed time: 00:11:38s.  Time for last 1,000,000:    1s.  Last read position: chrM:5,793
INFO	2021-11-12 21:43:01	SinglePassSamProgram	Processed   139,000,000 records.  Elapsed time: 00:11:39s.  Time for last 1,000,000:    1s.  Last read position: chrM:7,143
INFO	2021-11-12 21:43:03	SinglePassSamProgram	Processed   140,000,000 records.  Elapsed time: 00:11:40s.  Time for last 1,000,000:    1s.  Last read position: chrM:11,056
INFO	2021-11-12 21:43:04	SinglePassSamProgram	Processed   141,000,000 records.  Elapsed time: 00:11:42s.  Time for last 1,000,000:    1s.  Last read position: chrM:14,756
INFO	2021-11-12 21:43:09	SinglePassSamProgram	Processed   142,000,000 records.  Elapsed time: 00:11:46s.  Time for last 1,000,000:    4s.  Last read position: chrX:37,082,736
INFO	2021-11-12 21:43:14	SinglePassSamProgram	Processed   143,000,000 records.  Elapsed time: 00:11:52s.  Time for last 1,000,000:    5s.  Last read position: chrX:75,110,323
INFO	2021-11-12 21:43:19	SinglePassSamProgram	Processed   144,000,000 records.  Elapsed time: 00:11:56s.  Time for last 1,000,000:    4s.  Last read position: chrX:114,981,242
INFO	2021-11-12 21:43:25	SinglePassSamProgram	Processed   145,000,000 records.  Elapsed time: 00:12:02s.  Time for last 1,000,000:    6s.  Last read position: chrX:166,523,104
[Fri Nov 12 21:43:26 EST 2021] picard.analysis.CollectRnaSeqMetrics done. Elapsed time: 12.08 minutes.
Runtime.totalMemory()=1069547520
INFO	2021-11-12 21:50:49	CollectInsertSizeMetrics	

********** NOTE: Picard's command line syntax is changing.
**********
********** For more information, please see:
********** https://github.com/broadinstitute/picard/wiki/Command-Line-Syntax-Transition-For-Users-(Pre-Transition)
**********
********** The command line looks like this in the new syntax:
**********
**********    CollectInsertSizeMetrics -VALIDATION_STRINGENCY LENIENT -HISTOGRAM_FILE DF_927_1_GFP_tdt_InsertSizeHist.pdf -INPUT DF_927_1_GFP_tdt_accepted_hits.sorted.bam -OUTPUT DF_927_1_GFP_tdt_InsertSizeMetrics
**********


21:50:49.510 INFO  NativeLibraryLoader - Loading libgkl_compression.so from jar:file:/opt/software/picard-2.22.0/picard.jar!/com/intel/gkl/native/libgkl_compression.so
[Fri Nov 12 21:50:49 EST 2021] CollectInsertSizeMetrics HISTOGRAM_FILE=DF_927_1_GFP_tdt_InsertSizeHist.pdf INPUT=DF_927_1_GFP_tdt_accepted_hits.sorted.bam OUTPUT=DF_927_1_GFP_tdt_InsertSizeMetrics VALIDATION_STRINGENCY=LENIENT    DEVIATIONS=10.0 MINIMUM_PCT=0.05 METRIC_ACCUMULATION_LEVEL=[ALL_READS] INCLUDE_DUPLICATES=false ASSUME_SORTED=true STOP_AFTER=0 VERBOSITY=INFO QUIET=false COMPRESSION_LEVEL=5 MAX_RECORDS_IN_RAM=500000 CREATE_INDEX=false CREATE_MD5_FILE=false GA4GH_CLIENT_SECRETS=client_secrets.json USE_JDK_DEFLATER=false USE_JDK_INFLATER=false
[Fri Nov 12 21:50:49 EST 2021] Executing as hwen@bhimes on Linux 5.4.0-90-generic amd64; OpenJDK 64-Bit Server VM 1.8.0_292-8u292-b10-0ubuntu1~20.04-b10; Deflater: Intel; Inflater: Intel; Provider GCS is not available; Picard version: 2.22.0-SNAPSHOT
INFO	2021-11-12 21:50:51	SinglePassSamProgram	Processed     1,000,000 records.  Elapsed time: 00:00:01s.  Time for last 1,000,000:    1s.  Last read position: chr10:42,182,885
INFO	2021-11-12 21:50:52	SinglePassSamProgram	Processed     2,000,000 records.  Elapsed time: 00:00:02s.  Time for last 1,000,000:    1s.  Last read position: chr10:68,005,684
INFO	2021-11-12 21:50:53	SinglePassSamProgram	Processed     3,000,000 records.  Elapsed time: 00:00:03s.  Time for last 1,000,000:    1s.  Last read position: chr10:79,993,288
INFO	2021-11-12 21:50:54	SinglePassSamProgram	Processed     4,000,000 records.  Elapsed time: 00:00:04s.  Time for last 1,000,000:    1s.  Last read position: chr10:81,181,237
INFO	2021-11-12 21:50:55	SinglePassSamProgram	Processed     5,000,000 records.  Elapsed time: 00:00:05s.  Time for last 1,000,000:    1s.  Last read position: chr10:91,118,250
INFO	2021-11-12 21:50:56	SinglePassSamProgram	Processed     6,000,000 records.  Elapsed time: 00:00:06s.  Time for last 1,000,000:    1s.  Last read position: chr10:117,288,616
INFO	2021-11-12 21:50:57	SinglePassSamProgram	Processed     7,000,000 records.  Elapsed time: 00:00:08s.  Time for last 1,000,000:    1s.  Last read position: chr10:128,492,282
INFO	2021-11-12 21:50:58	SinglePassSamProgram	Processed     8,000,000 records.  Elapsed time: 00:00:09s.  Time for last 1,000,000:    1s.  Last read position: chr11:6,339,129
INFO	2021-11-12 21:50:59	SinglePassSamProgram	Processed     9,000,000 records.  Elapsed time: 00:00:10s.  Time for last 1,000,000:    1s.  Last read position: chr11:35,777,585
INFO	2021-11-12 21:51:00	SinglePassSamProgram	Processed    10,000,000 records.  Elapsed time: 00:00:11s.  Time for last 1,000,000:    1s.  Last read position: chr11:53,548,944
INFO	2021-11-12 21:51:02	SinglePassSamProgram	Processed    11,000,000 records.  Elapsed time: 00:00:12s.  Time for last 1,000,000:    1s.  Last read position: chr11:60,553,860
INFO	2021-11-12 21:51:03	SinglePassSamProgram	Processed    12,000,000 records.  Elapsed time: 00:00:13s.  Time for last 1,000,000:    1s.  Last read position: chr11:69,917,216
INFO	2021-11-12 21:51:04	SinglePassSamProgram	Processed    13,000,000 records.  Elapsed time: 00:00:14s.  Time for last 1,000,000:    1s.  Last read position: chr11:76,728,654
INFO	2021-11-12 21:51:05	SinglePassSamProgram	Processed    14,000,000 records.  Elapsed time: 00:00:15s.  Time for last 1,000,000:    1s.  Last read position: chr11:87,664,232
INFO	2021-11-12 21:51:06	SinglePassSamProgram	Processed    15,000,000 records.  Elapsed time: 00:00:16s.  Time for last 1,000,000:    1s.  Last read position: chr11:98,029,394
INFO	2021-11-12 21:51:07	SinglePassSamProgram	Processed    16,000,000 records.  Elapsed time: 00:00:18s.  Time for last 1,000,000:    1s.  Last read position: chr11:103,043,192
INFO	2021-11-12 21:51:08	SinglePassSamProgram	Processed    17,000,000 records.  Elapsed time: 00:00:19s.  Time for last 1,000,000:    1s.  Last read position: chr11:116,022,920
INFO	2021-11-12 21:51:09	SinglePassSamProgram	Processed    18,000,000 records.  Elapsed time: 00:00:20s.  Time for last 1,000,000:    1s.  Last read position: chr11:120,508,349
INFO	2021-11-12 21:51:10	SinglePassSamProgram	Processed    19,000,000 records.  Elapsed time: 00:00:21s.  Time for last 1,000,000:    1s.  Last read position: chr12:8,790,623
INFO	2021-11-12 21:51:11	SinglePassSamProgram	Processed    20,000,000 records.  Elapsed time: 00:00:22s.  Time for last 1,000,000:    1s.  Last read position: chr12:54,861,203
INFO	2021-11-12 21:51:13	SinglePassSamProgram	Processed    21,000,000 records.  Elapsed time: 00:00:23s.  Time for last 1,000,000:    1s.  Last read position: chr12:76,328,812
INFO	2021-11-12 21:51:14	SinglePassSamProgram	Processed    22,000,000 records.  Elapsed time: 00:00:24s.  Time for last 1,000,000:    1s.  Last read position: chr12:84,757,036
INFO	2021-11-12 21:51:15	SinglePassSamProgram	Processed    23,000,000 records.  Elapsed time: 00:00:25s.  Time for last 1,000,000:    1s.  Last read position: chr12:101,809,809
INFO	2021-11-12 21:51:16	SinglePassSamProgram	Processed    24,000,000 records.  Elapsed time: 00:00:26s.  Time for last 1,000,000:    1s.  Last read position: chr13:5,868,303
INFO	2021-11-12 21:51:17	SinglePassSamProgram	Processed    25,000,000 records.  Elapsed time: 00:00:27s.  Time for last 1,000,000:    1s.  Last read position: chr13:45,550,855
INFO	2021-11-12 21:51:18	SinglePassSamProgram	Processed    26,000,000 records.  Elapsed time: 00:00:28s.  Time for last 1,000,000:    1s.  Last read position: chr13:67,313,461
INFO	2021-11-12 21:51:19	SinglePassSamProgram	Processed    27,000,000 records.  Elapsed time: 00:00:30s.  Time for last 1,000,000:    1s.  Last read position: chr13:97,993,939
INFO	2021-11-12 21:51:20	SinglePassSamProgram	Processed    28,000,000 records.  Elapsed time: 00:00:31s.  Time for last 1,000,000:    1s.  Last read position: chr14:21,028,786
INFO	2021-11-12 21:51:21	SinglePassSamProgram	Processed    29,000,000 records.  Elapsed time: 00:00:32s.  Time for last 1,000,000:    1s.  Last read position: chr14:41,134,135
INFO	2021-11-12 21:51:22	SinglePassSamProgram	Processed    30,000,000 records.  Elapsed time: 00:00:33s.  Time for last 1,000,000:    1s.  Last read position: chr14:51,091,173
INFO	2021-11-12 21:51:24	SinglePassSamProgram	Processed    31,000,000 records.  Elapsed time: 00:00:34s.  Time for last 1,000,000:    1s.  Last read position: chr14:65,968,686
INFO	2021-11-12 21:51:25	SinglePassSamProgram	Processed    32,000,000 records.  Elapsed time: 00:00:35s.  Time for last 1,000,000:    1s.  Last read position: chr14:70,521,080
INFO	2021-11-12 21:51:26	SinglePassSamProgram	Processed    33,000,000 records.  Elapsed time: 00:00:36s.  Time for last 1,000,000:    1s.  Last read position: chr14:70,521,431
INFO	2021-11-12 21:51:27	SinglePassSamProgram	Processed    34,000,000 records.  Elapsed time: 00:00:37s.  Time for last 1,000,000:    1s.  Last read position: chr14:70,521,896
INFO	2021-11-12 21:51:28	SinglePassSamProgram	Processed    35,000,000 records.  Elapsed time: 00:00:38s.  Time for last 1,000,000:    1s.  Last read position: chr14:70,522,235
INFO	2021-11-12 21:51:29	SinglePassSamProgram	Processed    36,000,000 records.  Elapsed time: 00:00:39s.  Time for last 1,000,000:    1s.  Last read position: chr14:70,522,672
INFO	2021-11-12 21:51:30	SinglePassSamProgram	Processed    37,000,000 records.  Elapsed time: 00:00:40s.  Time for last 1,000,000:    1s.  Last read position: chr14:70,522,723
INFO	2021-11-12 21:51:31	SinglePassSamProgram	Processed    38,000,000 records.  Elapsed time: 00:00:41s.  Time for last 1,000,000:    1s.  Last read position: chr14:75,848,103
INFO	2021-11-12 21:51:32	SinglePassSamProgram	Processed    39,000,000 records.  Elapsed time: 00:00:43s.  Time for last 1,000,000:    1s.  Last read position: chr15:5,117,356
INFO	2021-11-12 21:51:33	SinglePassSamProgram	Processed    40,000,000 records.  Elapsed time: 00:00:44s.  Time for last 1,000,000:    1s.  Last read position: chr15:51,970,023
INFO	2021-11-12 21:51:34	SinglePassSamProgram	Processed    41,000,000 records.  Elapsed time: 00:00:45s.  Time for last 1,000,000:    1s.  Last read position: chr15:76,904,652
INFO	2021-11-12 21:51:35	SinglePassSamProgram	Processed    42,000,000 records.  Elapsed time: 00:00:46s.  Time for last 1,000,000:    1s.  Last read position: chr15:82,182,044
INFO	2021-11-12 21:51:37	SinglePassSamProgram	Processed    43,000,000 records.  Elapsed time: 00:00:47s.  Time for last 1,000,000:    1s.  Last read position: chr15:98,740,433
INFO	2021-11-12 21:51:38	SinglePassSamProgram	Processed    44,000,000 records.  Elapsed time: 00:00:48s.  Time for last 1,000,000:    1s.  Last read position: chr15:102,483,170
INFO	2021-11-12 21:51:39	SinglePassSamProgram	Processed    45,000,000 records.  Elapsed time: 00:00:49s.  Time for last 1,000,000:    1s.  Last read position: chr16:17,089,619
INFO	2021-11-12 21:51:40	SinglePassSamProgram	Processed    46,000,000 records.  Elapsed time: 00:00:50s.  Time for last 1,000,000:    1s.  Last read position: chr16:30,312,751
INFO	2021-11-12 21:51:41	SinglePassSamProgram	Processed    47,000,000 records.  Elapsed time: 00:00:51s.  Time for last 1,000,000:    1s.  Last read position: chr16:55,966,404
INFO	2021-11-12 21:51:42	SinglePassSamProgram	Processed    48,000,000 records.  Elapsed time: 00:00:53s.  Time for last 1,000,000:    1s.  Last read position: chr16:90,927,454
INFO	2021-11-12 21:51:43	SinglePassSamProgram	Processed    49,000,000 records.  Elapsed time: 00:00:54s.  Time for last 1,000,000:    1s.  Last read position: chr17:12,969,572
INFO	2021-11-12 21:51:44	SinglePassSamProgram	Processed    50,000,000 records.  Elapsed time: 00:00:55s.  Time for last 1,000,000:    1s.  Last read position: chr17:24,885,586
INFO	2021-11-12 21:51:45	SinglePassSamProgram	Processed    51,000,000 records.  Elapsed time: 00:00:56s.  Time for last 1,000,000:    1s.  Last read position: chr17:30,005,207
INFO	2021-11-12 21:51:47	SinglePassSamProgram	Processed    52,000,000 records.  Elapsed time: 00:00:57s.  Time for last 1,000,000:    1s.  Last read position: chr17:34,599,085
INFO	2021-11-12 21:51:48	SinglePassSamProgram	Processed    53,000,000 records.  Elapsed time: 00:00:58s.  Time for last 1,000,000:    1s.  Last read position: chr17:40,958,402
INFO	2021-11-12 21:51:49	SinglePassSamProgram	Processed    54,000,000 records.  Elapsed time: 00:00:59s.  Time for last 1,000,000:    1s.  Last read position: chr17:48,392,456
INFO	2021-11-12 21:51:50	SinglePassSamProgram	Processed    55,000,000 records.  Elapsed time: 00:01:00s.  Time for last 1,000,000:    1s.  Last read position: chr17:71,247,084
INFO	2021-11-12 21:51:51	SinglePassSamProgram	Processed    56,000,000 records.  Elapsed time: 00:01:01s.  Time for last 1,000,000:    1s.  Last read position: chr18:12,191,811
INFO	2021-11-12 21:51:52	SinglePassSamProgram	Processed    57,000,000 records.  Elapsed time: 00:01:03s.  Time for last 1,000,000:    1s.  Last read position: chr18:37,841,323
INFO	2021-11-12 21:51:53	SinglePassSamProgram	Processed    58,000,000 records.  Elapsed time: 00:01:04s.  Time for last 1,000,000:    1s.  Last read position: chr18:60,811,906
INFO	2021-11-12 21:51:54	SinglePassSamProgram	Processed    59,000,000 records.  Elapsed time: 00:01:05s.  Time for last 1,000,000:    1s.  Last read position: chr19:3,455,122
INFO	2021-11-12 21:51:55	SinglePassSamProgram	Processed    60,000,000 records.  Elapsed time: 00:01:06s.  Time for last 1,000,000:    1s.  Last read position: chr19:5,853,010
INFO	2021-11-12 21:51:56	SinglePassSamProgram	Processed    61,000,000 records.  Elapsed time: 00:01:07s.  Time for last 1,000,000:    1s.  Last read position: chr19:9,982,744
INFO	2021-11-12 21:51:58	SinglePassSamProgram	Processed    62,000,000 records.  Elapsed time: 00:01:08s.  Time for last 1,000,000:    1s.  Last read position: chr19:32,123,122
INFO	2021-11-12 21:51:59	SinglePassSamProgram	Processed    63,000,000 records.  Elapsed time: 00:01:09s.  Time for last 1,000,000:    1s.  Last read position: chr19:45,451,049
INFO	2021-11-12 21:52:00	SinglePassSamProgram	Processed    64,000,000 records.  Elapsed time: 00:01:10s.  Time for last 1,000,000:    1s.  Last read position: chr1:23,369,377
INFO	2021-11-12 21:52:01	SinglePassSamProgram	Processed    65,000,000 records.  Elapsed time: 00:01:11s.  Time for last 1,000,000:    1s.  Last read position: chr1:24,615,392
INFO	2021-11-12 21:52:02	SinglePassSamProgram	Processed    66,000,000 records.  Elapsed time: 00:01:12s.  Time for last 1,000,000:    1s.  Last read position: chr1:55,000,257
INFO	2021-11-12 21:52:03	SinglePassSamProgram	Processed    67,000,000 records.  Elapsed time: 00:01:14s.  Time for last 1,000,000:    1s.  Last read position: chr1:75,315,685
INFO	2021-11-12 21:52:04	SinglePassSamProgram	Processed    68,000,000 records.  Elapsed time: 00:01:15s.  Time for last 1,000,000:    1s.  Last read position: chr1:91,135,080
INFO	2021-11-12 21:52:05	SinglePassSamProgram	Processed    69,000,000 records.  Elapsed time: 00:01:16s.  Time for last 1,000,000:    1s.  Last read position: chr1:133,621,780
INFO	2021-11-12 21:52:06	SinglePassSamProgram	Processed    70,000,000 records.  Elapsed time: 00:01:17s.  Time for last 1,000,000:    1s.  Last read position: chr1:152,771,478
INFO	2021-11-12 21:52:07	SinglePassSamProgram	Processed    71,000,000 records.  Elapsed time: 00:01:18s.  Time for last 1,000,000:    1s.  Last read position: chr1:166,397,852
INFO	2021-11-12 21:52:09	SinglePassSamProgram	Processed    72,000,000 records.  Elapsed time: 00:01:19s.  Time for last 1,000,000:    1s.  Last read position: chr1:186,630,725
INFO	2021-11-12 21:52:10	SinglePassSamProgram	Processed    73,000,000 records.  Elapsed time: 00:01:20s.  Time for last 1,000,000:    1s.  Last read position: chr2:25,285,111
INFO	2021-11-12 21:52:11	SinglePassSamProgram	Processed    74,000,000 records.  Elapsed time: 00:01:21s.  Time for last 1,000,000:    1s.  Last read position: chr2:32,385,463
INFO	2021-11-12 21:52:12	SinglePassSamProgram	Processed    75,000,000 records.  Elapsed time: 00:01:22s.  Time for last 1,000,000:    1s.  Last read position: chr2:36,255,301
INFO	2021-11-12 21:52:13	SinglePassSamProgram	Processed    76,000,000 records.  Elapsed time: 00:01:24s.  Time for last 1,000,000:    1s.  Last read position: chr2:75,661,747
INFO	2021-11-12 21:52:14	SinglePassSamProgram	Processed    77,000,000 records.  Elapsed time: 00:01:25s.  Time for last 1,000,000:    1s.  Last read position: chr2:103,722,779
INFO	2021-11-12 21:52:15	SinglePassSamProgram	Processed    78,000,000 records.  Elapsed time: 00:01:26s.  Time for last 1,000,000:    1s.  Last read position: chr2:126,904,928
INFO	2021-11-12 21:52:16	SinglePassSamProgram	Processed    79,000,000 records.  Elapsed time: 00:01:27s.  Time for last 1,000,000:    1s.  Last read position: chr2:151,459,544
INFO	2021-11-12 21:52:18	SinglePassSamProgram	Processed    80,000,000 records.  Elapsed time: 00:01:28s.  Time for last 1,000,000:    1s.  Last read position: chr2:160,990,361
INFO	2021-11-12 21:52:19	SinglePassSamProgram	Processed    81,000,000 records.  Elapsed time: 00:01:29s.  Time for last 1,000,000:    1s.  Last read position: chr2:174,334,269
INFO	2021-11-12 21:52:20	SinglePassSamProgram	Processed    82,000,000 records.  Elapsed time: 00:01:30s.  Time for last 1,000,000:    1s.  Last read position: chr3:29,993,638
INFO	2021-11-12 21:52:21	SinglePassSamProgram	Processed    83,000,000 records.  Elapsed time: 00:01:31s.  Time for last 1,000,000:    1s.  Last read position: chr3:79,597,788
INFO	2021-11-12 21:52:22	SinglePassSamProgram	Processed    84,000,000 records.  Elapsed time: 00:01:32s.  Time for last 1,000,000:    1s.  Last read position: chr3:90,209,315
INFO	2021-11-12 21:52:23	SinglePassSamProgram	Processed    85,000,000 records.  Elapsed time: 00:01:33s.  Time for last 1,000,000:    1s.  Last read position: chr3:100,567,673
INFO	2021-11-12 21:52:24	SinglePassSamProgram	Processed    86,000,000 records.  Elapsed time: 00:01:35s.  Time for last 1,000,000:    1s.  Last read position: chr3:116,905,622
INFO	2021-11-12 21:52:25	SinglePassSamProgram	Processed    87,000,000 records.  Elapsed time: 00:01:36s.  Time for last 1,000,000:    1s.  Last read position: chr3:144,202,815
INFO	2021-11-12 21:52:26	SinglePassSamProgram	Processed    88,000,000 records.  Elapsed time: 00:01:37s.  Time for last 1,000,000:    1s.  Last read position: chr4:19,627,746
INFO	2021-11-12 21:52:27	SinglePassSamProgram	Processed    89,000,000 records.  Elapsed time: 00:01:38s.  Time for last 1,000,000:    1s.  Last read position: chr4:53,561,129
INFO	2021-11-12 21:52:29	SinglePassSamProgram	Processed    90,000,000 records.  Elapsed time: 00:01:39s.  Time for last 1,000,000:    1s.  Last read position: chr4:95,051,781
INFO	2021-11-12 21:52:30	SinglePassSamProgram	Processed    91,000,000 records.  Elapsed time: 00:01:40s.  Time for last 1,000,000:    1s.  Last read position: chr4:117,155,072
INFO	2021-11-12 21:52:31	SinglePassSamProgram	Processed    92,000,000 records.  Elapsed time: 00:01:41s.  Time for last 1,000,000:    1s.  Last read position: chr4:126,841,120
INFO	2021-11-12 21:52:32	SinglePassSamProgram	Processed    93,000,000 records.  Elapsed time: 00:01:42s.  Time for last 1,000,000:    1s.  Last read position: chr4:135,871,991
INFO	2021-11-12 21:52:33	SinglePassSamProgram	Processed    94,000,000 records.  Elapsed time: 00:01:43s.  Time for last 1,000,000:    1s.  Last read position: chr4:146,240,769
INFO	2021-11-12 21:52:34	SinglePassSamProgram	Processed    95,000,000 records.  Elapsed time: 00:01:45s.  Time for last 1,000,000:    1s.  Last read position: chr4:156,165,664
INFO	2021-11-12 21:52:35	SinglePassSamProgram	Processed    96,000,000 records.  Elapsed time: 00:01:46s.  Time for last 1,000,000:    1s.  Last read position: chr5:25,258,929
INFO	2021-11-12 21:52:36	SinglePassSamProgram	Processed    97,000,000 records.  Elapsed time: 00:01:47s.  Time for last 1,000,000:    1s.  Last read position: chr5:52,754,642
INFO	2021-11-12 21:52:37	SinglePassSamProgram	Processed    98,000,000 records.  Elapsed time: 00:01:48s.  Time for last 1,000,000:    1s.  Last read position: chr5:63,899,328
INFO	2021-11-12 21:52:38	SinglePassSamProgram	Processed    99,000,000 records.  Elapsed time: 00:01:49s.  Time for last 1,000,000:    1s.  Last read position: chr5:88,739,635
INFO	2021-11-12 21:52:40	SinglePassSamProgram	Processed   100,000,000 records.  Elapsed time: 00:01:50s.  Time for last 1,000,000:    1s.  Last read position: chr5:101,814,473
INFO	2021-11-12 21:52:41	SinglePassSamProgram	Processed   101,000,000 records.  Elapsed time: 00:01:51s.  Time for last 1,000,000:    1s.  Last read position: chr5:115,561,390
INFO	2021-11-12 21:52:42	SinglePassSamProgram	Processed   102,000,000 records.  Elapsed time: 00:01:52s.  Time for last 1,000,000:    1s.  Last read position: chr5:124,550,131
INFO	2021-11-12 21:52:43	SinglePassSamProgram	Processed   103,000,000 records.  Elapsed time: 00:01:53s.  Time for last 1,000,000:    1s.  Last read position: chr5:137,531,510
INFO	2021-11-12 21:52:44	SinglePassSamProgram	Processed   104,000,000 records.  Elapsed time: 00:01:54s.  Time for last 1,000,000:    1s.  Last read position: chr5:145,132,887
INFO	2021-11-12 21:52:45	SinglePassSamProgram	Processed   105,000,000 records.  Elapsed time: 00:01:56s.  Time for last 1,000,000:    1s.  Last read position: chr6:18,847,617
INFO	2021-11-12 21:52:46	SinglePassSamProgram	Processed   106,000,000 records.  Elapsed time: 00:01:57s.  Time for last 1,000,000:    1s.  Last read position: chr6:50,296,983
INFO	2021-11-12 21:52:47	SinglePassSamProgram	Processed   107,000,000 records.  Elapsed time: 00:01:58s.  Time for last 1,000,000:    1s.  Last read position: chr6:72,305,665
INFO	2021-11-12 21:52:48	SinglePassSamProgram	Processed   108,000,000 records.  Elapsed time: 00:01:59s.  Time for last 1,000,000:    1s.  Last read position: chr6:72,433,481
INFO	2021-11-12 21:52:49	SinglePassSamProgram	Processed   109,000,000 records.  Elapsed time: 00:02:00s.  Time for last 1,000,000:    1s.  Last read position: chr6:91,481,972
INFO	2021-11-12 21:52:51	SinglePassSamProgram	Processed   110,000,000 records.  Elapsed time: 00:02:01s.  Time for last 1,000,000:    1s.  Last read position: chr6:122,317,032
INFO	2021-11-12 21:52:52	SinglePassSamProgram	Processed   111,000,000 records.  Elapsed time: 00:02:02s.  Time for last 1,000,000:    1s.  Last read position: chr6:135,079,376
INFO	2021-11-12 21:52:53	SinglePassSamProgram	Processed   112,000,000 records.  Elapsed time: 00:02:03s.  Time for last 1,000,000:    1s.  Last read position: chr7:7,294,848
INFO	2021-11-12 21:52:54	SinglePassSamProgram	Processed   113,000,000 records.  Elapsed time: 00:02:04s.  Time for last 1,000,000:    1s.  Last read position: chr7:24,104,574
INFO	2021-11-12 21:52:55	SinglePassSamProgram	Processed   114,000,000 records.  Elapsed time: 00:02:05s.  Time for last 1,000,000:    1s.  Last read position: chr7:29,258,575
INFO	2021-11-12 21:52:56	SinglePassSamProgram	Processed   115,000,000 records.  Elapsed time: 00:02:07s.  Time for last 1,000,000:    1s.  Last read position: chr7:45,029,057
INFO	2021-11-12 21:52:57	SinglePassSamProgram	Processed   116,000,000 records.  Elapsed time: 00:02:08s.  Time for last 1,000,000:    1s.  Last read position: chr7:49,565,244
INFO	2021-11-12 21:52:58	SinglePassSamProgram	Processed   117,000,000 records.  Elapsed time: 00:02:09s.  Time for last 1,000,000:    1s.  Last read position: chr7:81,883,428
INFO	2021-11-12 21:52:59	SinglePassSamProgram	Processed   118,000,000 records.  Elapsed time: 00:02:10s.  Time for last 1,000,000:    1s.  Last read position: chr7:105,613,049
INFO	2021-11-12 21:53:01	SinglePassSamProgram	Processed   119,000,000 records.  Elapsed time: 00:02:11s.  Time for last 1,000,000:    1s.  Last read position: chr7:118,699,225
INFO	2021-11-12 21:53:02	SinglePassSamProgram	Processed   120,000,000 records.  Elapsed time: 00:02:12s.  Time for last 1,000,000:    1s.  Last read position: chr7:128,740,291
INFO	2021-11-12 21:53:03	SinglePassSamProgram	Processed   121,000,000 records.  Elapsed time: 00:02:13s.  Time for last 1,000,000:    1s.  Last read position: chr7:144,504,923
INFO	2021-11-12 21:53:04	SinglePassSamProgram	Processed   122,000,000 records.  Elapsed time: 00:02:14s.  Time for last 1,000,000:    1s.  Last read position: chr8:12,615,233
INFO	2021-11-12 21:53:05	SinglePassSamProgram	Processed   123,000,000 records.  Elapsed time: 00:02:16s.  Time for last 1,000,000:    1s.  Last read position: chr8:33,697,697
INFO	2021-11-12 21:53:06	SinglePassSamProgram	Processed   124,000,000 records.  Elapsed time: 00:02:17s.  Time for last 1,000,000:    1s.  Last read position: chr8:70,534,900
INFO	2021-11-12 21:53:07	SinglePassSamProgram	Processed   125,000,000 records.  Elapsed time: 00:02:18s.  Time for last 1,000,000:    1s.  Last read position: chr8:84,842,480
INFO	2021-11-12 21:53:08	SinglePassSamProgram	Processed   126,000,000 records.  Elapsed time: 00:02:19s.  Time for last 1,000,000:    1s.  Last read position: chr8:95,864,845
INFO	2021-11-12 21:53:10	SinglePassSamProgram	Processed   127,000,000 records.  Elapsed time: 00:02:20s.  Time for last 1,000,000:    1s.  Last read position: chr8:119,546,032
INFO	2021-11-12 21:53:11	SinglePassSamProgram	Processed   128,000,000 records.  Elapsed time: 00:02:21s.  Time for last 1,000,000:    1s.  Last read position: chr9:7,793,688
INFO	2021-11-12 21:53:12	SinglePassSamProgram	Processed   129,000,000 records.  Elapsed time: 00:02:22s.  Time for last 1,000,000:    1s.  Last read position: chr9:31,150,379
INFO	2021-11-12 21:53:13	SinglePassSamProgram	Processed   130,000,000 records.  Elapsed time: 00:02:23s.  Time for last 1,000,000:    1s.  Last read position: chr9:47,853,047
INFO	2021-11-12 21:53:14	SinglePassSamProgram	Processed   131,000,000 records.  Elapsed time: 00:02:24s.  Time for last 1,000,000:    1s.  Last read position: chr9:64,175,700
INFO	2021-11-12 21:53:15	SinglePassSamProgram	Processed   132,000,000 records.  Elapsed time: 00:02:25s.  Time for last 1,000,000:    1s.  Last read position: chr9:72,749,657
INFO	2021-11-12 21:53:16	SinglePassSamProgram	Processed   133,000,000 records.  Elapsed time: 00:02:27s.  Time for last 1,000,000:    1s.  Last read position: chr9:79,793,078
INFO	2021-11-12 21:53:17	SinglePassSamProgram	Processed   134,000,000 records.  Elapsed time: 00:02:28s.  Time for last 1,000,000:    1s.  Last read position: chr9:99,692,165
INFO	2021-11-12 21:53:18	SinglePassSamProgram	Processed   135,000,000 records.  Elapsed time: 00:02:29s.  Time for last 1,000,000:    1s.  Last read position: chr9:108,208,465
INFO	2021-11-12 21:53:19	SinglePassSamProgram	Processed   136,000,000 records.  Elapsed time: 00:02:30s.  Time for last 1,000,000:    1s.  Last read position: chr9:119,042,237
INFO	2021-11-12 21:53:20	SinglePassSamProgram	Processed   137,000,000 records.  Elapsed time: 00:02:31s.  Time for last 1,000,000:    1s.  Last read position: chrM:3,012
INFO	2021-11-12 21:53:21	SinglePassSamProgram	Processed   138,000,000 records.  Elapsed time: 00:02:32s.  Time for last 1,000,000:    0s.  Last read position: chrM:5,793
INFO	2021-11-12 21:53:22	SinglePassSamProgram	Processed   139,000,000 records.  Elapsed time: 00:02:33s.  Time for last 1,000,000:    0s.  Last read position: chrM:7,143
INFO	2021-11-12 21:53:23	SinglePassSamProgram	Processed   140,000,000 records.  Elapsed time: 00:02:34s.  Time for last 1,000,000:    1s.  Last read position: chrM:11,056
INFO	2021-11-12 21:53:24	SinglePassSamProgram	Processed   141,000,000 records.  Elapsed time: 00:02:35s.  Time for last 1,000,000:    1s.  Last read position: chrM:14,756
INFO	2021-11-12 21:53:26	SinglePassSamProgram	Processed   142,000,000 records.  Elapsed time: 00:02:36s.  Time for last 1,000,000:    1s.  Last read position: chrX:37,082,736
INFO	2021-11-12 21:53:27	SinglePassSamProgram	Processed   143,000,000 records.  Elapsed time: 00:02:37s.  Time for last 1,000,000:    1s.  Last read position: chrX:75,110,323
INFO	2021-11-12 21:53:28	SinglePassSamProgram	Processed   144,000,000 records.  Elapsed time: 00:02:38s.  Time for last 1,000,000:    1s.  Last read position: chrX:114,981,242
INFO	2021-11-12 21:53:29	SinglePassSamProgram	Processed   145,000,000 records.  Elapsed time: 00:02:39s.  Time for last 1,000,000:    1s.  Last read position: chrX:166,523,104
INFO	2021-11-12 21:53:30	RExecutor	Executing R script via command: Rscript /tmp/hwen/script6642455258938586099.R /projects/RNASeq/Lung_AT2/DF_927_1_GFP_tdt/star_out/DF_927_1_GFP_tdt_InsertSizeMetrics /projects/RNASeq/Lung_AT2/DF_927_1_GFP_tdt/star_out/DF_927_1_GFP_tdt_InsertSizeHist.pdf DF_927_1_GFP_tdt_accepted_hits.sorted.bam
INFO	2021-11-12 21:53:30	ProcessExecutor	null device 
INFO	2021-11-12 21:53:30	ProcessExecutor	          1 
[Fri Nov 12 21:53:30 EST 2021] picard.analysis.CollectInsertSizeMetrics done. Elapsed time: 2.69 minutes.
Runtime.totalMemory()=1155530752
100000 GFF lines processed.
200000 GFF lines processed.
300000 GFF lines processed.
400000 GFF lines processed.
500000 GFF lines processed.
600000 GFF lines processed.
672435 GFF lines processed.
100000 SAM alignment record pairs processed.
200000 SAM alignment record pairs processed.
300000 SAM alignment record pairs processed.
400000 SAM alignment record pairs processed.
500000 SAM alignment record pairs processed.
600000 SAM alignment record pairs processed.
700000 SAM alignment record pairs processed.
800000 SAM alignment record pairs processed.
900000 SAM alignment record pairs processed.
1000000 SAM alignment record pairs processed.
1100000 SAM alignment record pairs processed.
1200000 SAM alignment record pairs processed.
1300000 SAM alignment record pairs processed.
1400000 SAM alignment record pairs processed.
1500000 SAM alignment record pairs processed.
1600000 SAM alignment record pairs processed.
1700000 SAM alignment record pairs processed.
1800000 SAM alignment record pairs processed.
1900000 SAM alignment record pairs processed.
2000000 SAM alignment record pairs processed.
2100000 SAM alignment record pairs processed.
2200000 SAM alignment record pairs processed.
2300000 SAM alignment record pairs processed.
2400000 SAM alignment record pairs processed.
2500000 SAM alignment record pairs processed.
2600000 SAM alignment record pairs processed.
2700000 SAM alignment record pairs processed.
2800000 SAM alignment record pairs processed.
2900000 SAM alignment record pairs processed.
3000000 SAM alignment record pairs processed.
3100000 SAM alignment record pairs processed.
3200000 SAM alignment record pairs processed.
3300000 SAM alignment record pairs processed.
3400000 SAM alignment record pairs processed.
3500000 SAM alignment record pairs processed.
3600000 SAM alignment record pairs processed.
3700000 SAM alignment record pairs processed.
3800000 SAM alignment record pairs processed.
3900000 SAM alignment record pairs processed.
4000000 SAM alignment record pairs processed.
4100000 SAM alignment record pairs processed.
4200000 SAM alignment record pairs processed.
4300000 SAM alignment record pairs processed.
4400000 SAM alignment record pairs processed.
4500000 SAM alignment record pairs processed.
4600000 SAM alignment record pairs processed.
4700000 SAM alignment record pairs processed.
4800000 SAM alignment record pairs processed.
4900000 SAM alignment record pairs processed.
5000000 SAM alignment record pairs processed.
5100000 SAM alignment record pairs processed.
5200000 SAM alignment record pairs processed.
5300000 SAM alignment record pairs processed.
5400000 SAM alignment record pairs processed.
5500000 SAM alignment record pairs processed.
5600000 SAM alignment record pairs processed.
5700000 SAM alignment record pairs processed.
5800000 SAM alignment record pairs processed.
5900000 SAM alignment record pairs processed.
6000000 SAM alignment record pairs processed.
6100000 SAM alignment record pairs processed.
6200000 SAM alignment record pairs processed.
6300000 SAM alignment record pairs processed.
6400000 SAM alignment record pairs processed.
6500000 SAM alignment record pairs processed.
6600000 SAM alignment record pairs processed.
6700000 SAM alignment record pairs processed.
6800000 SAM alignment record pairs processed.
6900000 SAM alignment record pairs processed.
7000000 SAM alignment record pairs processed.
7100000 SAM alignment record pairs processed.
7200000 SAM alignment record pairs processed.
7300000 SAM alignment record pairs processed.
7400000 SAM alignment record pairs processed.
7500000 SAM alignment record pairs processed.
7600000 SAM alignment record pairs processed.
7700000 SAM alignment record pairs processed.
7800000 SAM alignment record pairs processed.
7900000 SAM alignment record pairs processed.
8000000 SAM alignment record pairs processed.
8100000 SAM alignment record pairs processed.
8200000 SAM alignment record pairs processed.
8300000 SAM alignment record pairs processed.
8400000 SAM alignment record pairs processed.
8500000 SAM alignment record pairs processed.
8600000 SAM alignment record pairs processed.
8700000 SAM alignment record pairs processed.
8800000 SAM alignment record pairs processed.
8900000 SAM alignment record pairs processed.
9000000 SAM alignment record pairs processed.
9100000 SAM alignment record pairs processed.
9200000 SAM alignment record pairs processed.
9300000 SAM alignment record pairs processed.
9400000 SAM alignment record pairs processed.
9500000 SAM alignment record pairs processed.
9600000 SAM alignment record pairs processed.
9700000 SAM alignment record pairs processed.
9800000 SAM alignment record pairs processed.
9900000 SAM alignment record pairs processed.
10000000 SAM alignment record pairs processed.
10100000 SAM alignment record pairs processed.
10200000 SAM alignment record pairs processed.
10300000 SAM alignment record pairs processed.
10400000 SAM alignment record pairs processed.
10500000 SAM alignment record pairs processed.
10600000 SAM alignment record pairs processed.
10700000 SAM alignment record pairs processed.
10800000 SAM alignment record pairs processed.
10900000 SAM alignment record pairs processed.
11000000 SAM alignment record pairs processed.
11100000 SAM alignment record pairs processed.
11200000 SAM alignment record pairs processed.
11300000 SAM alignment record pairs processed.
11400000 SAM alignment record pairs processed.
11500000 SAM alignment record pairs processed.
11600000 SAM alignment record pairs processed.
11700000 SAM alignment record pairs processed.
11800000 SAM alignment record pairs processed.
11900000 SAM alignment record pairs processed.
12000000 SAM alignment record pairs processed.
12100000 SAM alignment record pairs processed.
12200000 SAM alignment record pairs processed.
12300000 SAM alignment record pairs processed.
12400000 SAM alignment record pairs processed.
12500000 SAM alignment record pairs processed.
12600000 SAM alignment record pairs processed.
12700000 SAM alignment record pairs processed.
12800000 SAM alignment record pairs processed.
12900000 SAM alignment record pairs processed.
13000000 SAM alignment record pairs processed.
13100000 SAM alignment record pairs processed.
13200000 SAM alignment record pairs processed.
13300000 SAM alignment record pairs processed.
13400000 SAM alignment record pairs processed.
13500000 SAM alignment record pairs processed.
13600000 SAM alignment record pairs processed.
13700000 SAM alignment record pairs processed.
13800000 SAM alignment record pairs processed.
13900000 SAM alignment record pairs processed.
14000000 SAM alignment record pairs processed.
14100000 SAM alignment record pairs processed.
14200000 SAM alignment record pairs processed.
14300000 SAM alignment record pairs processed.
14400000 SAM alignment record pairs processed.
14500000 SAM alignment record pairs processed.
14600000 SAM alignment record pairs processed.
14700000 SAM alignment record pairs processed.
14800000 SAM alignment record pairs processed.
14900000 SAM alignment record pairs processed.
15000000 SAM alignment record pairs processed.
15100000 SAM alignment record pairs processed.
15200000 SAM alignment record pairs processed.
15300000 SAM alignment record pairs processed.
15400000 SAM alignment record pairs processed.
15500000 SAM alignment record pairs processed.
15600000 SAM alignment record pairs processed.
15700000 SAM alignment record pairs processed.
15800000 SAM alignment record pairs processed.
15900000 SAM alignment record pairs processed.
16000000 SAM alignment record pairs processed.
16100000 SAM alignment record pairs processed.
16200000 SAM alignment record pairs processed.
16300000 SAM alignment record pairs processed.
16400000 SAM alignment record pairs processed.
16500000 SAM alignment record pairs processed.
16600000 SAM alignment record pairs processed.
16700000 SAM alignment record pairs processed.
16800000 SAM alignment record pairs processed.
16900000 SAM alignment record pairs processed.
17000000 SAM alignment record pairs processed.
17100000 SAM alignment record pairs processed.
17200000 SAM alignment record pairs processed.
17300000 SAM alignment record pairs processed.
17400000 SAM alignment record pairs processed.
17500000 SAM alignment record pairs processed.
17600000 SAM alignment record pairs processed.
17700000 SAM alignment record pairs processed.
17800000 SAM alignment record pairs processed.
17900000 SAM alignment record pairs processed.
18000000 SAM alignment record pairs processed.
18100000 SAM alignment record pairs processed.
18200000 SAM alignment record pairs processed.
18300000 SAM alignment record pairs processed.
18400000 SAM alignment record pairs processed.
18500000 SAM alignment record pairs processed.
18600000 SAM alignment record pairs processed.
18700000 SAM alignment record pairs processed.
18800000 SAM alignment record pairs processed.
18900000 SAM alignment record pairs processed.
19000000 SAM alignment record pairs processed.
19100000 SAM alignment record pairs processed.
19200000 SAM alignment record pairs processed.
19300000 SAM alignment record pairs processed.
19400000 SAM alignment record pairs processed.
19500000 SAM alignment record pairs processed.
19600000 SAM alignment record pairs processed.
19700000 SAM alignment record pairs processed.
19800000 SAM alignment record pairs processed.
19900000 SAM alignment record pairs processed.
20000000 SAM alignment record pairs processed.
20100000 SAM alignment record pairs processed.
20200000 SAM alignment record pairs processed.
20300000 SAM alignment record pairs processed.
20400000 SAM alignment record pairs processed.
20500000 SAM alignment record pairs processed.
20600000 SAM alignment record pairs processed.
20700000 SAM alignment record pairs processed.
20800000 SAM alignment record pairs processed.
20900000 SAM alignment record pairs processed.
21000000 SAM alignment record pairs processed.
21100000 SAM alignment record pairs processed.
21200000 SAM alignment record pairs processed.
21300000 SAM alignment record pairs processed.
21400000 SAM alignment record pairs processed.
21500000 SAM alignment record pairs processed.
21600000 SAM alignment record pairs processed.
21700000 SAM alignment record pairs processed.
21800000 SAM alignment record pairs processed.
21900000 SAM alignment record pairs processed.
22000000 SAM alignment record pairs processed.
22100000 SAM alignment record pairs processed.
22200000 SAM alignment record pairs processed.
22300000 SAM alignment record pairs processed.
22400000 SAM alignment record pairs processed.
22500000 SAM alignment record pairs processed.
22600000 SAM alignment record pairs processed.
22700000 SAM alignment record pairs processed.
22800000 SAM alignment record pairs processed.
22900000 SAM alignment record pairs processed.
23000000 SAM alignment record pairs processed.
23100000 SAM alignment record pairs processed.
23200000 SAM alignment record pairs processed.
23300000 SAM alignment record pairs processed.
23400000 SAM alignment record pairs processed.
23500000 SAM alignment record pairs processed.
23600000 SAM alignment record pairs processed.
23700000 SAM alignment record pairs processed.
23800000 SAM alignment record pairs processed.
23900000 SAM alignment record pairs processed.
24000000 SAM alignment record pairs processed.
24100000 SAM alignment record pairs processed.
24200000 SAM alignment record pairs processed.
24300000 SAM alignment record pairs processed.
24400000 SAM alignment record pairs processed.
24500000 SAM alignment record pairs processed.
24600000 SAM alignment record pairs processed.
24700000 SAM alignment record pairs processed.
24800000 SAM alignment record pairs processed.
24900000 SAM alignment record pairs processed.
25000000 SAM alignment record pairs processed.
25100000 SAM alignment record pairs processed.
25200000 SAM alignment record pairs processed.
25300000 SAM alignment record pairs processed.
25400000 SAM alignment record pairs processed.
25500000 SAM alignment record pairs processed.
25600000 SAM alignment record pairs processed.
25700000 SAM alignment record pairs processed.
25800000 SAM alignment record pairs processed.
25900000 SAM alignment record pairs processed.
26000000 SAM alignment record pairs processed.
26100000 SAM alignment record pairs processed.
26200000 SAM alignment record pairs processed.
26300000 SAM alignment record pairs processed.
26400000 SAM alignment record pairs processed.
26500000 SAM alignment record pairs processed.
26600000 SAM alignment record pairs processed.
26700000 SAM alignment record pairs processed.
26800000 SAM alignment record pairs processed.
26900000 SAM alignment record pairs processed.
27000000 SAM alignment record pairs processed.
27100000 SAM alignment record pairs processed.
27200000 SAM alignment record pairs processed.
27300000 SAM alignment record pairs processed.
27400000 SAM alignment record pairs processed.
27500000 SAM alignment record pairs processed.
27600000 SAM alignment record pairs processed.
27700000 SAM alignment record pairs processed.
27800000 SAM alignment record pairs processed.
27900000 SAM alignment record pairs processed.
28000000 SAM alignment record pairs processed.
28100000 SAM alignment record pairs processed.
28200000 SAM alignment record pairs processed.
28300000 SAM alignment record pairs processed.
28400000 SAM alignment record pairs processed.
28500000 SAM alignment record pairs processed.
28600000 SAM alignment record pairs processed.
28700000 SAM alignment record pairs processed.
28800000 SAM alignment record pairs processed.
28900000 SAM alignment record pairs processed.
29000000 SAM alignment record pairs processed.
29100000 SAM alignment record pairs processed.
29200000 SAM alignment record pairs processed.
29300000 SAM alignment record pairs processed.
29400000 SAM alignment record pairs processed.
29500000 SAM alignment record pairs processed.
29600000 SAM alignment record pairs processed.
29700000 SAM alignment record pairs processed.
29800000 SAM alignment record pairs processed.
29900000 SAM alignment record pairs processed.
30000000 SAM alignment record pairs processed.
30100000 SAM alignment record pairs processed.
30200000 SAM alignment record pairs processed.
30300000 SAM alignment record pairs processed.
30400000 SAM alignment record pairs processed.
30500000 SAM alignment record pairs processed.
30600000 SAM alignment record pairs processed.
30700000 SAM alignment record pairs processed.
30800000 SAM alignment record pairs processed.
30900000 SAM alignment record pairs processed.
31000000 SAM alignment record pairs processed.
31100000 SAM alignment record pairs processed.
31200000 SAM alignment record pairs processed.
31300000 SAM alignment record pairs processed.
31400000 SAM alignment record pairs processed.
31500000 SAM alignment record pairs processed.
31600000 SAM alignment record pairs processed.
31700000 SAM alignment record pairs processed.
31800000 SAM alignment record pairs processed.
31900000 SAM alignment record pairs processed.
32000000 SAM alignment record pairs processed.
32100000 SAM alignment record pairs processed.
32200000 SAM alignment record pairs processed.
32300000 SAM alignment record pairs processed.
32400000 SAM alignment record pairs processed.
32500000 SAM alignment record pairs processed.
32600000 SAM alignment record pairs processed.
32700000 SAM alignment record pairs processed.
32800000 SAM alignment record pairs processed.
32900000 SAM alignment record pairs processed.
33000000 SAM alignment record pairs processed.
33100000 SAM alignment record pairs processed.
33200000 SAM alignment record pairs processed.
33300000 SAM alignment record pairs processed.
33400000 SAM alignment record pairs processed.
33500000 SAM alignment record pairs processed.
33600000 SAM alignment record pairs processed.
33700000 SAM alignment record pairs processed.
33800000 SAM alignment record pairs processed.
33900000 SAM alignment record pairs processed.
34000000 SAM alignment record pairs processed.
34100000 SAM alignment record pairs processed.
34200000 SAM alignment record pairs processed.
34300000 SAM alignment record pairs processed.
34400000 SAM alignment record pairs processed.
34500000 SAM alignment record pairs processed.
34600000 SAM alignment record pairs processed.
34700000 SAM alignment record pairs processed.
34800000 SAM alignment record pairs processed.
34900000 SAM alignment record pairs processed.
35000000 SAM alignment record pairs processed.
35100000 SAM alignment record pairs processed.
35200000 SAM alignment record pairs processed.
35300000 SAM alignment record pairs processed.
35400000 SAM alignment record pairs processed.
35500000 SAM alignment record pairs processed.
35600000 SAM alignment record pairs processed.
35700000 SAM alignment record pairs processed.
35800000 SAM alignment record pairs processed.
35900000 SAM alignment record pairs processed.
36000000 SAM alignment record pairs processed.
36100000 SAM alignment record pairs processed.
36200000 SAM alignment record pairs processed.
36300000 SAM alignment record pairs processed.
36400000 SAM alignment record pairs processed.
36500000 SAM alignment record pairs processed.
36600000 SAM alignment record pairs processed.
36700000 SAM alignment record pairs processed.
36800000 SAM alignment record pairs processed.
36900000 SAM alignment record pairs processed.
37000000 SAM alignment record pairs processed.
37100000 SAM alignment record pairs processed.
37200000 SAM alignment record pairs processed.
37300000 SAM alignment record pairs processed.
37400000 SAM alignment record pairs processed.
37500000 SAM alignment record pairs processed.
37600000 SAM alignment record pairs processed.
37700000 SAM alignment record pairs processed.
37800000 SAM alignment record pairs processed.
37900000 SAM alignment record pairs processed.
38000000 SAM alignment record pairs processed.
38100000 SAM alignment record pairs processed.
38200000 SAM alignment record pairs processed.
38300000 SAM alignment record pairs processed.
38400000 SAM alignment record pairs processed.
38500000 SAM alignment record pairs processed.
38600000 SAM alignment record pairs processed.
38700000 SAM alignment record pairs processed.
38800000 SAM alignment record pairs processed.
38900000 SAM alignment record pairs processed.
39000000 SAM alignment record pairs processed.
39100000 SAM alignment record pairs processed.
39200000 SAM alignment record pairs processed.
39300000 SAM alignment record pairs processed.
39400000 SAM alignment record pairs processed.
39500000 SAM alignment record pairs processed.
39600000 SAM alignment record pairs processed.
39700000 SAM alignment record pairs processed.
39800000 SAM alignment record pairs processed.
39900000 SAM alignment record pairs processed.
40000000 SAM alignment record pairs processed.
40100000 SAM alignment record pairs processed.
40200000 SAM alignment record pairs processed.
40300000 SAM alignment record pairs processed.
40400000 SAM alignment record pairs processed.
40500000 SAM alignment record pairs processed.
40600000 SAM alignment record pairs processed.
40700000 SAM alignment record pairs processed.
40800000 SAM alignment record pairs processed.
40900000 SAM alignment record pairs processed.
41000000 SAM alignment record pairs processed.
41100000 SAM alignment record pairs processed.
41200000 SAM alignment record pairs processed.
41300000 SAM alignment record pairs processed.
41400000 SAM alignment record pairs processed.
41500000 SAM alignment record pairs processed.
41600000 SAM alignment record pairs processed.
41700000 SAM alignment record pairs processed.
41800000 SAM alignment record pairs processed.
41900000 SAM alignment record pairs processed.
42000000 SAM alignment record pairs processed.
42100000 SAM alignment record pairs processed.
42200000 SAM alignment record pairs processed.
42300000 SAM alignment record pairs processed.
42400000 SAM alignment record pairs processed.
42500000 SAM alignment record pairs processed.
42600000 SAM alignment record pairs processed.
42700000 SAM alignment record pairs processed.
42800000 SAM alignment record pairs processed.
42900000 SAM alignment record pairs processed.
43000000 SAM alignment record pairs processed.
43100000 SAM alignment record pairs processed.
43200000 SAM alignment record pairs processed.
43300000 SAM alignment record pairs processed.
43400000 SAM alignment record pairs processed.
43500000 SAM alignment record pairs processed.
43600000 SAM alignment record pairs processed.
43700000 SAM alignment record pairs processed.
43800000 SAM alignment record pairs processed.
43900000 SAM alignment record pairs processed.
44000000 SAM alignment record pairs processed.
44100000 SAM alignment record pairs processed.
44200000 SAM alignment record pairs processed.
44300000 SAM alignment record pairs processed.
44400000 SAM alignment record pairs processed.
44500000 SAM alignment record pairs processed.
44600000 SAM alignment record pairs processed.
44700000 SAM alignment record pairs processed.
44800000 SAM alignment record pairs processed.
44900000 SAM alignment record pairs processed.
45000000 SAM alignment record pairs processed.
45100000 SAM alignment record pairs processed.
45200000 SAM alignment record pairs processed.
45300000 SAM alignment record pairs processed.
45400000 SAM alignment record pairs processed.
45500000 SAM alignment record pairs processed.
45600000 SAM alignment record pairs processed.
45700000 SAM alignment record pairs processed.
45800000 SAM alignment record pairs processed.
45900000 SAM alignment record pairs processed.
46000000 SAM alignment record pairs processed.
46100000 SAM alignment record pairs processed.
46200000 SAM alignment record pairs processed.
46300000 SAM alignment record pairs processed.
46400000 SAM alignment record pairs processed.
46500000 SAM alignment record pairs processed.
46600000 SAM alignment record pairs processed.
46700000 SAM alignment record pairs processed.
46800000 SAM alignment record pairs processed.
46900000 SAM alignment record pairs processed.
47000000 SAM alignment record pairs processed.
47100000 SAM alignment record pairs processed.
47200000 SAM alignment record pairs processed.
47300000 SAM alignment record pairs processed.
47400000 SAM alignment record pairs processed.
47500000 SAM alignment record pairs processed.
47600000 SAM alignment record pairs processed.
47700000 SAM alignment record pairs processed.
47800000 SAM alignment record pairs processed.
47900000 SAM alignment record pairs processed.
48000000 SAM alignment record pairs processed.
48100000 SAM alignment record pairs processed.
48200000 SAM alignment record pairs processed.
48300000 SAM alignment record pairs processed.
48400000 SAM alignment record pairs processed.
48500000 SAM alignment record pairs processed.
48600000 SAM alignment record pairs processed.
48700000 SAM alignment record pairs processed.
48800000 SAM alignment record pairs processed.
48900000 SAM alignment record pairs processed.
49000000 SAM alignment record pairs processed.
49100000 SAM alignment record pairs processed.
49200000 SAM alignment record pairs processed.
49300000 SAM alignment record pairs processed.
49400000 SAM alignment record pairs processed.
49500000 SAM alignment record pairs processed.
49600000 SAM alignment record pairs processed.
49700000 SAM alignment record pairs processed.
49800000 SAM alignment record pairs processed.
49900000 SAM alignment record pairs processed.
50000000 SAM alignment record pairs processed.
50100000 SAM alignment record pairs processed.
50200000 SAM alignment record pairs processed.
50300000 SAM alignment record pairs processed.
50400000 SAM alignment record pairs processed.
50500000 SAM alignment record pairs processed.
50600000 SAM alignment record pairs processed.
50700000 SAM alignment record pairs processed.
50800000 SAM alignment record pairs processed.
50900000 SAM alignment record pairs processed.
51000000 SAM alignment record pairs processed.
51100000 SAM alignment record pairs processed.
51200000 SAM alignment record pairs processed.
51300000 SAM alignment record pairs processed.
51400000 SAM alignment record pairs processed.
51500000 SAM alignment record pairs processed.
51600000 SAM alignment record pairs processed.
51700000 SAM alignment record pairs processed.
51800000 SAM alignment record pairs processed.
51900000 SAM alignment record pairs processed.
52000000 SAM alignment record pairs processed.
52100000 SAM alignment record pairs processed.
52200000 SAM alignment record pairs processed.
52300000 SAM alignment record pairs processed.
52400000 SAM alignment record pairs processed.
52500000 SAM alignment record pairs processed.
52600000 SAM alignment record pairs processed.
52700000 SAM alignment record pairs processed.
52800000 SAM alignment record pairs processed.
52900000 SAM alignment record pairs processed.
53000000 SAM alignment record pairs processed.
53100000 SAM alignment record pairs processed.
53200000 SAM alignment record pairs processed.
53300000 SAM alignment record pairs processed.
53400000 SAM alignment record pairs processed.
53500000 SAM alignment record pairs processed.
53600000 SAM alignment record pairs processed.
53700000 SAM alignment record pairs processed.
53800000 SAM alignment record pairs processed.
53900000 SAM alignment record pairs processed.
54000000 SAM alignment record pairs processed.
54100000 SAM alignment record pairs processed.
54200000 SAM alignment record pairs processed.
54300000 SAM alignment record pairs processed.
54400000 SAM alignment record pairs processed.
54500000 SAM alignment record pairs processed.
54600000 SAM alignment record pairs processed.
54700000 SAM alignment record pairs processed.
54800000 SAM alignment record pairs processed.
54900000 SAM alignment record pairs processed.
55000000 SAM alignment record pairs processed.
55100000 SAM alignment record pairs processed.
55200000 SAM alignment record pairs processed.
55300000 SAM alignment record pairs processed.
55400000 SAM alignment record pairs processed.
55500000 SAM alignment record pairs processed.
55600000 SAM alignment record pairs processed.
55700000 SAM alignment record pairs processed.
55800000 SAM alignment record pairs processed.
55900000 SAM alignment record pairs processed.
56000000 SAM alignment record pairs processed.
56100000 SAM alignment record pairs processed.
56200000 SAM alignment record pairs processed.
56300000 SAM alignment record pairs processed.
56400000 SAM alignment record pairs processed.
56500000 SAM alignment record pairs processed.
56600000 SAM alignment record pairs processed.
56700000 SAM alignment record pairs processed.
56800000 SAM alignment record pairs processed.
56900000 SAM alignment record pairs processed.
57000000 SAM alignment record pairs processed.
57100000 SAM alignment record pairs processed.
57200000 SAM alignment record pairs processed.
57300000 SAM alignment record pairs processed.
57400000 SAM alignment record pairs processed.
57500000 SAM alignment record pairs processed.
57600000 SAM alignment record pairs processed.
57700000 SAM alignment record pairs processed.
57800000 SAM alignment record pairs processed.
57900000 SAM alignment record pairs processed.
58000000 SAM alignment record pairs processed.
58100000 SAM alignment record pairs processed.
58200000 SAM alignment record pairs processed.
58300000 SAM alignment record pairs processed.
58400000 SAM alignment record pairs processed.
58500000 SAM alignment record pairs processed.
58600000 SAM alignment record pairs processed.
58700000 SAM alignment record pairs processed.
58800000 SAM alignment record pairs processed.
58900000 SAM alignment record pairs processed.
