Started analysis of 980-3-GFP-TdT_R1_001.fastq.gz
Approx 5% complete for 980-3-GFP-TdT_R1_001.fastq.gz
Approx 10% complete for 980-3-GFP-TdT_R1_001.fastq.gz
Approx 15% complete for 980-3-GFP-TdT_R1_001.fastq.gz
Approx 20% complete for 980-3-GFP-TdT_R1_001.fastq.gz
Approx 25% complete for 980-3-GFP-TdT_R1_001.fastq.gz
Approx 30% complete for 980-3-GFP-TdT_R1_001.fastq.gz
Approx 35% complete for 980-3-GFP-TdT_R1_001.fastq.gz
Approx 40% complete for 980-3-GFP-TdT_R1_001.fastq.gz
Approx 45% complete for 980-3-GFP-TdT_R1_001.fastq.gz
Approx 50% complete for 980-3-GFP-TdT_R1_001.fastq.gz
Approx 55% complete for 980-3-GFP-TdT_R1_001.fastq.gz
Approx 60% complete for 980-3-GFP-TdT_R1_001.fastq.gz
Approx 65% complete for 980-3-GFP-TdT_R1_001.fastq.gz
Approx 70% complete for 980-3-GFP-TdT_R1_001.fastq.gz
Approx 75% complete for 980-3-GFP-TdT_R1_001.fastq.gz
Approx 80% complete for 980-3-GFP-TdT_R1_001.fastq.gz
Approx 85% complete for 980-3-GFP-TdT_R1_001.fastq.gz
Approx 90% complete for 980-3-GFP-TdT_R1_001.fastq.gz
Approx 95% complete for 980-3-GFP-TdT_R1_001.fastq.gz
Analysis complete for 980-3-GFP-TdT_R1_001.fastq.gz
Started analysis of 980-3-GFP-TdT_R2_001.fastq.gz
Approx 5% complete for 980-3-GFP-TdT_R2_001.fastq.gz
Approx 10% complete for 980-3-GFP-TdT_R2_001.fastq.gz
Approx 15% complete for 980-3-GFP-TdT_R2_001.fastq.gz
Approx 20% complete for 980-3-GFP-TdT_R2_001.fastq.gz
Approx 25% complete for 980-3-GFP-TdT_R2_001.fastq.gz
Approx 30% complete for 980-3-GFP-TdT_R2_001.fastq.gz
Approx 35% complete for 980-3-GFP-TdT_R2_001.fastq.gz
Approx 40% complete for 980-3-GFP-TdT_R2_001.fastq.gz
Approx 45% complete for 980-3-GFP-TdT_R2_001.fastq.gz
Approx 50% complete for 980-3-GFP-TdT_R2_001.fastq.gz
Approx 55% complete for 980-3-GFP-TdT_R2_001.fastq.gz
Approx 60% complete for 980-3-GFP-TdT_R2_001.fastq.gz
Approx 65% complete for 980-3-GFP-TdT_R2_001.fastq.gz
Approx 70% complete for 980-3-GFP-TdT_R2_001.fastq.gz
Approx 75% complete for 980-3-GFP-TdT_R2_001.fastq.gz
Approx 80% complete for 980-3-GFP-TdT_R2_001.fastq.gz
Approx 85% complete for 980-3-GFP-TdT_R2_001.fastq.gz
Approx 90% complete for 980-3-GFP-TdT_R2_001.fastq.gz
Approx 95% complete for 980-3-GFP-TdT_R2_001.fastq.gz
Analysis complete for 980-3-GFP-TdT_R2_001.fastq.gz
  adding: DF_980_3_GFP_tdt_R1_Trimmed_fastqc/ (stored 0%)
  adding: DF_980_3_GFP_tdt_R1_Trimmed_fastqc/fastqc_report.html (deflated 43%)
  adding: DF_980_3_GFP_tdt_R1_Trimmed_fastqc/fastqc_data.txt (deflated 61%)
  adding: DF_980_3_GFP_tdt_R1_Trimmed_fastqc/Images/ (stored 0%)
  adding: DF_980_3_GFP_tdt_R1_Trimmed_fastqc/Images/per_sequence_gc_content.png (deflated 12%)
  adding: DF_980_3_GFP_tdt_R1_Trimmed_fastqc/Images/per_base_quality.png (deflated 51%)
  adding: DF_980_3_GFP_tdt_R1_Trimmed_fastqc/Images/per_sequence_quality.png (deflated 23%)
  adding: DF_980_3_GFP_tdt_R1_Trimmed_fastqc/Images/sequence_length_distribution.png (deflated 11%)
  adding: DF_980_3_GFP_tdt_R1_Trimmed_fastqc/Images/adapter_content.png (deflated 37%)
  adding: DF_980_3_GFP_tdt_R1_Trimmed_fastqc/Images/per_base_n_content.png (deflated 59%)
  adding: DF_980_3_GFP_tdt_R1_Trimmed_fastqc/Images/per_base_sequence_content.png (deflated 15%)
  adding: DF_980_3_GFP_tdt_R1_Trimmed_fastqc/Images/per_tile_quality.png (deflated 17%)
  adding: DF_980_3_GFP_tdt_R1_Trimmed_fastqc/Images/duplication_levels.png (deflated 23%)
  adding: DF_980_3_GFP_tdt_R1_Trimmed_fastqc/Icons/ (stored 0%)
  adding: DF_980_3_GFP_tdt_R1_Trimmed_fastqc/Icons/fastqc_icon.png (stored 0%)
  adding: DF_980_3_GFP_tdt_R1_Trimmed_fastqc/Icons/warning.png (stored 0%)
  adding: DF_980_3_GFP_tdt_R1_Trimmed_fastqc/Icons/tick.png (stored 0%)
  adding: DF_980_3_GFP_tdt_R1_Trimmed_fastqc/Icons/error.png (stored 0%)
  adding: DF_980_3_GFP_tdt_R1_Trimmed_fastqc/summary.txt (deflated 70%)
  adding: DF_980_3_GFP_tdt_R1_Trimmed_fastqc/fastqc.fo (deflated 82%)
  adding: DF_980_3_GFP_tdt_R2_Trimmed_fastqc/ (stored 0%)
  adding: DF_980_3_GFP_tdt_R2_Trimmed_fastqc/fastqc_report.html (deflated 43%)
  adding: DF_980_3_GFP_tdt_R2_Trimmed_fastqc/fastqc_data.txt (deflated 61%)
  adding: DF_980_3_GFP_tdt_R2_Trimmed_fastqc/Images/ (stored 0%)
  adding: DF_980_3_GFP_tdt_R2_Trimmed_fastqc/Images/per_sequence_gc_content.png (deflated 12%)
  adding: DF_980_3_GFP_tdt_R2_Trimmed_fastqc/Images/per_base_quality.png (deflated 47%)
  adding: DF_980_3_GFP_tdt_R2_Trimmed_fastqc/Images/per_sequence_quality.png (deflated 21%)
  adding: DF_980_3_GFP_tdt_R2_Trimmed_fastqc/Images/sequence_length_distribution.png (deflated 11%)
  adding: DF_980_3_GFP_tdt_R2_Trimmed_fastqc/Images/adapter_content.png (deflated 37%)
  adding: DF_980_3_GFP_tdt_R2_Trimmed_fastqc/Images/per_base_n_content.png (deflated 59%)
  adding: DF_980_3_GFP_tdt_R2_Trimmed_fastqc/Images/per_base_sequence_content.png (deflated 15%)
  adding: DF_980_3_GFP_tdt_R2_Trimmed_fastqc/Images/per_tile_quality.png (deflated 18%)
  adding: DF_980_3_GFP_tdt_R2_Trimmed_fastqc/Images/duplication_levels.png (deflated 23%)
  adding: DF_980_3_GFP_tdt_R2_Trimmed_fastqc/Icons/ (stored 0%)
  adding: DF_980_3_GFP_tdt_R2_Trimmed_fastqc/Icons/fastqc_icon.png (stored 0%)
  adding: DF_980_3_GFP_tdt_R2_Trimmed_fastqc/Icons/warning.png (stored 0%)
  adding: DF_980_3_GFP_tdt_R2_Trimmed_fastqc/Icons/tick.png (stored 0%)
  adding: DF_980_3_GFP_tdt_R2_Trimmed_fastqc/Icons/error.png (stored 0%)
  adding: DF_980_3_GFP_tdt_R2_Trimmed_fastqc/summary.txt (deflated 70%)
  adding: DF_980_3_GFP_tdt_R2_Trimmed_fastqc/fastqc.fo (deflated 82%)
Nov 13 14:48:41 ..... started STAR run
Nov 13 14:48:41 ..... loading genome
Nov 13 14:51:17 ..... started mapping
Nov 13 15:31:36 ..... finished mapping
Nov 13 15:31:37 ..... started sorting BAM
Nov 13 15:41:05 ..... finished successfully
[bam_sort_core] merging from 72 files and 12 in-memory blocks...
INFO	2021-11-13 15:48:37	CollectRnaSeqMetrics	

********** NOTE: Picard's command line syntax is changing.
**********
********** For more information, please see:
********** https://github.com/broadinstitute/picard/wiki/Command-Line-Syntax-Transition-For-Users-(Pre-Transition)
**********
********** The command line looks like this in the new syntax:
**********
**********    CollectRnaSeqMetrics -REF_FLAT /projects/Reference/mm10/refFlat_UCSC.txt -STRAND_SPECIFICITY NONE -VALIDATION_STRINGENCY LENIENT -INPUT DF_980_3_GFP_tdt_accepted_hits.sorted.bam -OUTPUT DF_980_3_GFP_tdt_RNASeqMetrics
**********


15:48:37.529 INFO  NativeLibraryLoader - Loading libgkl_compression.so from jar:file:/opt/software/picard-2.22.0/picard.jar!/com/intel/gkl/native/libgkl_compression.so
[Sat Nov 13 15:48:37 EST 2021] CollectRnaSeqMetrics REF_FLAT=/projects/Reference/mm10/refFlat_UCSC.txt STRAND_SPECIFICITY=NONE INPUT=DF_980_3_GFP_tdt_accepted_hits.sorted.bam OUTPUT=DF_980_3_GFP_tdt_RNASeqMetrics VALIDATION_STRINGENCY=LENIENT    MINIMUM_LENGTH=500 RRNA_FRAGMENT_PERCENTAGE=0.8 METRIC_ACCUMULATION_LEVEL=[ALL_READS] ASSUME_SORTED=true STOP_AFTER=0 VERBOSITY=INFO QUIET=false COMPRESSION_LEVEL=5 MAX_RECORDS_IN_RAM=500000 CREATE_INDEX=false CREATE_MD5_FILE=false GA4GH_CLIENT_SECRETS=client_secrets.json USE_JDK_DEFLATER=false USE_JDK_INFLATER=false
[Sat Nov 13 15:48:37 EST 2021] Executing as mengykan@bhimes on Linux 5.4.0-90-generic amd64; OpenJDK 64-Bit Server VM 1.8.0_292-8u292-b10-0ubuntu1~20.04-b10; Deflater: Intel; Inflater: Intel; Provider GCS is not available; Picard version: 2.22.0-SNAPSHOT
INFO	2021-11-13 15:48:37	CollectRnaSeqMetrics	Loaded 24008 genes.
INFO	2021-11-13 15:48:43	SinglePassSamProgram	Processed     1,000,000 records.  Elapsed time: 00:00:05s.  Time for last 1,000,000:    5s.  Last read position: chr10:43,456,257
INFO	2021-11-13 15:48:50	SinglePassSamProgram	Processed     2,000,000 records.  Elapsed time: 00:00:12s.  Time for last 1,000,000:    7s.  Last read position: chr10:76,603,733
INFO	2021-11-13 15:48:56	SinglePassSamProgram	Processed     3,000,000 records.  Elapsed time: 00:00:18s.  Time for last 1,000,000:    5s.  Last read position: chr10:80,253,733
INFO	2021-11-13 15:49:00	SinglePassSamProgram	Processed     4,000,000 records.  Elapsed time: 00:00:22s.  Time for last 1,000,000:    4s.  Last read position: chr10:81,180,917
INFO	2021-11-13 15:49:05	SinglePassSamProgram	Processed     5,000,000 records.  Elapsed time: 00:00:27s.  Time for last 1,000,000:    5s.  Last read position: chr10:91,117,066
INFO	2021-11-13 15:49:09	SinglePassSamProgram	Processed     6,000,000 records.  Elapsed time: 00:00:31s.  Time for last 1,000,000:    3s.  Last read position: chr10:117,278,051
INFO	2021-11-13 15:49:12	SinglePassSamProgram	Processed     7,000,000 records.  Elapsed time: 00:00:34s.  Time for last 1,000,000:    3s.  Last read position: chr10:127,096,018
INFO	2021-11-13 15:49:17	SinglePassSamProgram	Processed     8,000,000 records.  Elapsed time: 00:00:39s.  Time for last 1,000,000:    4s.  Last read position: chr10:128,625,232
INFO	2021-11-13 15:49:23	SinglePassSamProgram	Processed     9,000,000 records.  Elapsed time: 00:00:45s.  Time for last 1,000,000:    5s.  Last read position: chr11:11,946,713
INFO	2021-11-13 15:49:28	SinglePassSamProgram	Processed    10,000,000 records.  Elapsed time: 00:00:50s.  Time for last 1,000,000:    5s.  Last read position: chr11:40,750,293
INFO	2021-11-13 15:49:33	SinglePassSamProgram	Processed    11,000,000 records.  Elapsed time: 00:00:55s.  Time for last 1,000,000:    4s.  Last read position: chr11:53,429,102
INFO	2021-11-13 15:49:38	SinglePassSamProgram	Processed    12,000,000 records.  Elapsed time: 00:01:00s.  Time for last 1,000,000:    5s.  Last read position: chr11:62,551,541
INFO	2021-11-13 15:49:43	SinglePassSamProgram	Processed    13,000,000 records.  Elapsed time: 00:01:05s.  Time for last 1,000,000:    5s.  Last read position: chr11:70,012,237
INFO	2021-11-13 15:49:50	SinglePassSamProgram	Processed    14,000,000 records.  Elapsed time: 00:01:12s.  Time for last 1,000,000:    7s.  Last read position: chr11:78,180,971
INFO	2021-11-13 15:49:56	SinglePassSamProgram	Processed    15,000,000 records.  Elapsed time: 00:01:18s.  Time for last 1,000,000:    5s.  Last read position: chr11:93,949,814
INFO	2021-11-13 15:50:01	SinglePassSamProgram	Processed    16,000,000 records.  Elapsed time: 00:01:23s.  Time for last 1,000,000:    5s.  Last read position: chr11:98,030,317
INFO	2021-11-13 15:50:07	SinglePassSamProgram	Processed    17,000,000 records.  Elapsed time: 00:01:29s.  Time for last 1,000,000:    5s.  Last read position: chr11:103,687,613
INFO	2021-11-13 15:50:11	SinglePassSamProgram	Processed    18,000,000 records.  Elapsed time: 00:01:33s.  Time for last 1,000,000:    4s.  Last read position: chr11:116,064,343
INFO	2021-11-13 15:50:16	SinglePassSamProgram	Processed    19,000,000 records.  Elapsed time: 00:01:38s.  Time for last 1,000,000:    4s.  Last read position: chr11:120,563,671
INFO	2021-11-13 15:50:22	SinglePassSamProgram	Processed    20,000,000 records.  Elapsed time: 00:01:44s.  Time for last 1,000,000:    6s.  Last read position: chr12:8,790,488
INFO	2021-11-13 15:50:26	SinglePassSamProgram	Processed    21,000,000 records.  Elapsed time: 00:01:48s.  Time for last 1,000,000:    4s.  Last read position: chr12:33,429,895
INFO	2021-11-13 15:50:30	SinglePassSamProgram	Processed    22,000,000 records.  Elapsed time: 00:01:52s.  Time for last 1,000,000:    4s.  Last read position: chr12:75,735,479
INFO	2021-11-13 15:50:34	SinglePassSamProgram	Processed    23,000,000 records.  Elapsed time: 00:01:57s.  Time for last 1,000,000:    4s.  Last read position: chr12:84,756,903
INFO	2021-11-13 15:50:38	SinglePassSamProgram	Processed    24,000,000 records.  Elapsed time: 00:02:00s.  Time for last 1,000,000:    3s.  Last read position: chr12:87,309,968
INFO	2021-11-13 15:50:43	SinglePassSamProgram	Processed    25,000,000 records.  Elapsed time: 00:02:05s.  Time for last 1,000,000:    5s.  Last read position: chr12:111,263,911
INFO	2021-11-13 15:50:48	SinglePassSamProgram	Processed    26,000,000 records.  Elapsed time: 00:02:10s.  Time for last 1,000,000:    4s.  Last read position: chr13:32,968,500
INFO	2021-11-13 15:50:53	SinglePassSamProgram	Processed    27,000,000 records.  Elapsed time: 00:02:15s.  Time for last 1,000,000:    5s.  Last read position: chr13:58,394,693
INFO	2021-11-13 15:50:58	SinglePassSamProgram	Processed    28,000,000 records.  Elapsed time: 00:02:20s.  Time for last 1,000,000:    5s.  Last read position: chr13:86,045,774
INFO	2021-11-13 15:51:02	SinglePassSamProgram	Processed    29,000,000 records.  Elapsed time: 00:02:25s.  Time for last 1,000,000:    4s.  Last read position: chr13:119,450,702
INFO	2021-11-13 15:51:08	SinglePassSamProgram	Processed    30,000,000 records.  Elapsed time: 00:02:30s.  Time for last 1,000,000:    5s.  Last read position: chr14:30,765,638
INFO	2021-11-13 15:51:12	SinglePassSamProgram	Processed    31,000,000 records.  Elapsed time: 00:02:34s.  Time for last 1,000,000:    4s.  Last read position: chr14:41,169,745
INFO	2021-11-13 15:51:15	SinglePassSamProgram	Processed    32,000,000 records.  Elapsed time: 00:02:38s.  Time for last 1,000,000:    3s.  Last read position: chr14:51,105,538
INFO	2021-11-13 15:51:20	SinglePassSamProgram	Processed    33,000,000 records.  Elapsed time: 00:02:42s.  Time for last 1,000,000:    4s.  Last read position: chr14:65,975,909
INFO	2021-11-13 15:51:23	SinglePassSamProgram	Processed    34,000,000 records.  Elapsed time: 00:02:45s.  Time for last 1,000,000:    3s.  Last read position: chr14:70,520,995
INFO	2021-11-13 15:51:26	SinglePassSamProgram	Processed    35,000,000 records.  Elapsed time: 00:02:48s.  Time for last 1,000,000:    2s.  Last read position: chr14:70,521,049
INFO	2021-11-13 15:51:29	SinglePassSamProgram	Processed    36,000,000 records.  Elapsed time: 00:02:51s.  Time for last 1,000,000:    2s.  Last read position: chr14:70,521,325
INFO	2021-11-13 15:51:31	SinglePassSamProgram	Processed    37,000,000 records.  Elapsed time: 00:02:53s.  Time for last 1,000,000:    2s.  Last read position: chr14:70,521,384
INFO	2021-11-13 15:51:34	SinglePassSamProgram	Processed    38,000,000 records.  Elapsed time: 00:02:57s.  Time for last 1,000,000:    3s.  Last read position: chr14:70,521,445
INFO	2021-11-13 15:51:38	SinglePassSamProgram	Processed    39,000,000 records.  Elapsed time: 00:03:00s.  Time for last 1,000,000:    3s.  Last read position: chr14:70,521,808
INFO	2021-11-13 15:51:41	SinglePassSamProgram	Processed    40,000,000 records.  Elapsed time: 00:03:03s.  Time for last 1,000,000:    3s.  Last read position: chr14:70,521,863
INFO	2021-11-13 15:51:44	SinglePassSamProgram	Processed    41,000,000 records.  Elapsed time: 00:03:06s.  Time for last 1,000,000:    3s.  Last read position: chr14:70,522,177
INFO	2021-11-13 15:51:47	SinglePassSamProgram	Processed    42,000,000 records.  Elapsed time: 00:03:10s.  Time for last 1,000,000:    3s.  Last read position: chr14:70,522,202
INFO	2021-11-13 15:51:51	SinglePassSamProgram	Processed    43,000,000 records.  Elapsed time: 00:03:13s.  Time for last 1,000,000:    3s.  Last read position: chr14:70,522,235
INFO	2021-11-13 15:51:55	SinglePassSamProgram	Processed    44,000,000 records.  Elapsed time: 00:03:17s.  Time for last 1,000,000:    3s.  Last read position: chr14:70,522,614
INFO	2021-11-13 15:51:58	SinglePassSamProgram	Processed    45,000,000 records.  Elapsed time: 00:03:20s.  Time for last 1,000,000:    3s.  Last read position: chr14:70,522,666
INFO	2021-11-13 15:52:02	SinglePassSamProgram	Processed    46,000,000 records.  Elapsed time: 00:03:24s.  Time for last 1,000,000:    3s.  Last read position: chr14:70,522,679
INFO	2021-11-13 15:52:06	SinglePassSamProgram	Processed    47,000,000 records.  Elapsed time: 00:03:28s.  Time for last 1,000,000:    3s.  Last read position: chr14:70,522,684
INFO	2021-11-13 15:52:09	SinglePassSamProgram	Processed    48,000,000 records.  Elapsed time: 00:03:31s.  Time for last 1,000,000:    3s.  Last read position: chr14:70,522,718
INFO	2021-11-13 15:52:12	SinglePassSamProgram	Processed    49,000,000 records.  Elapsed time: 00:03:34s.  Time for last 1,000,000:    3s.  Last read position: chr14:70,536,819
INFO	2021-11-13 15:52:16	SinglePassSamProgram	Processed    50,000,000 records.  Elapsed time: 00:03:38s.  Time for last 1,000,000:    3s.  Last read position: chr14:75,848,105
INFO	2021-11-13 15:52:21	SinglePassSamProgram	Processed    51,000,000 records.  Elapsed time: 00:03:43s.  Time for last 1,000,000:    5s.  Last read position: chr15:7,195,097
INFO	2021-11-13 15:52:27	SinglePassSamProgram	Processed    52,000,000 records.  Elapsed time: 00:03:49s.  Time for last 1,000,000:    5s.  Last read position: chr15:51,973,180
INFO	2021-11-13 15:52:32	SinglePassSamProgram	Processed    53,000,000 records.  Elapsed time: 00:03:54s.  Time for last 1,000,000:    5s.  Last read position: chr15:76,904,670
INFO	2021-11-13 15:52:37	SinglePassSamProgram	Processed    54,000,000 records.  Elapsed time: 00:03:59s.  Time for last 1,000,000:    4s.  Last read position: chr15:81,865,649
INFO	2021-11-13 15:52:43	SinglePassSamProgram	Processed    55,000,000 records.  Elapsed time: 00:04:06s.  Time for last 1,000,000:    6s.  Last read position: chr15:98,541,567
INFO	2021-11-13 15:52:49	SinglePassSamProgram	Processed    56,000,000 records.  Elapsed time: 00:04:11s.  Time for last 1,000,000:    5s.  Last read position: chr15:102,331,337
INFO	2021-11-13 15:52:55	SinglePassSamProgram	Processed    57,000,000 records.  Elapsed time: 00:04:17s.  Time for last 1,000,000:    5s.  Last read position: chr16:18,066,835
INFO	2021-11-13 15:53:01	SinglePassSamProgram	Processed    58,000,000 records.  Elapsed time: 00:04:23s.  Time for last 1,000,000:    6s.  Last read position: chr16:32,037,295
INFO	2021-11-13 15:53:06	SinglePassSamProgram	Processed    59,000,000 records.  Elapsed time: 00:04:28s.  Time for last 1,000,000:    4s.  Last read position: chr16:57,147,731
INFO	2021-11-13 15:53:14	SinglePassSamProgram	Processed    60,000,000 records.  Elapsed time: 00:04:36s.  Time for last 1,000,000:    8s.  Last read position: chr16:91,926,496
INFO	2021-11-13 15:53:19	SinglePassSamProgram	Processed    61,000,000 records.  Elapsed time: 00:04:41s.  Time for last 1,000,000:    4s.  Last read position: chr17:15,504,347
INFO	2021-11-13 15:53:27	SinglePassSamProgram	Processed    62,000,000 records.  Elapsed time: 00:04:49s.  Time for last 1,000,000:    7s.  Last read position: chr17:25,860,419
INFO	2021-11-13 15:53:31	SinglePassSamProgram	Processed    63,000,000 records.  Elapsed time: 00:04:53s.  Time for last 1,000,000:    4s.  Last read position: chr17:29,340,810
INFO	2021-11-13 15:53:37	SinglePassSamProgram	Processed    64,000,000 records.  Elapsed time: 00:04:59s.  Time for last 1,000,000:    5s.  Last read position: chr17:34,599,108
INFO	2021-11-13 15:53:43	SinglePassSamProgram	Processed    65,000,000 records.  Elapsed time: 00:05:05s.  Time for last 1,000,000:    6s.  Last read position: chr17:42,793,922
INFO	2021-11-13 15:53:48	SinglePassSamProgram	Processed    66,000,000 records.  Elapsed time: 00:05:10s.  Time for last 1,000,000:    5s.  Last read position: chr17:56,613,429
INFO	2021-11-13 15:53:54	SinglePassSamProgram	Processed    67,000,000 records.  Elapsed time: 00:05:16s.  Time for last 1,000,000:    5s.  Last read position: chr17:80,242,927
INFO	2021-11-13 15:53:59	SinglePassSamProgram	Processed    68,000,000 records.  Elapsed time: 00:05:21s.  Time for last 1,000,000:    5s.  Last read position: chr18:34,862,463
INFO	2021-11-13 15:54:04	SinglePassSamProgram	Processed    69,000,000 records.  Elapsed time: 00:05:26s.  Time for last 1,000,000:    4s.  Last read position: chr18:60,474,466
INFO	2021-11-13 15:54:09	SinglePassSamProgram	Processed    70,000,000 records.  Elapsed time: 00:05:31s.  Time for last 1,000,000:    4s.  Last read position: chr18:75,001,669
INFO	2021-11-13 15:54:14	SinglePassSamProgram	Processed    71,000,000 records.  Elapsed time: 00:05:36s.  Time for last 1,000,000:    5s.  Last read position: chr19:4,621,146
INFO	2021-11-13 15:54:18	SinglePassSamProgram	Processed    72,000,000 records.  Elapsed time: 00:05:41s.  Time for last 1,000,000:    4s.  Last read position: chr19:7,215,413
INFO	2021-11-13 15:54:24	SinglePassSamProgram	Processed    73,000,000 records.  Elapsed time: 00:05:46s.  Time for last 1,000,000:    5s.  Last read position: chr19:11,749,708
INFO	2021-11-13 15:54:29	SinglePassSamProgram	Processed    74,000,000 records.  Elapsed time: 00:05:51s.  Time for last 1,000,000:    5s.  Last read position: chr19:41,915,738
INFO	2021-11-13 15:54:34	SinglePassSamProgram	Processed    75,000,000 records.  Elapsed time: 00:05:56s.  Time for last 1,000,000:    4s.  Last read position: chr19:60,531,419
INFO	2021-11-13 15:54:38	SinglePassSamProgram	Processed    76,000,000 records.  Elapsed time: 00:06:00s.  Time for last 1,000,000:    3s.  Last read position: chr1:24,613,618
INFO	2021-11-13 15:54:39	SinglePassSamProgram	Processed    77,000,000 records.  Elapsed time: 00:06:01s.  Time for last 1,000,000:    1s.  Last read position: chr1:24,615,838
INFO	2021-11-13 15:54:44	SinglePassSamProgram	Processed    78,000,000 records.  Elapsed time: 00:06:07s.  Time for last 1,000,000:    5s.  Last read position: chr1:55,131,311
INFO	2021-11-13 15:54:51	SinglePassSamProgram	Processed    79,000,000 records.  Elapsed time: 00:06:13s.  Time for last 1,000,000:    6s.  Last read position: chr1:78,393,399
INFO	2021-11-13 15:54:56	SinglePassSamProgram	Processed    80,000,000 records.  Elapsed time: 00:06:18s.  Time for last 1,000,000:    5s.  Last read position: chr1:96,818,037
INFO	2021-11-13 15:55:01	SinglePassSamProgram	Processed    81,000,000 records.  Elapsed time: 00:06:23s.  Time for last 1,000,000:    4s.  Last read position: chr1:134,188,535
INFO	2021-11-13 15:55:06	SinglePassSamProgram	Processed    82,000,000 records.  Elapsed time: 00:06:28s.  Time for last 1,000,000:    4s.  Last read position: chr1:161,037,020
INFO	2021-11-13 15:55:10	SinglePassSamProgram	Processed    83,000,000 records.  Elapsed time: 00:06:32s.  Time for last 1,000,000:    4s.  Last read position: chr1:177,848,444
INFO	2021-11-13 15:55:15	SinglePassSamProgram	Processed    84,000,000 records.  Elapsed time: 00:06:37s.  Time for last 1,000,000:    5s.  Last read position: chr2:16,751,440
INFO	2021-11-13 15:55:19	SinglePassSamProgram	Processed    85,000,000 records.  Elapsed time: 00:06:42s.  Time for last 1,000,000:    4s.  Last read position: chr2:28,552,313
INFO	2021-11-13 15:55:26	SinglePassSamProgram	Processed    86,000,000 records.  Elapsed time: 00:06:48s.  Time for last 1,000,000:    6s.  Last read position: chr2:34,025,877
INFO	2021-11-13 15:55:32	SinglePassSamProgram	Processed    87,000,000 records.  Elapsed time: 00:06:54s.  Time for last 1,000,000:    6s.  Last read position: chr2:40,557,144
INFO	2021-11-13 15:55:39	SinglePassSamProgram	Processed    88,000,000 records.  Elapsed time: 00:07:01s.  Time for last 1,000,000:    6s.  Last read position: chr2:75,699,190
INFO	2021-11-13 15:55:45	SinglePassSamProgram	Processed    89,000,000 records.  Elapsed time: 00:07:07s.  Time for last 1,000,000:    6s.  Last read position: chr2:117,178,924
INFO	2021-11-13 15:55:51	SinglePassSamProgram	Processed    90,000,000 records.  Elapsed time: 00:07:13s.  Time for last 1,000,000:    5s.  Last read position: chr2:130,663,367
INFO	2021-11-13 15:55:56	SinglePassSamProgram	Processed    91,000,000 records.  Elapsed time: 00:07:18s.  Time for last 1,000,000:    5s.  Last read position: chr2:152,781,888
INFO	2021-11-13 15:56:02	SinglePassSamProgram	Processed    92,000,000 records.  Elapsed time: 00:07:24s.  Time for last 1,000,000:    5s.  Last read position: chr2:164,354,310
INFO	2021-11-13 15:56:10	SinglePassSamProgram	Processed    93,000,000 records.  Elapsed time: 00:07:32s.  Time for last 1,000,000:    8s.  Last read position: chr2:177,252,985
INFO	2021-11-13 15:56:15	SinglePassSamProgram	Processed    94,000,000 records.  Elapsed time: 00:07:37s.  Time for last 1,000,000:    5s.  Last read position: chr3:36,465,325
INFO	2021-11-13 15:56:20	SinglePassSamProgram	Processed    95,000,000 records.  Elapsed time: 00:07:43s.  Time for last 1,000,000:    5s.  Last read position: chr3:88,056,529
INFO	2021-11-13 15:56:27	SinglePassSamProgram	Processed    96,000,000 records.  Elapsed time: 00:07:49s.  Time for last 1,000,000:    6s.  Last read position: chr3:90,614,205
INFO	2021-11-13 15:56:31	SinglePassSamProgram	Processed    97,000,000 records.  Elapsed time: 00:07:54s.  Time for last 1,000,000:    4s.  Last read position: chr3:101,591,145
INFO	2021-11-13 15:56:37	SinglePassSamProgram	Processed    98,000,000 records.  Elapsed time: 00:07:59s.  Time for last 1,000,000:    5s.  Last read position: chr3:121,777,022
INFO	2021-11-13 15:56:43	SinglePassSamProgram	Processed    99,000,000 records.  Elapsed time: 00:08:05s.  Time for last 1,000,000:    5s.  Last read position: chr3:150,072,786
INFO	2021-11-13 15:56:48	SinglePassSamProgram	Processed   100,000,000 records.  Elapsed time: 00:08:10s.  Time for last 1,000,000:    5s.  Last read position: chr4:40,724,051
INFO	2021-11-13 15:56:53	SinglePassSamProgram	Processed   101,000,000 records.  Elapsed time: 00:08:15s.  Time for last 1,000,000:    4s.  Last read position: chr4:62,510,746
INFO	2021-11-13 15:56:57	SinglePassSamProgram	Processed   102,000,000 records.  Elapsed time: 00:08:19s.  Time for last 1,000,000:    4s.  Last read position: chr4:103,564,908
INFO	2021-11-13 15:57:01	SinglePassSamProgram	Processed   103,000,000 records.  Elapsed time: 00:08:23s.  Time for last 1,000,000:    4s.  Last read position: chr4:117,155,098
INFO	2021-11-13 15:57:07	SinglePassSamProgram	Processed   104,000,000 records.  Elapsed time: 00:08:29s.  Time for last 1,000,000:    5s.  Last read position: chr4:126,316,734
INFO	2021-11-13 15:57:12	SinglePassSamProgram	Processed   105,000,000 records.  Elapsed time: 00:08:34s.  Time for last 1,000,000:    4s.  Last read position: chr4:136,049,980
INFO	2021-11-13 15:57:19	SinglePassSamProgram	Processed   106,000,000 records.  Elapsed time: 00:08:41s.  Time for last 1,000,000:    6s.  Last read position: chr4:149,150,887
INFO	2021-11-13 15:57:24	SinglePassSamProgram	Processed   107,000,000 records.  Elapsed time: 00:08:46s.  Time for last 1,000,000:    5s.  Last read position: chr5:3,640,159
INFO	2021-11-13 15:57:30	SinglePassSamProgram	Processed   108,000,000 records.  Elapsed time: 00:08:52s.  Time for last 1,000,000:    6s.  Last read position: chr5:30,930,818
INFO	2021-11-13 15:57:35	SinglePassSamProgram	Processed   109,000,000 records.  Elapsed time: 00:08:57s.  Time for last 1,000,000:    5s.  Last read position: chr5:53,063,850
INFO	2021-11-13 15:57:41	SinglePassSamProgram	Processed   110,000,000 records.  Elapsed time: 00:09:03s.  Time for last 1,000,000:    5s.  Last read position: chr5:65,390,390
INFO	2021-11-13 15:57:46	SinglePassSamProgram	Processed   111,000,000 records.  Elapsed time: 00:09:08s.  Time for last 1,000,000:    5s.  Last read position: chr5:90,801,309
INFO	2021-11-13 15:57:50	SinglePassSamProgram	Processed   112,000,000 records.  Elapsed time: 00:09:12s.  Time for last 1,000,000:    3s.  Last read position: chr5:104,009,841
INFO	2021-11-13 15:57:55	SinglePassSamProgram	Processed   113,000,000 records.  Elapsed time: 00:09:17s.  Time for last 1,000,000:    4s.  Last read position: chr5:115,560,902
INFO	2021-11-13 15:57:59	SinglePassSamProgram	Processed   114,000,000 records.  Elapsed time: 00:09:22s.  Time for last 1,000,000:    4s.  Last read position: chr5:122,367,401
INFO	2021-11-13 15:58:05	SinglePassSamProgram	Processed   115,000,000 records.  Elapsed time: 00:09:28s.  Time for last 1,000,000:    5s.  Last read position: chr5:134,946,762
INFO	2021-11-13 15:58:10	SinglePassSamProgram	Processed   116,000,000 records.  Elapsed time: 00:09:32s.  Time for last 1,000,000:    4s.  Last read position: chr5:142,904,544
INFO	2021-11-13 15:58:14	SinglePassSamProgram	Processed   117,000,000 records.  Elapsed time: 00:09:36s.  Time for last 1,000,000:    3s.  Last read position: chr6:5,220,626
INFO	2021-11-13 15:58:19	SinglePassSamProgram	Processed   118,000,000 records.  Elapsed time: 00:09:41s.  Time for last 1,000,000:    4s.  Last read position: chr6:42,246,034
INFO	2021-11-13 15:58:25	SinglePassSamProgram	Processed   119,000,000 records.  Elapsed time: 00:09:47s.  Time for last 1,000,000:    5s.  Last read position: chr6:72,304,630
INFO	2021-11-13 15:58:29	SinglePassSamProgram	Processed   120,000,000 records.  Elapsed time: 00:09:52s.  Time for last 1,000,000:    4s.  Last read position: chr6:72,306,948
INFO	2021-11-13 15:58:37	SinglePassSamProgram	Processed   121,000,000 records.  Elapsed time: 00:09:59s.  Time for last 1,000,000:    7s.  Last read position: chr6:72,314,124
INFO	2021-11-13 15:58:41	SinglePassSamProgram	Processed   122,000,000 records.  Elapsed time: 00:10:03s.  Time for last 1,000,000:    4s.  Last read position: chr6:85,945,419
INFO	2021-11-13 15:58:46	SinglePassSamProgram	Processed   123,000,000 records.  Elapsed time: 00:10:08s.  Time for last 1,000,000:    4s.  Last read position: chr6:114,863,607
INFO	2021-11-13 15:58:52	SinglePassSamProgram	Processed   124,000,000 records.  Elapsed time: 00:10:14s.  Time for last 1,000,000:    6s.  Last read position: chr6:125,163,295
INFO	2021-11-13 15:58:56	SinglePassSamProgram	Processed   125,000,000 records.  Elapsed time: 00:10:18s.  Time for last 1,000,000:    3s.  Last read position: chr6:145,219,701
INFO	2021-11-13 15:59:00	SinglePassSamProgram	Processed   126,000,000 records.  Elapsed time: 00:10:22s.  Time for last 1,000,000:    3s.  Last read position: chr7:13,028,416
INFO	2021-11-13 15:59:04	SinglePassSamProgram	Processed   127,000,000 records.  Elapsed time: 00:10:26s.  Time for last 1,000,000:    4s.  Last read position: chr7:24,885,189
INFO	2021-11-13 15:59:09	SinglePassSamProgram	Processed   128,000,000 records.  Elapsed time: 00:10:31s.  Time for last 1,000,000:    4s.  Last read position: chr7:29,223,385
INFO	2021-11-13 15:59:13	SinglePassSamProgram	Processed   129,000,000 records.  Elapsed time: 00:10:35s.  Time for last 1,000,000:    4s.  Last read position: chr7:44,598,857
INFO	2021-11-13 15:59:18	SinglePassSamProgram	Processed   130,000,000 records.  Elapsed time: 00:10:40s.  Time for last 1,000,000:    5s.  Last read position: chr7:45,458,116
INFO	2021-11-13 15:59:23	SinglePassSamProgram	Processed   131,000,000 records.  Elapsed time: 00:10:45s.  Time for last 1,000,000:    4s.  Last read position: chr7:65,303,016
INFO	2021-11-13 15:59:28	SinglePassSamProgram	Processed   132,000,000 records.  Elapsed time: 00:10:50s.  Time for last 1,000,000:    4s.  Last read position: chr7:88,430,503
INFO	2021-11-13 15:59:33	SinglePassSamProgram	Processed   133,000,000 records.  Elapsed time: 00:10:55s.  Time for last 1,000,000:    5s.  Last read position: chr7:105,558,232
INFO	2021-11-13 15:59:38	SinglePassSamProgram	Processed   134,000,000 records.  Elapsed time: 00:11:00s.  Time for last 1,000,000:    5s.  Last read position: chr7:118,115,108
INFO	2021-11-13 15:59:43	SinglePassSamProgram	Processed   135,000,000 records.  Elapsed time: 00:11:05s.  Time for last 1,000,000:    4s.  Last read position: chr7:127,977,229
INFO	2021-11-13 15:59:47	SinglePassSamProgram	Processed   136,000,000 records.  Elapsed time: 00:11:09s.  Time for last 1,000,000:    4s.  Last read position: chr7:142,385,519
INFO	2021-11-13 15:59:57	SinglePassSamProgram	Processed   137,000,000 records.  Elapsed time: 00:11:19s.  Time for last 1,000,000:    9s.  Last read position: chr8:13,167,831
INFO	2021-11-13 16:00:02	SinglePassSamProgram	Processed   138,000,000 records.  Elapsed time: 00:11:24s.  Time for last 1,000,000:    4s.  Last read position: chr8:46,638,785
INFO	2021-11-13 16:00:06	SinglePassSamProgram	Processed   139,000,000 records.  Elapsed time: 00:11:28s.  Time for last 1,000,000:    4s.  Last read position: chr8:70,895,688
INFO	2021-11-13 16:00:10	SinglePassSamProgram	Processed   140,000,000 records.  Elapsed time: 00:11:32s.  Time for last 1,000,000:    4s.  Last read position: chr8:84,974,005
INFO	2021-11-13 16:00:16	SinglePassSamProgram	Processed   141,000,000 records.  Elapsed time: 00:11:38s.  Time for last 1,000,000:    5s.  Last read position: chr8:105,252,287
INFO	2021-11-13 16:00:20	SinglePassSamProgram	Processed   142,000,000 records.  Elapsed time: 00:11:43s.  Time for last 1,000,000:    4s.  Last read position: chr8:120,672,753
INFO	2021-11-13 16:00:25	SinglePassSamProgram	Processed   143,000,000 records.  Elapsed time: 00:11:47s.  Time for last 1,000,000:    4s.  Last read position: chr9:7,793,524
INFO	2021-11-13 16:00:31	SinglePassSamProgram	Processed   144,000,000 records.  Elapsed time: 00:11:53s.  Time for last 1,000,000:    6s.  Last read position: chr9:35,187,926
INFO	2021-11-13 16:00:36	SinglePassSamProgram	Processed   145,000,000 records.  Elapsed time: 00:11:58s.  Time for last 1,000,000:    4s.  Last read position: chr9:50,751,246
INFO	2021-11-13 16:00:40	SinglePassSamProgram	Processed   146,000,000 records.  Elapsed time: 00:12:02s.  Time for last 1,000,000:    4s.  Last read position: chr9:64,174,989
INFO	2021-11-13 16:00:46	SinglePassSamProgram	Processed   147,000,000 records.  Elapsed time: 00:12:08s.  Time for last 1,000,000:    6s.  Last read position: chr9:72,670,073
INFO	2021-11-13 16:00:51	SinglePassSamProgram	Processed   148,000,000 records.  Elapsed time: 00:12:13s.  Time for last 1,000,000:    4s.  Last read position: chr9:78,479,397
INFO	2021-11-13 16:00:54	SinglePassSamProgram	Processed   149,000,000 records.  Elapsed time: 00:12:16s.  Time for last 1,000,000:    3s.  Last read position: chr9:86,582,295
INFO	2021-11-13 16:00:59	SinglePassSamProgram	Processed   150,000,000 records.  Elapsed time: 00:12:21s.  Time for last 1,000,000:    4s.  Last read position: chr9:96,895,625
INFO	2021-11-13 16:01:04	SinglePassSamProgram	Processed   151,000,000 records.  Elapsed time: 00:12:26s.  Time for last 1,000,000:    4s.  Last read position: chr9:108,091,253
INFO	2021-11-13 16:01:10	SinglePassSamProgram	Processed   152,000,000 records.  Elapsed time: 00:12:32s.  Time for last 1,000,000:    6s.  Last read position: chr9:119,971,217
INFO	2021-11-13 16:01:15	SinglePassSamProgram	Processed   153,000,000 records.  Elapsed time: 00:12:37s.  Time for last 1,000,000:    4s.  Last read position: chrM:1,876
INFO	2021-11-13 16:01:16	SinglePassSamProgram	Processed   154,000,000 records.  Elapsed time: 00:12:38s.  Time for last 1,000,000:    1s.  Last read position: chrM:5,428
INFO	2021-11-13 16:01:18	SinglePassSamProgram	Processed   155,000,000 records.  Elapsed time: 00:12:40s.  Time for last 1,000,000:    1s.  Last read position: chrM:5,983
INFO	2021-11-13 16:01:19	SinglePassSamProgram	Processed   156,000,000 records.  Elapsed time: 00:12:41s.  Time for last 1,000,000:    1s.  Last read position: chrM:6,673
INFO	2021-11-13 16:01:21	SinglePassSamProgram	Processed   157,000,000 records.  Elapsed time: 00:12:43s.  Time for last 1,000,000:    1s.  Last read position: chrM:8,804
INFO	2021-11-13 16:01:22	SinglePassSamProgram	Processed   158,000,000 records.  Elapsed time: 00:12:44s.  Time for last 1,000,000:    1s.  Last read position: chrM:14,158
INFO	2021-11-13 16:01:25	SinglePassSamProgram	Processed   159,000,000 records.  Elapsed time: 00:12:47s.  Time for last 1,000,000:    2s.  Last read position: chrX:13,286,038
INFO	2021-11-13 16:01:30	SinglePassSamProgram	Processed   160,000,000 records.  Elapsed time: 00:12:52s.  Time for last 1,000,000:    4s.  Last read position: chrX:52,912,368
INFO	2021-11-13 16:01:35	SinglePassSamProgram	Processed   161,000,000 records.  Elapsed time: 00:12:57s.  Time for last 1,000,000:    5s.  Last read position: chrX:96,167,252
INFO	2021-11-13 16:01:39	SinglePassSamProgram	Processed   162,000,000 records.  Elapsed time: 00:13:01s.  Time for last 1,000,000:    3s.  Last read position: chrX:136,246,816
INFO	2021-11-13 16:01:44	SinglePassSamProgram	Processed   163,000,000 records.  Elapsed time: 00:13:06s.  Time for last 1,000,000:    5s.  Last read position: chrX:167,207,377
[Sat Nov 13 16:01:45 EST 2021] picard.analysis.CollectRnaSeqMetrics done. Elapsed time: 13.14 minutes.
Runtime.totalMemory()=1188036608
