Started analysis of 927-1-GFP_R1_001.fastq.gz
Approx 5% complete for 927-1-GFP_R1_001.fastq.gz
Approx 10% complete for 927-1-GFP_R1_001.fastq.gz
Approx 15% complete for 927-1-GFP_R1_001.fastq.gz
Approx 20% complete for 927-1-GFP_R1_001.fastq.gz
Approx 25% complete for 927-1-GFP_R1_001.fastq.gz
Approx 30% complete for 927-1-GFP_R1_001.fastq.gz
Approx 35% complete for 927-1-GFP_R1_001.fastq.gz
Approx 40% complete for 927-1-GFP_R1_001.fastq.gz
Approx 45% complete for 927-1-GFP_R1_001.fastq.gz
Approx 50% complete for 927-1-GFP_R1_001.fastq.gz
Approx 55% complete for 927-1-GFP_R1_001.fastq.gz
Approx 60% complete for 927-1-GFP_R1_001.fastq.gz
Approx 65% complete for 927-1-GFP_R1_001.fastq.gz
Approx 70% complete for 927-1-GFP_R1_001.fastq.gz
Approx 75% complete for 927-1-GFP_R1_001.fastq.gz
Approx 80% complete for 927-1-GFP_R1_001.fastq.gz
Approx 85% complete for 927-1-GFP_R1_001.fastq.gz
Approx 90% complete for 927-1-GFP_R1_001.fastq.gz
Approx 95% complete for 927-1-GFP_R1_001.fastq.gz
Analysis complete for 927-1-GFP_R1_001.fastq.gz
Started analysis of 927-1-GFP_R2_001.fastq.gz
Approx 5% complete for 927-1-GFP_R2_001.fastq.gz
Approx 10% complete for 927-1-GFP_R2_001.fastq.gz
Approx 15% complete for 927-1-GFP_R2_001.fastq.gz
Approx 20% complete for 927-1-GFP_R2_001.fastq.gz
Approx 25% complete for 927-1-GFP_R2_001.fastq.gz
Approx 30% complete for 927-1-GFP_R2_001.fastq.gz
Approx 35% complete for 927-1-GFP_R2_001.fastq.gz
Approx 40% complete for 927-1-GFP_R2_001.fastq.gz
Approx 45% complete for 927-1-GFP_R2_001.fastq.gz
Approx 50% complete for 927-1-GFP_R2_001.fastq.gz
Approx 55% complete for 927-1-GFP_R2_001.fastq.gz
Approx 60% complete for 927-1-GFP_R2_001.fastq.gz
Approx 65% complete for 927-1-GFP_R2_001.fastq.gz
Approx 70% complete for 927-1-GFP_R2_001.fastq.gz
Approx 75% complete for 927-1-GFP_R2_001.fastq.gz
Approx 80% complete for 927-1-GFP_R2_001.fastq.gz
Approx 85% complete for 927-1-GFP_R2_001.fastq.gz
Approx 90% complete for 927-1-GFP_R2_001.fastq.gz
Approx 95% complete for 927-1-GFP_R2_001.fastq.gz
Analysis complete for 927-1-GFP_R2_001.fastq.gz
  adding: DF_927_1_GFP_R1_Trimmed_fastqc/ (stored 0%)
  adding: DF_927_1_GFP_R1_Trimmed_fastqc/fastqc_report.html (deflated 43%)
  adding: DF_927_1_GFP_R1_Trimmed_fastqc/fastqc_data.txt (deflated 61%)
  adding: DF_927_1_GFP_R1_Trimmed_fastqc/Images/ (stored 0%)
  adding: DF_927_1_GFP_R1_Trimmed_fastqc/Images/per_sequence_gc_content.png (deflated 11%)
  adding: DF_927_1_GFP_R1_Trimmed_fastqc/Images/per_base_quality.png (deflated 51%)
  adding: DF_927_1_GFP_R1_Trimmed_fastqc/Images/per_sequence_quality.png (deflated 23%)
  adding: DF_927_1_GFP_R1_Trimmed_fastqc/Images/sequence_length_distribution.png (deflated 11%)
  adding: DF_927_1_GFP_R1_Trimmed_fastqc/Images/adapter_content.png (deflated 36%)
  adding: DF_927_1_GFP_R1_Trimmed_fastqc/Images/per_base_n_content.png (deflated 59%)
  adding: DF_927_1_GFP_R1_Trimmed_fastqc/Images/per_base_sequence_content.png (deflated 15%)
  adding: DF_927_1_GFP_R1_Trimmed_fastqc/Images/per_tile_quality.png (deflated 19%)
  adding: DF_927_1_GFP_R1_Trimmed_fastqc/Images/duplication_levels.png (deflated 22%)
  adding: DF_927_1_GFP_R1_Trimmed_fastqc/Icons/ (stored 0%)
  adding: DF_927_1_GFP_R1_Trimmed_fastqc/Icons/fastqc_icon.png (stored 0%)
  adding: DF_927_1_GFP_R1_Trimmed_fastqc/Icons/warning.png (stored 0%)
  adding: DF_927_1_GFP_R1_Trimmed_fastqc/Icons/tick.png (stored 0%)
  adding: DF_927_1_GFP_R1_Trimmed_fastqc/Icons/error.png (stored 0%)
  adding: DF_927_1_GFP_R1_Trimmed_fastqc/summary.txt (deflated 68%)
  adding: DF_927_1_GFP_R1_Trimmed_fastqc/fastqc.fo (deflated 81%)
  adding: DF_927_1_GFP_R2_Trimmed_fastqc/ (stored 0%)
  adding: DF_927_1_GFP_R2_Trimmed_fastqc/fastqc_report.html (deflated 43%)
  adding: DF_927_1_GFP_R2_Trimmed_fastqc/fastqc_data.txt (deflated 61%)
  adding: DF_927_1_GFP_R2_Trimmed_fastqc/Images/ (stored 0%)
  adding: DF_927_1_GFP_R2_Trimmed_fastqc/Images/per_sequence_gc_content.png (deflated 12%)
  adding: DF_927_1_GFP_R2_Trimmed_fastqc/Images/per_base_quality.png (deflated 48%)
  adding: DF_927_1_GFP_R2_Trimmed_fastqc/Images/per_sequence_quality.png (deflated 23%)
  adding: DF_927_1_GFP_R2_Trimmed_fastqc/Images/sequence_length_distribution.png (deflated 11%)
  adding: DF_927_1_GFP_R2_Trimmed_fastqc/Images/adapter_content.png (deflated 36%)
  adding: DF_927_1_GFP_R2_Trimmed_fastqc/Images/per_base_n_content.png (deflated 59%)
  adding: DF_927_1_GFP_R2_Trimmed_fastqc/Images/per_base_sequence_content.png (deflated 15%)
  adding: DF_927_1_GFP_R2_Trimmed_fastqc/Images/per_tile_quality.png (deflated 19%)
  adding: DF_927_1_GFP_R2_Trimmed_fastqc/Images/duplication_levels.png (deflated 23%)
  adding: DF_927_1_GFP_R2_Trimmed_fastqc/Icons/ (stored 0%)
  adding: DF_927_1_GFP_R2_Trimmed_fastqc/Icons/fastqc_icon.png (stored 0%)
  adding: DF_927_1_GFP_R2_Trimmed_fastqc/Icons/warning.png (stored 0%)
  adding: DF_927_1_GFP_R2_Trimmed_fastqc/Icons/tick.png (stored 0%)
  adding: DF_927_1_GFP_R2_Trimmed_fastqc/Icons/error.png (stored 0%)
  adding: DF_927_1_GFP_R2_Trimmed_fastqc/summary.txt (deflated 68%)
  adding: DF_927_1_GFP_R2_Trimmed_fastqc/fastqc.fo (deflated 81%)
Nov 13 12:08:34 ..... started STAR run
Nov 13 12:08:34 ..... loading genome
Nov 13 12:11:09 ..... started mapping
Nov 13 12:41:14 ..... finished mapping
Nov 13 12:41:15 ..... started sorting BAM
Nov 13 12:47:59 ..... finished successfully
[bam_sort_core] merging from 48 files and 12 in-memory blocks...
INFO	2021-11-13 12:53:18	CollectRnaSeqMetrics	

********** NOTE: Picard's command line syntax is changing.
**********
********** For more information, please see:
********** https://github.com/broadinstitute/picard/wiki/Command-Line-Syntax-Transition-For-Users-(Pre-Transition)
**********
********** The command line looks like this in the new syntax:
**********
**********    CollectRnaSeqMetrics -REF_FLAT /projects/Reference/mm10/refFlat_UCSC.txt -STRAND_SPECIFICITY NONE -VALIDATION_STRINGENCY LENIENT -INPUT DF_927_1_GFP_accepted_hits.sorted.bam -OUTPUT DF_927_1_GFP_RNASeqMetrics
**********


12:53:18.509 INFO  NativeLibraryLoader - Loading libgkl_compression.so from jar:file:/opt/software/picard-2.22.0/picard.jar!/com/intel/gkl/native/libgkl_compression.so
[Sat Nov 13 12:53:18 EST 2021] CollectRnaSeqMetrics REF_FLAT=/projects/Reference/mm10/refFlat_UCSC.txt STRAND_SPECIFICITY=NONE INPUT=DF_927_1_GFP_accepted_hits.sorted.bam OUTPUT=DF_927_1_GFP_RNASeqMetrics VALIDATION_STRINGENCY=LENIENT    MINIMUM_LENGTH=500 RRNA_FRAGMENT_PERCENTAGE=0.8 METRIC_ACCUMULATION_LEVEL=[ALL_READS] ASSUME_SORTED=true STOP_AFTER=0 VERBOSITY=INFO QUIET=false COMPRESSION_LEVEL=5 MAX_RECORDS_IN_RAM=500000 CREATE_INDEX=false CREATE_MD5_FILE=false GA4GH_CLIENT_SECRETS=client_secrets.json USE_JDK_DEFLATER=false USE_JDK_INFLATER=false
[Sat Nov 13 12:53:18 EST 2021] Executing as mengykan@bhimes on Linux 5.4.0-90-generic amd64; OpenJDK 64-Bit Server VM 1.8.0_292-8u292-b10-0ubuntu1~20.04-b10; Deflater: Intel; Inflater: Intel; Provider GCS is not available; Picard version: 2.22.0-SNAPSHOT
INFO	2021-11-13 12:53:18	CollectRnaSeqMetrics	Loaded 24008 genes.
INFO	2021-11-13 12:53:25	SinglePassSamProgram	Processed     1,000,000 records.  Elapsed time: 00:00:06s.  Time for last 1,000,000:    6s.  Last read position: chr10:59,223,132
INFO	2021-11-13 12:53:33	SinglePassSamProgram	Processed     2,000,000 records.  Elapsed time: 00:00:14s.  Time for last 1,000,000:    8s.  Last read position: chr10:79,852,098
INFO	2021-11-13 12:53:37	SinglePassSamProgram	Processed     3,000,000 records.  Elapsed time: 00:00:19s.  Time for last 1,000,000:    4s.  Last read position: chr10:81,180,348
INFO	2021-11-13 12:53:43	SinglePassSamProgram	Processed     4,000,000 records.  Elapsed time: 00:00:24s.  Time for last 1,000,000:    5s.  Last read position: chr10:93,265,028
INFO	2021-11-13 12:53:46	SinglePassSamProgram	Processed     5,000,000 records.  Elapsed time: 00:00:27s.  Time for last 1,000,000:    3s.  Last read position: chr10:117,670,275
INFO	2021-11-13 12:53:51	SinglePassSamProgram	Processed     6,000,000 records.  Elapsed time: 00:00:32s.  Time for last 1,000,000:    4s.  Last read position: chr10:128,626,085
INFO	2021-11-13 12:53:57	SinglePassSamProgram	Processed     7,000,000 records.  Elapsed time: 00:00:38s.  Time for last 1,000,000:    6s.  Last read position: chr11:29,741,537
INFO	2021-11-13 12:54:02	SinglePassSamProgram	Processed     8,000,000 records.  Elapsed time: 00:00:43s.  Time for last 1,000,000:    5s.  Last read position: chr11:53,428,998
INFO	2021-11-13 12:54:07	SinglePassSamProgram	Processed     9,000,000 records.  Elapsed time: 00:00:49s.  Time for last 1,000,000:    5s.  Last read position: chr11:65,002,553
INFO	2021-11-13 12:54:14	SinglePassSamProgram	Processed    10,000,000 records.  Elapsed time: 00:00:55s.  Time for last 1,000,000:    6s.  Last read position: chr11:75,576,714
INFO	2021-11-13 12:54:21	SinglePassSamProgram	Processed    11,000,000 records.  Elapsed time: 00:01:02s.  Time for last 1,000,000:    7s.  Last read position: chr11:86,813,521
INFO	2021-11-13 12:54:26	SinglePassSamProgram	Processed    12,000,000 records.  Elapsed time: 00:01:07s.  Time for last 1,000,000:    5s.  Last read position: chr11:98,756,140
INFO	2021-11-13 12:54:32	SinglePassSamProgram	Processed    13,000,000 records.  Elapsed time: 00:01:13s.  Time for last 1,000,000:    5s.  Last read position: chr11:106,787,043
INFO	2021-11-13 12:54:36	SinglePassSamProgram	Processed    14,000,000 records.  Elapsed time: 00:01:17s.  Time for last 1,000,000:    4s.  Last read position: chr11:120,346,420
INFO	2021-11-13 12:54:41	SinglePassSamProgram	Processed    15,000,000 records.  Elapsed time: 00:01:22s.  Time for last 1,000,000:    4s.  Last read position: chr11:120,822,163
INFO	2021-11-13 12:54:46	SinglePassSamProgram	Processed    16,000,000 records.  Elapsed time: 00:01:27s.  Time for last 1,000,000:    5s.  Last read position: chr12:51,829,338
INFO	2021-11-13 12:54:51	SinglePassSamProgram	Processed    17,000,000 records.  Elapsed time: 00:01:32s.  Time for last 1,000,000:    4s.  Last read position: chr12:81,664,597
INFO	2021-11-13 12:54:54	SinglePassSamProgram	Processed    18,000,000 records.  Elapsed time: 00:01:35s.  Time for last 1,000,000:    3s.  Last read position: chr12:100,205,624
INFO	2021-11-13 12:55:00	SinglePassSamProgram	Processed    19,000,000 records.  Elapsed time: 00:01:41s.  Time for last 1,000,000:    5s.  Last read position: chr13:13,360,283
INFO	2021-11-13 12:55:04	SinglePassSamProgram	Processed    20,000,000 records.  Elapsed time: 00:01:45s.  Time for last 1,000,000:    4s.  Last read position: chr13:56,104,961
INFO	2021-11-13 12:55:09	SinglePassSamProgram	Processed    21,000,000 records.  Elapsed time: 00:01:50s.  Time for last 1,000,000:    5s.  Last read position: chr13:90,923,675
INFO	2021-11-13 12:55:14	SinglePassSamProgram	Processed    22,000,000 records.  Elapsed time: 00:01:55s.  Time for last 1,000,000:    5s.  Last read position: chr14:21,838,028
INFO	2021-11-13 12:55:19	SinglePassSamProgram	Processed    23,000,000 records.  Elapsed time: 00:02:00s.  Time for last 1,000,000:    4s.  Last read position: chr14:41,134,772
INFO	2021-11-13 12:55:22	SinglePassSamProgram	Processed    24,000,000 records.  Elapsed time: 00:02:03s.  Time for last 1,000,000:    3s.  Last read position: chr14:51,885,416
INFO	2021-11-13 12:55:27	SinglePassSamProgram	Processed    25,000,000 records.  Elapsed time: 00:02:08s.  Time for last 1,000,000:    4s.  Last read position: chr14:70,520,953
INFO	2021-11-13 12:55:29	SinglePassSamProgram	Processed    26,000,000 records.  Elapsed time: 00:02:10s.  Time for last 1,000,000:    2s.  Last read position: chr14:70,521,046
INFO	2021-11-13 12:55:32	SinglePassSamProgram	Processed    27,000,000 records.  Elapsed time: 00:02:13s.  Time for last 1,000,000:    2s.  Last read position: chr14:70,521,404
INFO	2021-11-13 12:55:35	SinglePassSamProgram	Processed    28,000,000 records.  Elapsed time: 00:02:16s.  Time for last 1,000,000:    2s.  Last read position: chr14:70,521,470
INFO	2021-11-13 12:55:38	SinglePassSamProgram	Processed    29,000,000 records.  Elapsed time: 00:02:19s.  Time for last 1,000,000:    2s.  Last read position: chr14:70,521,885
INFO	2021-11-13 12:55:41	SinglePassSamProgram	Processed    30,000,000 records.  Elapsed time: 00:02:22s.  Time for last 1,000,000:    3s.  Last read position: chr14:70,522,204
INFO	2021-11-13 12:55:44	SinglePassSamProgram	Processed    31,000,000 records.  Elapsed time: 00:02:25s.  Time for last 1,000,000:    3s.  Last read position: chr14:70,522,250
INFO	2021-11-13 12:55:47	SinglePassSamProgram	Processed    32,000,000 records.  Elapsed time: 00:02:29s.  Time for last 1,000,000:    3s.  Last read position: chr14:70,522,674
INFO	2021-11-13 12:55:51	SinglePassSamProgram	Processed    33,000,000 records.  Elapsed time: 00:02:32s.  Time for last 1,000,000:    3s.  Last read position: chr14:70,522,719
INFO	2021-11-13 12:55:54	SinglePassSamProgram	Processed    34,000,000 records.  Elapsed time: 00:02:35s.  Time for last 1,000,000:    3s.  Last read position: chr14:75,123,022
INFO	2021-11-13 12:56:00	SinglePassSamProgram	Processed    35,000,000 records.  Elapsed time: 00:02:41s.  Time for last 1,000,000:    5s.  Last read position: chr15:3,280,043
INFO	2021-11-13 12:56:05	SinglePassSamProgram	Processed    36,000,000 records.  Elapsed time: 00:02:46s.  Time for last 1,000,000:    5s.  Last read position: chr15:58,424,850
INFO	2021-11-13 12:56:11	SinglePassSamProgram	Processed    37,000,000 records.  Elapsed time: 00:02:52s.  Time for last 1,000,000:    5s.  Last read position: chr15:79,134,899
INFO	2021-11-13 12:56:17	SinglePassSamProgram	Processed    38,000,000 records.  Elapsed time: 00:02:58s.  Time for last 1,000,000:    6s.  Last read position: chr15:89,303,530
INFO	2021-11-13 12:56:24	SinglePassSamProgram	Processed    39,000,000 records.  Elapsed time: 00:03:05s.  Time for last 1,000,000:    6s.  Last read position: chr15:102,093,127
INFO	2021-11-13 12:56:30	SinglePassSamProgram	Processed    40,000,000 records.  Elapsed time: 00:03:11s.  Time for last 1,000,000:    5s.  Last read position: chr16:19,654,041
INFO	2021-11-13 12:56:36	SinglePassSamProgram	Processed    41,000,000 records.  Elapsed time: 00:03:17s.  Time for last 1,000,000:    6s.  Last read position: chr16:36,761,621
INFO	2021-11-13 12:56:43	SinglePassSamProgram	Processed    42,000,000 records.  Elapsed time: 00:03:24s.  Time for last 1,000,000:    7s.  Last read position: chr16:85,082,837
INFO	2021-11-13 12:56:48	SinglePassSamProgram	Processed    43,000,000 records.  Elapsed time: 00:03:30s.  Time for last 1,000,000:    5s.  Last read position: chr17:14,959,426
INFO	2021-11-13 12:56:56	SinglePassSamProgram	Processed    44,000,000 records.  Elapsed time: 00:03:38s.  Time for last 1,000,000:    8s.  Last read position: chr17:25,831,925
INFO	2021-11-13 12:57:01	SinglePassSamProgram	Processed    45,000,000 records.  Elapsed time: 00:03:42s.  Time for last 1,000,000:    4s.  Last read position: chr17:33,919,905
INFO	2021-11-13 12:57:08	SinglePassSamProgram	Processed    46,000,000 records.  Elapsed time: 00:03:49s.  Time for last 1,000,000:    6s.  Last read position: chr17:39,847,718
INFO	2021-11-13 12:57:12	SinglePassSamProgram	Processed    47,000,000 records.  Elapsed time: 00:03:53s.  Time for last 1,000,000:    4s.  Last read position: chr17:57,053,877
INFO	2021-11-13 12:57:18	SinglePassSamProgram	Processed    48,000,000 records.  Elapsed time: 00:03:59s.  Time for last 1,000,000:    5s.  Last read position: chr18:5,116,044
INFO	2021-11-13 12:57:24	SinglePassSamProgram	Processed    49,000,000 records.  Elapsed time: 00:04:05s.  Time for last 1,000,000:    5s.  Last read position: chr18:39,487,214
INFO	2021-11-13 12:57:29	SinglePassSamProgram	Processed    50,000,000 records.  Elapsed time: 00:04:10s.  Time for last 1,000,000:    4s.  Last read position: chr18:74,792,409
INFO	2021-11-13 12:57:33	SinglePassSamProgram	Processed    51,000,000 records.  Elapsed time: 00:04:14s.  Time for last 1,000,000:    4s.  Last read position: chr19:5,646,829
INFO	2021-11-13 12:57:39	SinglePassSamProgram	Processed    52,000,000 records.  Elapsed time: 00:04:20s.  Time for last 1,000,000:    5s.  Last read position: chr19:9,984,594
INFO	2021-11-13 12:57:44	SinglePassSamProgram	Processed    53,000,000 records.  Elapsed time: 00:04:25s.  Time for last 1,000,000:    5s.  Last read position: chr19:43,507,414
INFO	2021-11-13 12:57:48	SinglePassSamProgram	Processed    54,000,000 records.  Elapsed time: 00:04:30s.  Time for last 1,000,000:    4s.  Last read position: chr19:59,935,680
INFO	2021-11-13 12:57:51	SinglePassSamProgram	Processed    55,000,000 records.  Elapsed time: 00:04:32s.  Time for last 1,000,000:    2s.  Last read position: chr1:24,614,633
INFO	2021-11-13 12:57:55	SinglePassSamProgram	Processed    56,000,000 records.  Elapsed time: 00:04:36s.  Time for last 1,000,000:    4s.  Last read position: chr1:52,458,247
INFO	2021-11-13 12:58:02	SinglePassSamProgram	Processed    57,000,000 records.  Elapsed time: 00:04:43s.  Time for last 1,000,000:    6s.  Last read position: chr1:85,908,350
INFO	2021-11-13 12:58:07	SinglePassSamProgram	Processed    58,000,000 records.  Elapsed time: 00:04:49s.  Time for last 1,000,000:    5s.  Last read position: chr1:131,158,200
INFO	2021-11-13 12:58:11	SinglePassSamProgram	Processed    59,000,000 records.  Elapsed time: 00:04:53s.  Time for last 1,000,000:    4s.  Last read position: chr1:134,189,775
INFO	2021-11-13 12:58:16	SinglePassSamProgram	Processed    60,000,000 records.  Elapsed time: 00:04:57s.  Time for last 1,000,000:    4s.  Last read position: chr1:164,458,164
INFO	2021-11-13 12:58:20	SinglePassSamProgram	Processed    61,000,000 records.  Elapsed time: 00:05:01s.  Time for last 1,000,000:    4s.  Last read position: chr1:193,334,883
INFO	2021-11-13 12:58:26	SinglePassSamProgram	Processed    62,000,000 records.  Elapsed time: 00:05:07s.  Time for last 1,000,000:    5s.  Last read position: chr2:29,739,949
INFO	2021-11-13 12:58:32	SinglePassSamProgram	Processed    63,000,000 records.  Elapsed time: 00:05:13s.  Time for last 1,000,000:    6s.  Last read position: chr2:33,733,088
INFO	2021-11-13 12:58:38	SinglePassSamProgram	Processed    64,000,000 records.  Elapsed time: 00:05:19s.  Time for last 1,000,000:    6s.  Last read position: chr2:70,965,487
INFO	2021-11-13 12:58:45	SinglePassSamProgram	Processed    65,000,000 records.  Elapsed time: 00:05:26s.  Time for last 1,000,000:    6s.  Last read position: chr2:103,424,131
INFO	2021-11-13 12:58:50	SinglePassSamProgram	Processed    66,000,000 records.  Elapsed time: 00:05:31s.  Time for last 1,000,000:    5s.  Last read position: chr2:127,791,621
INFO	2021-11-13 12:58:55	SinglePassSamProgram	Processed    67,000,000 records.  Elapsed time: 00:05:36s.  Time for last 1,000,000:    5s.  Last read position: chr2:154,863,835
INFO	2021-11-13 12:59:01	SinglePassSamProgram	Processed    68,000,000 records.  Elapsed time: 00:05:42s.  Time for last 1,000,000:    5s.  Last read position: chr2:166,836,343
INFO	2021-11-13 12:59:09	SinglePassSamProgram	Processed    69,000,000 records.  Elapsed time: 00:05:50s.  Time for last 1,000,000:    8s.  Last read position: chr3:28,132,118
INFO	2021-11-13 12:59:14	SinglePassSamProgram	Processed    70,000,000 records.  Elapsed time: 00:05:56s.  Time for last 1,000,000:    5s.  Last read position: chr3:88,326,588
INFO	2021-11-13 12:59:20	SinglePassSamProgram	Processed    71,000,000 records.  Elapsed time: 00:06:01s.  Time for last 1,000,000:    5s.  Last read position: chr3:95,661,007
INFO	2021-11-13 12:59:26	SinglePassSamProgram	Processed    72,000,000 records.  Elapsed time: 00:06:07s.  Time for last 1,000,000:    5s.  Last read position: chr3:108,428,669
INFO	2021-11-13 12:59:31	SinglePassSamProgram	Processed    73,000,000 records.  Elapsed time: 00:06:13s.  Time for last 1,000,000:    5s.  Last read position: chr3:152,449,070
INFO	2021-11-13 12:59:36	SinglePassSamProgram	Processed    74,000,000 records.  Elapsed time: 00:06:18s.  Time for last 1,000,000:    4s.  Last read position: chr4:45,397,225
INFO	2021-11-13 12:59:41	SinglePassSamProgram	Processed    75,000,000 records.  Elapsed time: 00:06:22s.  Time for last 1,000,000:    4s.  Last read position: chr4:100,992,877
INFO	2021-11-13 12:59:45	SinglePassSamProgram	Processed    76,000,000 records.  Elapsed time: 00:06:27s.  Time for last 1,000,000:    4s.  Last read position: chr4:118,235,082
INFO	2021-11-13 12:59:51	SinglePassSamProgram	Processed    77,000,000 records.  Elapsed time: 00:06:33s.  Time for last 1,000,000:    6s.  Last read position: chr4:132,901,213
INFO	2021-11-13 12:59:58	SinglePassSamProgram	Processed    78,000,000 records.  Elapsed time: 00:06:39s.  Time for last 1,000,000:    6s.  Last read position: chr4:141,858,850
INFO	2021-11-13 13:00:04	SinglePassSamProgram	Processed    79,000,000 records.  Elapsed time: 00:06:45s.  Time for last 1,000,000:    5s.  Last read position: chr5:4,755,860
INFO	2021-11-13 13:00:10	SinglePassSamProgram	Processed    80,000,000 records.  Elapsed time: 00:06:51s.  Time for last 1,000,000:    6s.  Last read position: chr5:35,098,180
INFO	2021-11-13 13:00:14	SinglePassSamProgram	Processed    81,000,000 records.  Elapsed time: 00:06:56s.  Time for last 1,000,000:    4s.  Last read position: chr5:53,069,136
INFO	2021-11-13 13:00:20	SinglePassSamProgram	Processed    82,000,000 records.  Elapsed time: 00:07:01s.  Time for last 1,000,000:    5s.  Last read position: chr5:67,620,059
INFO	2021-11-13 13:00:24	SinglePassSamProgram	Processed    83,000,000 records.  Elapsed time: 00:07:05s.  Time for last 1,000,000:    4s.  Last read position: chr5:90,804,978
INFO	2021-11-13 13:00:29	SinglePassSamProgram	Processed    84,000,000 records.  Elapsed time: 00:07:11s.  Time for last 1,000,000:    5s.  Last read position: chr5:115,341,290
INFO	2021-11-13 13:00:35	SinglePassSamProgram	Processed    85,000,000 records.  Elapsed time: 00:07:16s.  Time for last 1,000,000:    5s.  Last read position: chr5:123,997,473
INFO	2021-11-13 13:00:41	SinglePassSamProgram	Processed    86,000,000 records.  Elapsed time: 00:07:22s.  Time for last 1,000,000:    5s.  Last read position: chr5:137,530,783
INFO	2021-11-13 13:00:45	SinglePassSamProgram	Processed    87,000,000 records.  Elapsed time: 00:07:26s.  Time for last 1,000,000:    4s.  Last read position: chr5:147,875,463
INFO	2021-11-13 13:00:49	SinglePassSamProgram	Processed    88,000,000 records.  Elapsed time: 00:07:30s.  Time for last 1,000,000:    4s.  Last read position: chr6:38,692,418
INFO	2021-11-13 13:00:54	SinglePassSamProgram	Processed    89,000,000 records.  Elapsed time: 00:07:35s.  Time for last 1,000,000:    4s.  Last read position: chr6:72,305,658
INFO	2021-11-13 13:01:00	SinglePassSamProgram	Processed    90,000,000 records.  Elapsed time: 00:07:41s.  Time for last 1,000,000:    6s.  Last read position: chr6:72,313,974
INFO	2021-11-13 13:01:05	SinglePassSamProgram	Processed    91,000,000 records.  Elapsed time: 00:07:46s.  Time for last 1,000,000:    4s.  Last read position: chr6:87,091,637
INFO	2021-11-13 13:01:11	SinglePassSamProgram	Processed    92,000,000 records.  Elapsed time: 00:07:52s.  Time for last 1,000,000:    6s.  Last read position: chr6:122,313,344
INFO	2021-11-13 13:01:15	SinglePassSamProgram	Processed    93,000,000 records.  Elapsed time: 00:07:56s.  Time for last 1,000,000:    4s.  Last read position: chr6:142,505,467
INFO	2021-11-13 13:01:19	SinglePassSamProgram	Processed    94,000,000 records.  Elapsed time: 00:08:00s.  Time for last 1,000,000:    4s.  Last read position: chr7:19,534,666
INFO	2021-11-13 13:01:24	SinglePassSamProgram	Processed    95,000,000 records.  Elapsed time: 00:08:05s.  Time for last 1,000,000:    4s.  Last read position: chr7:29,177,132
INFO	2021-11-13 13:01:29	SinglePassSamProgram	Processed    96,000,000 records.  Elapsed time: 00:08:10s.  Time for last 1,000,000:    5s.  Last read position: chr7:45,126,153
INFO	2021-11-13 13:01:34	SinglePassSamProgram	Processed    97,000,000 records.  Elapsed time: 00:08:15s.  Time for last 1,000,000:    4s.  Last read position: chr7:66,287,440
INFO	2021-11-13 13:01:38	SinglePassSamProgram	Processed    98,000,000 records.  Elapsed time: 00:08:20s.  Time for last 1,000,000:    4s.  Last read position: chr7:99,479,918
INFO	2021-11-13 13:01:44	SinglePassSamProgram	Processed    99,000,000 records.  Elapsed time: 00:08:25s.  Time for last 1,000,000:    5s.  Last read position: chr7:116,333,738
INFO	2021-11-13 13:01:49	SinglePassSamProgram	Processed   100,000,000 records.  Elapsed time: 00:08:30s.  Time for last 1,000,000:    4s.  Last read position: chr7:130,172,928
INFO	2021-11-13 13:01:54	SinglePassSamProgram	Processed   101,000,000 records.  Elapsed time: 00:08:35s.  Time for last 1,000,000:    4s.  Last read position: chr8:11,207,271
INFO	2021-11-13 13:02:02	SinglePassSamProgram	Processed   102,000,000 records.  Elapsed time: 00:08:43s.  Time for last 1,000,000:    8s.  Last read position: chr8:27,051,264
INFO	2021-11-13 13:02:06	SinglePassSamProgram	Processed   103,000,000 records.  Elapsed time: 00:08:47s.  Time for last 1,000,000:    4s.  Last read position: chr8:70,777,293
INFO	2021-11-13 13:02:11	SinglePassSamProgram	Processed   104,000,000 records.  Elapsed time: 00:08:52s.  Time for last 1,000,000:    4s.  Last read position: chr8:88,522,395
INFO	2021-11-13 13:02:16	SinglePassSamProgram	Processed   105,000,000 records.  Elapsed time: 00:08:57s.  Time for last 1,000,000:    5s.  Last read position: chr8:107,070,521
INFO	2021-11-13 13:02:21	SinglePassSamProgram	Processed   106,000,000 records.  Elapsed time: 00:09:02s.  Time for last 1,000,000:    5s.  Last read position: chr8:126,589,852
INFO	2021-11-13 13:02:27	SinglePassSamProgram	Processed   107,000,000 records.  Elapsed time: 00:09:08s.  Time for last 1,000,000:    6s.  Last read position: chr9:31,178,049
INFO	2021-11-13 13:02:32	SinglePassSamProgram	Processed   108,000,000 records.  Elapsed time: 00:09:13s.  Time for last 1,000,000:    4s.  Last read position: chr9:57,062,660
INFO	2021-11-13 13:02:37	SinglePassSamProgram	Processed   109,000,000 records.  Elapsed time: 00:09:19s.  Time for last 1,000,000:    5s.  Last read position: chr9:70,442,295
INFO	2021-11-13 13:02:42	SinglePassSamProgram	Processed   110,000,000 records.  Elapsed time: 00:09:23s.  Time for last 1,000,000:    4s.  Last read position: chr9:78,480,297
INFO	2021-11-13 13:02:47	SinglePassSamProgram	Processed   111,000,000 records.  Elapsed time: 00:09:28s.  Time for last 1,000,000:    4s.  Last read position: chr9:99,692,589
INFO	2021-11-13 13:02:52	SinglePassSamProgram	Processed   112,000,000 records.  Elapsed time: 00:09:33s.  Time for last 1,000,000:    5s.  Last read position: chr9:108,944,850
INFO	2021-11-13 13:02:58	SinglePassSamProgram	Processed   113,000,000 records.  Elapsed time: 00:09:39s.  Time for last 1,000,000:    5s.  Last read position: chr9:123,100,381
INFO	2021-11-13 13:03:00	SinglePassSamProgram	Processed   114,000,000 records.  Elapsed time: 00:09:41s.  Time for last 1,000,000:    2s.  Last read position: chrM:5,452
INFO	2021-11-13 13:03:01	SinglePassSamProgram	Processed   115,000,000 records.  Elapsed time: 00:09:42s.  Time for last 1,000,000:    1s.  Last read position: chrM:6,267
INFO	2021-11-13 13:03:03	SinglePassSamProgram	Processed   116,000,000 records.  Elapsed time: 00:09:44s.  Time for last 1,000,000:    1s.  Last read position: chrM:8,624
INFO	2021-11-13 13:03:04	SinglePassSamProgram	Processed   117,000,000 records.  Elapsed time: 00:09:45s.  Time for last 1,000,000:    1s.  Last read position: chrM:14,634
INFO	2021-11-13 13:03:09	SinglePassSamProgram	Processed   118,000,000 records.  Elapsed time: 00:09:50s.  Time for last 1,000,000:    5s.  Last read position: chrX:48,485,463
INFO	2021-11-13 13:03:15	SinglePassSamProgram	Processed   119,000,000 records.  Elapsed time: 00:09:56s.  Time for last 1,000,000:    5s.  Last read position: chrX:102,186,452
INFO	2021-11-13 13:03:21	SinglePassSamProgram	Processed   120,000,000 records.  Elapsed time: 00:10:02s.  Time for last 1,000,000:    5s.  Last read position: chrX:166,380,110
[Sat Nov 13 13:03:22 EST 2021] picard.analysis.CollectRnaSeqMetrics done. Elapsed time: 10.07 minutes.
Runtime.totalMemory()=1075314688
INFO	2021-11-13 13:09:38	CollectInsertSizeMetrics	

********** NOTE: Picard's command line syntax is changing.
**********
********** For more information, please see:
********** https://github.com/broadinstitute/picard/wiki/Command-Line-Syntax-Transition-For-Users-(Pre-Transition)
**********
********** The command line looks like this in the new syntax:
**********
**********    CollectInsertSizeMetrics -VALIDATION_STRINGENCY LENIENT -HISTOGRAM_FILE DF_927_1_GFP_InsertSizeHist.pdf -INPUT DF_927_1_GFP_accepted_hits.sorted.bam -OUTPUT DF_927_1_GFP_InsertSizeMetrics
**********


13:09:38.339 INFO  NativeLibraryLoader - Loading libgkl_compression.so from jar:file:/opt/software/picard-2.22.0/picard.jar!/com/intel/gkl/native/libgkl_compression.so
[Sat Nov 13 13:09:38 EST 2021] CollectInsertSizeMetrics HISTOGRAM_FILE=DF_927_1_GFP_InsertSizeHist.pdf INPUT=DF_927_1_GFP_accepted_hits.sorted.bam OUTPUT=DF_927_1_GFP_InsertSizeMetrics VALIDATION_STRINGENCY=LENIENT    DEVIATIONS=10.0 MINIMUM_PCT=0.05 METRIC_ACCUMULATION_LEVEL=[ALL_READS] INCLUDE_DUPLICATES=false ASSUME_SORTED=true STOP_AFTER=0 VERBOSITY=INFO QUIET=false COMPRESSION_LEVEL=5 MAX_RECORDS_IN_RAM=500000 CREATE_INDEX=false CREATE_MD5_FILE=false GA4GH_CLIENT_SECRETS=client_secrets.json USE_JDK_DEFLATER=false USE_JDK_INFLATER=false
[Sat Nov 13 13:09:38 EST 2021] Executing as mengykan@bhimes on Linux 5.4.0-90-generic amd64; OpenJDK 64-Bit Server VM 1.8.0_292-8u292-b10-0ubuntu1~20.04-b10; Deflater: Intel; Inflater: Intel; Provider GCS is not available; Picard version: 2.22.0-SNAPSHOT
INFO	2021-11-13 13:09:39	SinglePassSamProgram	Processed     1,000,000 records.  Elapsed time: 00:00:01s.  Time for last 1,000,000:    1s.  Last read position: chr10:59,223,132
INFO	2021-11-13 13:09:40	SinglePassSamProgram	Processed     2,000,000 records.  Elapsed time: 00:00:02s.  Time for last 1,000,000:    1s.  Last read position: chr10:79,852,098
INFO	2021-11-13 13:09:42	SinglePassSamProgram	Processed     3,000,000 records.  Elapsed time: 00:00:03s.  Time for last 1,000,000:    1s.  Last read position: chr10:81,180,348
INFO	2021-11-13 13:09:43	SinglePassSamProgram	Processed     4,000,000 records.  Elapsed time: 00:00:04s.  Time for last 1,000,000:    1s.  Last read position: chr10:93,265,028
INFO	2021-11-13 13:09:44	SinglePassSamProgram	Processed     5,000,000 records.  Elapsed time: 00:00:05s.  Time for last 1,000,000:    1s.  Last read position: chr10:117,670,275
INFO	2021-11-13 13:09:45	SinglePassSamProgram	Processed     6,000,000 records.  Elapsed time: 00:00:06s.  Time for last 1,000,000:    1s.  Last read position: chr10:128,626,085
INFO	2021-11-13 13:09:46	SinglePassSamProgram	Processed     7,000,000 records.  Elapsed time: 00:00:08s.  Time for last 1,000,000:    1s.  Last read position: chr11:29,741,537
INFO	2021-11-13 13:09:47	SinglePassSamProgram	Processed     8,000,000 records.  Elapsed time: 00:00:09s.  Time for last 1,000,000:    1s.  Last read position: chr11:53,428,998
INFO	2021-11-13 13:09:48	SinglePassSamProgram	Processed     9,000,000 records.  Elapsed time: 00:00:10s.  Time for last 1,000,000:    1s.  Last read position: chr11:65,002,553
INFO	2021-11-13 13:09:49	SinglePassSamProgram	Processed    10,000,000 records.  Elapsed time: 00:00:11s.  Time for last 1,000,000:    1s.  Last read position: chr11:75,576,714
INFO	2021-11-13 13:09:50	SinglePassSamProgram	Processed    11,000,000 records.  Elapsed time: 00:00:12s.  Time for last 1,000,000:    1s.  Last read position: chr11:86,813,521
INFO	2021-11-13 13:09:51	SinglePassSamProgram	Processed    12,000,000 records.  Elapsed time: 00:00:13s.  Time for last 1,000,000:    1s.  Last read position: chr11:98,756,140
INFO	2021-11-13 13:09:53	SinglePassSamProgram	Processed    13,000,000 records.  Elapsed time: 00:00:14s.  Time for last 1,000,000:    1s.  Last read position: chr11:106,787,043
INFO	2021-11-13 13:09:54	SinglePassSamProgram	Processed    14,000,000 records.  Elapsed time: 00:00:15s.  Time for last 1,000,000:    1s.  Last read position: chr11:120,346,420
INFO	2021-11-13 13:09:55	SinglePassSamProgram	Processed    15,000,000 records.  Elapsed time: 00:00:16s.  Time for last 1,000,000:    1s.  Last read position: chr11:120,822,163
INFO	2021-11-13 13:09:56	SinglePassSamProgram	Processed    16,000,000 records.  Elapsed time: 00:00:17s.  Time for last 1,000,000:    1s.  Last read position: chr12:51,829,338
INFO	2021-11-13 13:09:57	SinglePassSamProgram	Processed    17,000,000 records.  Elapsed time: 00:00:19s.  Time for last 1,000,000:    1s.  Last read position: chr12:81,664,597
INFO	2021-11-13 13:09:58	SinglePassSamProgram	Processed    18,000,000 records.  Elapsed time: 00:00:20s.  Time for last 1,000,000:    1s.  Last read position: chr12:100,205,624
INFO	2021-11-13 13:09:59	SinglePassSamProgram	Processed    19,000,000 records.  Elapsed time: 00:00:21s.  Time for last 1,000,000:    1s.  Last read position: chr13:13,360,283
INFO	2021-11-13 13:10:00	SinglePassSamProgram	Processed    20,000,000 records.  Elapsed time: 00:00:22s.  Time for last 1,000,000:    1s.  Last read position: chr13:56,104,961
INFO	2021-11-13 13:10:01	SinglePassSamProgram	Processed    21,000,000 records.  Elapsed time: 00:00:23s.  Time for last 1,000,000:    1s.  Last read position: chr13:90,923,675
INFO	2021-11-13 13:10:02	SinglePassSamProgram	Processed    22,000,000 records.  Elapsed time: 00:00:24s.  Time for last 1,000,000:    1s.  Last read position: chr14:21,838,028
INFO	2021-11-13 13:10:04	SinglePassSamProgram	Processed    23,000,000 records.  Elapsed time: 00:00:25s.  Time for last 1,000,000:    1s.  Last read position: chr14:41,134,772
INFO	2021-11-13 13:10:05	SinglePassSamProgram	Processed    24,000,000 records.  Elapsed time: 00:00:26s.  Time for last 1,000,000:    1s.  Last read position: chr14:51,885,416
INFO	2021-11-13 13:10:06	SinglePassSamProgram	Processed    25,000,000 records.  Elapsed time: 00:00:27s.  Time for last 1,000,000:    1s.  Last read position: chr14:70,520,953
INFO	2021-11-13 13:10:07	SinglePassSamProgram	Processed    26,000,000 records.  Elapsed time: 00:00:28s.  Time for last 1,000,000:    1s.  Last read position: chr14:70,521,046
INFO	2021-11-13 13:10:08	SinglePassSamProgram	Processed    27,000,000 records.  Elapsed time: 00:00:29s.  Time for last 1,000,000:    1s.  Last read position: chr14:70,521,404
INFO	2021-11-13 13:10:09	SinglePassSamProgram	Processed    28,000,000 records.  Elapsed time: 00:00:30s.  Time for last 1,000,000:    1s.  Last read position: chr14:70,521,470
INFO	2021-11-13 13:10:10	SinglePassSamProgram	Processed    29,000,000 records.  Elapsed time: 00:00:32s.  Time for last 1,000,000:    1s.  Last read position: chr14:70,521,885
INFO	2021-11-13 13:10:11	SinglePassSamProgram	Processed    30,000,000 records.  Elapsed time: 00:00:33s.  Time for last 1,000,000:    1s.  Last read position: chr14:70,522,204
INFO	2021-11-13 13:10:12	SinglePassSamProgram	Processed    31,000,000 records.  Elapsed time: 00:00:34s.  Time for last 1,000,000:    1s.  Last read position: chr14:70,522,250
INFO	2021-11-13 13:10:13	SinglePassSamProgram	Processed    32,000,000 records.  Elapsed time: 00:00:35s.  Time for last 1,000,000:    1s.  Last read position: chr14:70,522,674
INFO	2021-11-13 13:10:14	SinglePassSamProgram	Processed    33,000,000 records.  Elapsed time: 00:00:36s.  Time for last 1,000,000:    1s.  Last read position: chr14:70,522,719
INFO	2021-11-13 13:10:15	SinglePassSamProgram	Processed    34,000,000 records.  Elapsed time: 00:00:37s.  Time for last 1,000,000:    1s.  Last read position: chr14:75,123,022
INFO	2021-11-13 13:10:16	SinglePassSamProgram	Processed    35,000,000 records.  Elapsed time: 00:00:38s.  Time for last 1,000,000:    1s.  Last read position: chr15:3,280,043
INFO	2021-11-13 13:10:17	SinglePassSamProgram	Processed    36,000,000 records.  Elapsed time: 00:00:39s.  Time for last 1,000,000:    1s.  Last read position: chr15:58,424,850
INFO	2021-11-13 13:10:18	SinglePassSamProgram	Processed    37,000,000 records.  Elapsed time: 00:00:40s.  Time for last 1,000,000:    1s.  Last read position: chr15:79,134,899
INFO	2021-11-13 13:10:20	SinglePassSamProgram	Processed    38,000,000 records.  Elapsed time: 00:00:41s.  Time for last 1,000,000:    1s.  Last read position: chr15:89,303,530
INFO	2021-11-13 13:10:21	SinglePassSamProgram	Processed    39,000,000 records.  Elapsed time: 00:00:42s.  Time for last 1,000,000:    1s.  Last read position: chr15:102,093,127
INFO	2021-11-13 13:10:22	SinglePassSamProgram	Processed    40,000,000 records.  Elapsed time: 00:00:43s.  Time for last 1,000,000:    1s.  Last read position: chr16:19,654,041
INFO	2021-11-13 13:10:23	SinglePassSamProgram	Processed    41,000,000 records.  Elapsed time: 00:00:44s.  Time for last 1,000,000:    1s.  Last read position: chr16:36,761,621
INFO	2021-11-13 13:10:24	SinglePassSamProgram	Processed    42,000,000 records.  Elapsed time: 00:00:46s.  Time for last 1,000,000:    1s.  Last read position: chr16:85,082,837
INFO	2021-11-13 13:10:25	SinglePassSamProgram	Processed    43,000,000 records.  Elapsed time: 00:00:47s.  Time for last 1,000,000:    1s.  Last read position: chr17:14,959,426
INFO	2021-11-13 13:10:26	SinglePassSamProgram	Processed    44,000,000 records.  Elapsed time: 00:00:48s.  Time for last 1,000,000:    1s.  Last read position: chr17:25,831,925
INFO	2021-11-13 13:10:27	SinglePassSamProgram	Processed    45,000,000 records.  Elapsed time: 00:00:49s.  Time for last 1,000,000:    1s.  Last read position: chr17:33,919,905
INFO	2021-11-13 13:10:28	SinglePassSamProgram	Processed    46,000,000 records.  Elapsed time: 00:00:50s.  Time for last 1,000,000:    1s.  Last read position: chr17:39,847,718
INFO	2021-11-13 13:10:30	SinglePassSamProgram	Processed    47,000,000 records.  Elapsed time: 00:00:51s.  Time for last 1,000,000:    1s.  Last read position: chr17:57,053,877
INFO	2021-11-13 13:10:31	SinglePassSamProgram	Processed    48,000,000 records.  Elapsed time: 00:00:52s.  Time for last 1,000,000:    1s.  Last read position: chr18:5,116,044
INFO	2021-11-13 13:10:32	SinglePassSamProgram	Processed    49,000,000 records.  Elapsed time: 00:00:53s.  Time for last 1,000,000:    1s.  Last read position: chr18:39,487,214
INFO	2021-11-13 13:10:33	SinglePassSamProgram	Processed    50,000,000 records.  Elapsed time: 00:00:54s.  Time for last 1,000,000:    1s.  Last read position: chr18:74,792,409
INFO	2021-11-13 13:10:34	SinglePassSamProgram	Processed    51,000,000 records.  Elapsed time: 00:00:56s.  Time for last 1,000,000:    1s.  Last read position: chr19:5,646,829
INFO	2021-11-13 13:10:35	SinglePassSamProgram	Processed    52,000,000 records.  Elapsed time: 00:00:57s.  Time for last 1,000,000:    1s.  Last read position: chr19:9,984,594
INFO	2021-11-13 13:10:36	SinglePassSamProgram	Processed    53,000,000 records.  Elapsed time: 00:00:58s.  Time for last 1,000,000:    1s.  Last read position: chr19:43,507,414
INFO	2021-11-13 13:10:37	SinglePassSamProgram	Processed    54,000,000 records.  Elapsed time: 00:00:59s.  Time for last 1,000,000:    1s.  Last read position: chr19:59,935,680
INFO	2021-11-13 13:10:38	SinglePassSamProgram	Processed    55,000,000 records.  Elapsed time: 00:01:00s.  Time for last 1,000,000:    1s.  Last read position: chr1:24,614,633
INFO	2021-11-13 13:10:39	SinglePassSamProgram	Processed    56,000,000 records.  Elapsed time: 00:01:01s.  Time for last 1,000,000:    1s.  Last read position: chr1:52,458,247
INFO	2021-11-13 13:10:40	SinglePassSamProgram	Processed    57,000,000 records.  Elapsed time: 00:01:02s.  Time for last 1,000,000:    1s.  Last read position: chr1:85,908,350
INFO	2021-11-13 13:10:42	SinglePassSamProgram	Processed    58,000,000 records.  Elapsed time: 00:01:03s.  Time for last 1,000,000:    1s.  Last read position: chr1:131,158,200
INFO	2021-11-13 13:10:43	SinglePassSamProgram	Processed    59,000,000 records.  Elapsed time: 00:01:04s.  Time for last 1,000,000:    1s.  Last read position: chr1:134,189,775
INFO	2021-11-13 13:10:44	SinglePassSamProgram	Processed    60,000,000 records.  Elapsed time: 00:01:05s.  Time for last 1,000,000:    1s.  Last read position: chr1:164,458,164
INFO	2021-11-13 13:10:45	SinglePassSamProgram	Processed    61,000,000 records.  Elapsed time: 00:01:06s.  Time for last 1,000,000:    1s.  Last read position: chr1:193,334,883
INFO	2021-11-13 13:10:46	SinglePassSamProgram	Processed    62,000,000 records.  Elapsed time: 00:01:08s.  Time for last 1,000,000:    1s.  Last read position: chr2:29,739,949
INFO	2021-11-13 13:10:47	SinglePassSamProgram	Processed    63,000,000 records.  Elapsed time: 00:01:09s.  Time for last 1,000,000:    1s.  Last read position: chr2:33,733,088
INFO	2021-11-13 13:10:48	SinglePassSamProgram	Processed    64,000,000 records.  Elapsed time: 00:01:10s.  Time for last 1,000,000:    1s.  Last read position: chr2:70,965,487
INFO	2021-11-13 13:10:49	SinglePassSamProgram	Processed    65,000,000 records.  Elapsed time: 00:01:11s.  Time for last 1,000,000:    1s.  Last read position: chr2:103,424,131
INFO	2021-11-13 13:10:50	SinglePassSamProgram	Processed    66,000,000 records.  Elapsed time: 00:01:12s.  Time for last 1,000,000:    1s.  Last read position: chr2:127,791,621
INFO	2021-11-13 13:10:52	SinglePassSamProgram	Processed    67,000,000 records.  Elapsed time: 00:01:13s.  Time for last 1,000,000:    1s.  Last read position: chr2:154,863,835
INFO	2021-11-13 13:10:53	SinglePassSamProgram	Processed    68,000,000 records.  Elapsed time: 00:01:14s.  Time for last 1,000,000:    1s.  Last read position: chr2:166,836,343
INFO	2021-11-13 13:10:54	SinglePassSamProgram	Processed    69,000,000 records.  Elapsed time: 00:01:15s.  Time for last 1,000,000:    1s.  Last read position: chr3:28,132,118
INFO	2021-11-13 13:10:55	SinglePassSamProgram	Processed    70,000,000 records.  Elapsed time: 00:01:16s.  Time for last 1,000,000:    1s.  Last read position: chr3:88,326,588
INFO	2021-11-13 13:10:56	SinglePassSamProgram	Processed    71,000,000 records.  Elapsed time: 00:01:18s.  Time for last 1,000,000:    1s.  Last read position: chr3:95,661,007
INFO	2021-11-13 13:10:57	SinglePassSamProgram	Processed    72,000,000 records.  Elapsed time: 00:01:19s.  Time for last 1,000,000:    1s.  Last read position: chr3:108,428,669
INFO	2021-11-13 13:10:58	SinglePassSamProgram	Processed    73,000,000 records.  Elapsed time: 00:01:20s.  Time for last 1,000,000:    1s.  Last read position: chr3:152,449,070
INFO	2021-11-13 13:10:59	SinglePassSamProgram	Processed    74,000,000 records.  Elapsed time: 00:01:21s.  Time for last 1,000,000:    1s.  Last read position: chr4:45,397,225
INFO	2021-11-13 13:11:00	SinglePassSamProgram	Processed    75,000,000 records.  Elapsed time: 00:01:22s.  Time for last 1,000,000:    1s.  Last read position: chr4:100,992,877
INFO	2021-11-13 13:11:02	SinglePassSamProgram	Processed    76,000,000 records.  Elapsed time: 00:01:23s.  Time for last 1,000,000:    1s.  Last read position: chr4:118,235,082
INFO	2021-11-13 13:11:03	SinglePassSamProgram	Processed    77,000,000 records.  Elapsed time: 00:01:24s.  Time for last 1,000,000:    1s.  Last read position: chr4:132,901,213
INFO	2021-11-13 13:11:04	SinglePassSamProgram	Processed    78,000,000 records.  Elapsed time: 00:01:25s.  Time for last 1,000,000:    1s.  Last read position: chr4:141,858,850
INFO	2021-11-13 13:11:05	SinglePassSamProgram	Processed    79,000,000 records.  Elapsed time: 00:01:27s.  Time for last 1,000,000:    1s.  Last read position: chr5:4,755,860
INFO	2021-11-13 13:11:06	SinglePassSamProgram	Processed    80,000,000 records.  Elapsed time: 00:01:28s.  Time for last 1,000,000:    1s.  Last read position: chr5:35,098,180
INFO	2021-11-13 13:11:07	SinglePassSamProgram	Processed    81,000,000 records.  Elapsed time: 00:01:29s.  Time for last 1,000,000:    1s.  Last read position: chr5:53,069,136
INFO	2021-11-13 13:11:08	SinglePassSamProgram	Processed    82,000,000 records.  Elapsed time: 00:01:30s.  Time for last 1,000,000:    1s.  Last read position: chr5:67,620,059
INFO	2021-11-13 13:11:09	SinglePassSamProgram	Processed    83,000,000 records.  Elapsed time: 00:01:31s.  Time for last 1,000,000:    1s.  Last read position: chr5:90,804,978
INFO	2021-11-13 13:11:10	SinglePassSamProgram	Processed    84,000,000 records.  Elapsed time: 00:01:32s.  Time for last 1,000,000:    1s.  Last read position: chr5:115,341,290
INFO	2021-11-13 13:11:11	SinglePassSamProgram	Processed    85,000,000 records.  Elapsed time: 00:01:33s.  Time for last 1,000,000:    1s.  Last read position: chr5:123,997,473
INFO	2021-11-13 13:11:13	SinglePassSamProgram	Processed    86,000,000 records.  Elapsed time: 00:01:34s.  Time for last 1,000,000:    1s.  Last read position: chr5:137,530,783
INFO	2021-11-13 13:11:14	SinglePassSamProgram	Processed    87,000,000 records.  Elapsed time: 00:01:35s.  Time for last 1,000,000:    1s.  Last read position: chr5:147,875,463
INFO	2021-11-13 13:11:15	SinglePassSamProgram	Processed    88,000,000 records.  Elapsed time: 00:01:36s.  Time for last 1,000,000:    1s.  Last read position: chr6:38,692,418
INFO	2021-11-13 13:11:16	SinglePassSamProgram	Processed    89,000,000 records.  Elapsed time: 00:01:37s.  Time for last 1,000,000:    1s.  Last read position: chr6:72,305,658
INFO	2021-11-13 13:11:17	SinglePassSamProgram	Processed    90,000,000 records.  Elapsed time: 00:01:39s.  Time for last 1,000,000:    1s.  Last read position: chr6:72,313,974
INFO	2021-11-13 13:11:18	SinglePassSamProgram	Processed    91,000,000 records.  Elapsed time: 00:01:40s.  Time for last 1,000,000:    1s.  Last read position: chr6:87,091,637
INFO	2021-11-13 13:11:19	SinglePassSamProgram	Processed    92,000,000 records.  Elapsed time: 00:01:41s.  Time for last 1,000,000:    1s.  Last read position: chr6:122,313,344
INFO	2021-11-13 13:11:20	SinglePassSamProgram	Processed    93,000,000 records.  Elapsed time: 00:01:42s.  Time for last 1,000,000:    1s.  Last read position: chr6:142,505,467
INFO	2021-11-13 13:11:21	SinglePassSamProgram	Processed    94,000,000 records.  Elapsed time: 00:01:43s.  Time for last 1,000,000:    1s.  Last read position: chr7:19,534,666
INFO	2021-11-13 13:11:22	SinglePassSamProgram	Processed    95,000,000 records.  Elapsed time: 00:01:44s.  Time for last 1,000,000:    1s.  Last read position: chr7:29,177,132
INFO	2021-11-13 13:11:23	SinglePassSamProgram	Processed    96,000,000 records.  Elapsed time: 00:01:45s.  Time for last 1,000,000:    1s.  Last read position: chr7:45,126,153
INFO	2021-11-13 13:11:25	SinglePassSamProgram	Processed    97,000,000 records.  Elapsed time: 00:01:46s.  Time for last 1,000,000:    1s.  Last read position: chr7:66,287,440
INFO	2021-11-13 13:11:26	SinglePassSamProgram	Processed    98,000,000 records.  Elapsed time: 00:01:47s.  Time for last 1,000,000:    1s.  Last read position: chr7:99,479,918
INFO	2021-11-13 13:11:27	SinglePassSamProgram	Processed    99,000,000 records.  Elapsed time: 00:01:48s.  Time for last 1,000,000:    1s.  Last read position: chr7:116,333,738
INFO	2021-11-13 13:11:28	SinglePassSamProgram	Processed   100,000,000 records.  Elapsed time: 00:01:49s.  Time for last 1,000,000:    1s.  Last read position: chr7:130,172,928
INFO	2021-11-13 13:11:29	SinglePassSamProgram	Processed   101,000,000 records.  Elapsed time: 00:01:51s.  Time for last 1,000,000:    1s.  Last read position: chr8:11,207,271
INFO	2021-11-13 13:11:30	SinglePassSamProgram	Processed   102,000,000 records.  Elapsed time: 00:01:52s.  Time for last 1,000,000:    1s.  Last read position: chr8:27,051,264
INFO	2021-11-13 13:11:31	SinglePassSamProgram	Processed   103,000,000 records.  Elapsed time: 00:01:53s.  Time for last 1,000,000:    1s.  Last read position: chr8:70,777,293
INFO	2021-11-13 13:11:32	SinglePassSamProgram	Processed   104,000,000 records.  Elapsed time: 00:01:54s.  Time for last 1,000,000:    1s.  Last read position: chr8:88,522,395
INFO	2021-11-13 13:11:33	SinglePassSamProgram	Processed   105,000,000 records.  Elapsed time: 00:01:55s.  Time for last 1,000,000:    1s.  Last read position: chr8:107,070,521
INFO	2021-11-13 13:11:35	SinglePassSamProgram	Processed   106,000,000 records.  Elapsed time: 00:01:56s.  Time for last 1,000,000:    1s.  Last read position: chr8:126,589,852
INFO	2021-11-13 13:11:36	SinglePassSamProgram	Processed   107,000,000 records.  Elapsed time: 00:01:57s.  Time for last 1,000,000:    1s.  Last read position: chr9:31,178,049
INFO	2021-11-13 13:11:37	SinglePassSamProgram	Processed   108,000,000 records.  Elapsed time: 00:01:58s.  Time for last 1,000,000:    1s.  Last read position: chr9:57,062,660
INFO	2021-11-13 13:11:38	SinglePassSamProgram	Processed   109,000,000 records.  Elapsed time: 00:02:00s.  Time for last 1,000,000:    1s.  Last read position: chr9:70,442,295
INFO	2021-11-13 13:11:39	SinglePassSamProgram	Processed   110,000,000 records.  Elapsed time: 00:02:01s.  Time for last 1,000,000:    1s.  Last read position: chr9:78,480,297
INFO	2021-11-13 13:11:40	SinglePassSamProgram	Processed   111,000,000 records.  Elapsed time: 00:02:02s.  Time for last 1,000,000:    1s.  Last read position: chr9:99,692,589
INFO	2021-11-13 13:11:41	SinglePassSamProgram	Processed   112,000,000 records.  Elapsed time: 00:02:03s.  Time for last 1,000,000:    1s.  Last read position: chr9:108,944,850
INFO	2021-11-13 13:11:42	SinglePassSamProgram	Processed   113,000,000 records.  Elapsed time: 00:02:04s.  Time for last 1,000,000:    1s.  Last read position: chr9:123,100,381
INFO	2021-11-13 13:11:43	SinglePassSamProgram	Processed   114,000,000 records.  Elapsed time: 00:02:05s.  Time for last 1,000,000:    1s.  Last read position: chrM:5,452
INFO	2021-11-13 13:11:44	SinglePassSamProgram	Processed   115,000,000 records.  Elapsed time: 00:02:06s.  Time for last 1,000,000:    0s.  Last read position: chrM:6,267
INFO	2021-11-13 13:11:45	SinglePassSamProgram	Processed   116,000,000 records.  Elapsed time: 00:02:07s.  Time for last 1,000,000:    1s.  Last read position: chrM:8,624
INFO	2021-11-13 13:11:46	SinglePassSamProgram	Processed   117,000,000 records.  Elapsed time: 00:02:08s.  Time for last 1,000,000:    0s.  Last read position: chrM:14,634
INFO	2021-11-13 13:11:47	SinglePassSamProgram	Processed   118,000,000 records.  Elapsed time: 00:02:09s.  Time for last 1,000,000:    1s.  Last read position: chrX:48,485,463
INFO	2021-11-13 13:11:48	SinglePassSamProgram	Processed   119,000,000 records.  Elapsed time: 00:02:10s.  Time for last 1,000,000:    1s.  Last read position: chrX:102,186,452
INFO	2021-11-13 13:11:50	SinglePassSamProgram	Processed   120,000,000 records.  Elapsed time: 00:02:11s.  Time for last 1,000,000:    1s.  Last read position: chrX:166,380,110
INFO	2021-11-13 13:11:50	RExecutor	Executing R script via command: Rscript /tmp/mengykan/script5422808092637646286.R /projects/RNASeq/Lung_AT2/DF_927_1_GFP/star_out/DF_927_1_GFP_InsertSizeMetrics /projects/RNASeq/Lung_AT2/DF_927_1_GFP/star_out/DF_927_1_GFP_InsertSizeHist.pdf DF_927_1_GFP_accepted_hits.sorted.bam
INFO	2021-11-13 13:11:51	ProcessExecutor	null device 
INFO	2021-11-13 13:11:51	ProcessExecutor	          1 
[Sat Nov 13 13:11:51 EST 2021] picard.analysis.CollectInsertSizeMetrics done. Elapsed time: 2.21 minutes.
Runtime.totalMemory()=1298137088
100000 GFF lines processed.
200000 GFF lines processed.
300000 GFF lines processed.
400000 GFF lines processed.
500000 GFF lines processed.
600000 GFF lines processed.
672435 GFF lines processed.
100000 SAM alignment record pairs processed.
200000 SAM alignment record pairs processed.
300000 SAM alignment record pairs processed.
400000 SAM alignment record pairs processed.
500000 SAM alignment record pairs processed.
600000 SAM alignment record pairs processed.
700000 SAM alignment record pairs processed.
800000 SAM alignment record pairs processed.
900000 SAM alignment record pairs processed.
1000000 SAM alignment record pairs processed.
1100000 SAM alignment record pairs processed.
1200000 SAM alignment record pairs processed.
1300000 SAM alignment record pairs processed.
1400000 SAM alignment record pairs processed.
1500000 SAM alignment record pairs processed.
1600000 SAM alignment record pairs processed.
1700000 SAM alignment record pairs processed.
1800000 SAM alignment record pairs processed.
1900000 SAM alignment record pairs processed.
2000000 SAM alignment record pairs processed.
2100000 SAM alignment record pairs processed.
2200000 SAM alignment record pairs processed.
2300000 SAM alignment record pairs processed.
2400000 SAM alignment record pairs processed.
2500000 SAM alignment record pairs processed.
2600000 SAM alignment record pairs processed.
2700000 SAM alignment record pairs processed.
2800000 SAM alignment record pairs processed.
2900000 SAM alignment record pairs processed.
3000000 SAM alignment record pairs processed.
3100000 SAM alignment record pairs processed.
3200000 SAM alignment record pairs processed.
3300000 SAM alignment record pairs processed.
3400000 SAM alignment record pairs processed.
3500000 SAM alignment record pairs processed.
3600000 SAM alignment record pairs processed.
3700000 SAM alignment record pairs processed.
3800000 SAM alignment record pairs processed.
3900000 SAM alignment record pairs processed.
4000000 SAM alignment record pairs processed.
4100000 SAM alignment record pairs processed.
4200000 SAM alignment record pairs processed.
4300000 SAM alignment record pairs processed.
4400000 SAM alignment record pairs processed.
4500000 SAM alignment record pairs processed.
4600000 SAM alignment record pairs processed.
4700000 SAM alignment record pairs processed.
4800000 SAM alignment record pairs processed.
4900000 SAM alignment record pairs processed.
5000000 SAM alignment record pairs processed.
5100000 SAM alignment record pairs processed.
5200000 SAM alignment record pairs processed.
5300000 SAM alignment record pairs processed.
5400000 SAM alignment record pairs processed.
5500000 SAM alignment record pairs processed.
5600000 SAM alignment record pairs processed.
5700000 SAM alignment record pairs processed.
5800000 SAM alignment record pairs processed.
5900000 SAM alignment record pairs processed.
6000000 SAM alignment record pairs processed.
6100000 SAM alignment record pairs processed.
6200000 SAM alignment record pairs processed.
6300000 SAM alignment record pairs processed.
6400000 SAM alignment record pairs processed.
6500000 SAM alignment record pairs processed.
6600000 SAM alignment record pairs processed.
6700000 SAM alignment record pairs processed.
6800000 SAM alignment record pairs processed.
6900000 SAM alignment record pairs processed.
7000000 SAM alignment record pairs processed.
7100000 SAM alignment record pairs processed.
7200000 SAM alignment record pairs processed.
7300000 SAM alignment record pairs processed.
7400000 SAM alignment record pairs processed.
7500000 SAM alignment record pairs processed.
7600000 SAM alignment record pairs processed.
7700000 SAM alignment record pairs processed.
7800000 SAM alignment record pairs processed.
7900000 SAM alignment record pairs processed.
8000000 SAM alignment record pairs processed.
8100000 SAM alignment record pairs processed.
8200000 SAM alignment record pairs processed.
8300000 SAM alignment record pairs processed.
8400000 SAM alignment record pairs processed.
8500000 SAM alignment record pairs processed.
8600000 SAM alignment record pairs processed.
8700000 SAM alignment record pairs processed.
8800000 SAM alignment record pairs processed.
8900000 SAM alignment record pairs processed.
9000000 SAM alignment record pairs processed.
9100000 SAM alignment record pairs processed.
9200000 SAM alignment record pairs processed.
9300000 SAM alignment record pairs processed.
9400000 SAM alignment record pairs processed.
9500000 SAM alignment record pairs processed.
9600000 SAM alignment record pairs processed.
9700000 SAM alignment record pairs processed.
9800000 SAM alignment record pairs processed.
9900000 SAM alignment record pairs processed.
10000000 SAM alignment record pairs processed.
10100000 SAM alignment record pairs processed.
10200000 SAM alignment record pairs processed.
10300000 SAM alignment record pairs processed.
10400000 SAM alignment record pairs processed.
10500000 SAM alignment record pairs processed.
10600000 SAM alignment record pairs processed.
10700000 SAM alignment record pairs processed.
10800000 SAM alignment record pairs processed.
10900000 SAM alignment record pairs processed.
11000000 SAM alignment record pairs processed.
11100000 SAM alignment record pairs processed.
11200000 SAM alignment record pairs processed.
11300000 SAM alignment record pairs processed.
11400000 SAM alignment record pairs processed.
11500000 SAM alignment record pairs processed.
11600000 SAM alignment record pairs processed.
11700000 SAM alignment record pairs processed.
11800000 SAM alignment record pairs processed.
11900000 SAM alignment record pairs processed.
12000000 SAM alignment record pairs processed.
12100000 SAM alignment record pairs processed.
12200000 SAM alignment record pairs processed.
12300000 SAM alignment record pairs processed.
12400000 SAM alignment record pairs processed.
12500000 SAM alignment record pairs processed.
12600000 SAM alignment record pairs processed.
12700000 SAM alignment record pairs processed.
12800000 SAM alignment record pairs processed.
12900000 SAM alignment record pairs processed.
13000000 SAM alignment record pairs processed.
13100000 SAM alignment record pairs processed.
13200000 SAM alignment record pairs processed.
13300000 SAM alignment record pairs processed.
13400000 SAM alignment record pairs processed.
13500000 SAM alignment record pairs processed.
13600000 SAM alignment record pairs processed.
13700000 SAM alignment record pairs processed.
13800000 SAM alignment record pairs processed.
13900000 SAM alignment record pairs processed.
14000000 SAM alignment record pairs processed.
14100000 SAM alignment record pairs processed.
14200000 SAM alignment record pairs processed.
14300000 SAM alignment record pairs processed.
14400000 SAM alignment record pairs processed.
14500000 SAM alignment record pairs processed.
14600000 SAM alignment record pairs processed.
14700000 SAM alignment record pairs processed.
14800000 SAM alignment record pairs processed.
14900000 SAM alignment record pairs processed.
15000000 SAM alignment record pairs processed.
15100000 SAM alignment record pairs processed.
15200000 SAM alignment record pairs processed.
15300000 SAM alignment record pairs processed.
15400000 SAM alignment record pairs processed.
15500000 SAM alignment record pairs processed.
15600000 SAM alignment record pairs processed.
15700000 SAM alignment record pairs processed.
15800000 SAM alignment record pairs processed.
15900000 SAM alignment record pairs processed.
16000000 SAM alignment record pairs processed.
16100000 SAM alignment record pairs processed.
16200000 SAM alignment record pairs processed.
16300000 SAM alignment record pairs processed.
16400000 SAM alignment record pairs processed.
16500000 SAM alignment record pairs processed.
16600000 SAM alignment record pairs processed.
16700000 SAM alignment record pairs processed.
16800000 SAM alignment record pairs processed.
16900000 SAM alignment record pairs processed.
17000000 SAM alignment record pairs processed.
17100000 SAM alignment record pairs processed.
17200000 SAM alignment record pairs processed.
17300000 SAM alignment record pairs processed.
17400000 SAM alignment record pairs processed.
17500000 SAM alignment record pairs processed.
17600000 SAM alignment record pairs processed.
17700000 SAM alignment record pairs processed.
17800000 SAM alignment record pairs processed.
17900000 SAM alignment record pairs processed.
18000000 SAM alignment record pairs processed.
18100000 SAM alignment record pairs processed.
18200000 SAM alignment record pairs processed.
18300000 SAM alignment record pairs processed.
18400000 SAM alignment record pairs processed.
18500000 SAM alignment record pairs processed.
18600000 SAM alignment record pairs processed.
18700000 SAM alignment record pairs processed.
18800000 SAM alignment record pairs processed.
18900000 SAM alignment record pairs processed.
19000000 SAM alignment record pairs processed.
19100000 SAM alignment record pairs processed.
19200000 SAM alignment record pairs processed.
19300000 SAM alignment record pairs processed.
19400000 SAM alignment record pairs processed.
19500000 SAM alignment record pairs processed.
19600000 SAM alignment record pairs processed.
19700000 SAM alignment record pairs processed.
19800000 SAM alignment record pairs processed.
19900000 SAM alignment record pairs processed.
20000000 SAM alignment record pairs processed.
20100000 SAM alignment record pairs processed.
20200000 SAM alignment record pairs processed.
20300000 SAM alignment record pairs processed.
20400000 SAM alignment record pairs processed.
20500000 SAM alignment record pairs processed.
20600000 SAM alignment record pairs processed.
20700000 SAM alignment record pairs processed.
20800000 SAM alignment record pairs processed.
20900000 SAM alignment record pairs processed.
21000000 SAM alignment record pairs processed.
21100000 SAM alignment record pairs processed.
21200000 SAM alignment record pairs processed.
21300000 SAM alignment record pairs processed.
21400000 SAM alignment record pairs processed.
21500000 SAM alignment record pairs processed.
21600000 SAM alignment record pairs processed.
21700000 SAM alignment record pairs processed.
21800000 SAM alignment record pairs processed.
21900000 SAM alignment record pairs processed.
22000000 SAM alignment record pairs processed.
22100000 SAM alignment record pairs processed.
22200000 SAM alignment record pairs processed.
22300000 SAM alignment record pairs processed.
22400000 SAM alignment record pairs processed.
22500000 SAM alignment record pairs processed.
22600000 SAM alignment record pairs processed.
22700000 SAM alignment record pairs processed.
22800000 SAM alignment record pairs processed.
22900000 SAM alignment record pairs processed.
23000000 SAM alignment record pairs processed.
23100000 SAM alignment record pairs processed.
23200000 SAM alignment record pairs processed.
23300000 SAM alignment record pairs processed.
23400000 SAM alignment record pairs processed.
23500000 SAM alignment record pairs processed.
23600000 SAM alignment record pairs processed.
23700000 SAM alignment record pairs processed.
23800000 SAM alignment record pairs processed.
23900000 SAM alignment record pairs processed.
24000000 SAM alignment record pairs processed.
24100000 SAM alignment record pairs processed.
24200000 SAM alignment record pairs processed.
24300000 SAM alignment record pairs processed.
24400000 SAM alignment record pairs processed.
24500000 SAM alignment record pairs processed.
24600000 SAM alignment record pairs processed.
24700000 SAM alignment record pairs processed.
24800000 SAM alignment record pairs processed.
24900000 SAM alignment record pairs processed.
25000000 SAM alignment record pairs processed.
25100000 SAM alignment record pairs processed.
25200000 SAM alignment record pairs processed.
25300000 SAM alignment record pairs processed.
25400000 SAM alignment record pairs processed.
25500000 SAM alignment record pairs processed.
25600000 SAM alignment record pairs processed.
25700000 SAM alignment record pairs processed.
25800000 SAM alignment record pairs processed.
25900000 SAM alignment record pairs processed.
26000000 SAM alignment record pairs processed.
26100000 SAM alignment record pairs processed.
26200000 SAM alignment record pairs processed.
26300000 SAM alignment record pairs processed.
26400000 SAM alignment record pairs processed.
26500000 SAM alignment record pairs processed.
26600000 SAM alignment record pairs processed.
26700000 SAM alignment record pairs processed.
26800000 SAM alignment record pairs processed.
26900000 SAM alignment record pairs processed.
27000000 SAM alignment record pairs processed.
27100000 SAM alignment record pairs processed.
27200000 SAM alignment record pairs processed.
27300000 SAM alignment record pairs processed.
27400000 SAM alignment record pairs processed.
27500000 SAM alignment record pairs processed.
27600000 SAM alignment record pairs processed.
27700000 SAM alignment record pairs processed.
27800000 SAM alignment record pairs processed.
27900000 SAM alignment record pairs processed.
28000000 SAM alignment record pairs processed.
28100000 SAM alignment record pairs processed.
28200000 SAM alignment record pairs processed.
28300000 SAM alignment record pairs processed.
28400000 SAM alignment record pairs processed.
28500000 SAM alignment record pairs processed.
28600000 SAM alignment record pairs processed.
28700000 SAM alignment record pairs processed.
28800000 SAM alignment record pairs processed.
28900000 SAM alignment record pairs processed.
29000000 SAM alignment record pairs processed.
29100000 SAM alignment record pairs processed.
29200000 SAM alignment record pairs processed.
29300000 SAM alignment record pairs processed.
29400000 SAM alignment record pairs processed.
29500000 SAM alignment record pairs processed.
29600000 SAM alignment record pairs processed.
29700000 SAM alignment record pairs processed.
29800000 SAM alignment record pairs processed.
29900000 SAM alignment record pairs processed.
30000000 SAM alignment record pairs processed.
30100000 SAM alignment record pairs processed.
30200000 SAM alignment record pairs processed.
30300000 SAM alignment record pairs processed.
30400000 SAM alignment record pairs processed.
30500000 SAM alignment record pairs processed.
30600000 SAM alignment record pairs processed.
30700000 SAM alignment record pairs processed.
30800000 SAM alignment record pairs processed.
30900000 SAM alignment record pairs processed.
31000000 SAM alignment record pairs processed.
31100000 SAM alignment record pairs processed.
31200000 SAM alignment record pairs processed.
31300000 SAM alignment record pairs processed.
31400000 SAM alignment record pairs processed.
31500000 SAM alignment record pairs processed.
31600000 SAM alignment record pairs processed.
31700000 SAM alignment record pairs processed.
31800000 SAM alignment record pairs processed.
31900000 SAM alignment record pairs processed.
32000000 SAM alignment record pairs processed.
32100000 SAM alignment record pairs processed.
32200000 SAM alignment record pairs processed.
32300000 SAM alignment record pairs processed.
32400000 SAM alignment record pairs processed.
32500000 SAM alignment record pairs processed.
32600000 SAM alignment record pairs processed.
32700000 SAM alignment record pairs processed.
32800000 SAM alignment record pairs processed.
32900000 SAM alignment record pairs processed.
33000000 SAM alignment record pairs processed.
33100000 SAM alignment record pairs processed.
33200000 SAM alignment record pairs processed.
33300000 SAM alignment record pairs processed.
33400000 SAM alignment record pairs processed.
33500000 SAM alignment record pairs processed.
33600000 SAM alignment record pairs processed.
33700000 SAM alignment record pairs processed.
33800000 SAM alignment record pairs processed.
33900000 SAM alignment record pairs processed.
34000000 SAM alignment record pairs processed.
34100000 SAM alignment record pairs processed.
34200000 SAM alignment record pairs processed.
34300000 SAM alignment record pairs processed.
34400000 SAM alignment record pairs processed.
34500000 SAM alignment record pairs processed.
34600000 SAM alignment record pairs processed.
34700000 SAM alignment record pairs processed.
34800000 SAM alignment record pairs processed.
34900000 SAM alignment record pairs processed.
35000000 SAM alignment record pairs processed.
35100000 SAM alignment record pairs processed.
35200000 SAM alignment record pairs processed.
35300000 SAM alignment record pairs processed.
35400000 SAM alignment record pairs processed.
35500000 SAM alignment record pairs processed.
35600000 SAM alignment record pairs processed.
35700000 SAM alignment record pairs processed.
35800000 SAM alignment record pairs processed.
35900000 SAM alignment record pairs processed.
36000000 SAM alignment record pairs processed.
36100000 SAM alignment record pairs processed.
36200000 SAM alignment record pairs processed.
36300000 SAM alignment record pairs processed.
36400000 SAM alignment record pairs processed.
36500000 SAM alignment record pairs processed.
36600000 SAM alignment record pairs processed.
36700000 SAM alignment record pairs processed.
36800000 SAM alignment record pairs processed.
36900000 SAM alignment record pairs processed.
37000000 SAM alignment record pairs processed.
37100000 SAM alignment record pairs processed.
37200000 SAM alignment record pairs processed.
37300000 SAM alignment record pairs processed.
37400000 SAM alignment record pairs processed.
37500000 SAM alignment record pairs processed.
37600000 SAM alignment record pairs processed.
37700000 SAM alignment record pairs processed.
37800000 SAM alignment record pairs processed.
37900000 SAM alignment record pairs processed.
38000000 SAM alignment record pairs processed.
38100000 SAM alignment record pairs processed.
38200000 SAM alignment record pairs processed.
38300000 SAM alignment record pairs processed.
38400000 SAM alignment record pairs processed.
38500000 SAM alignment record pairs processed.
38600000 SAM alignment record pairs processed.
38700000 SAM alignment record pairs processed.
38800000 SAM alignment record pairs processed.
38900000 SAM alignment record pairs processed.
39000000 SAM alignment record pairs processed.
39100000 SAM alignment record pairs processed.
39200000 SAM alignment record pairs processed.
39300000 SAM alignment record pairs processed.
39400000 SAM alignment record pairs processed.
39500000 SAM alignment record pairs processed.
39600000 SAM alignment record pairs processed.
39700000 SAM alignment record pairs processed.
39800000 SAM alignment record pairs processed.
39900000 SAM alignment record pairs processed.
40000000 SAM alignment record pairs processed.
40100000 SAM alignment record pairs processed.
40200000 SAM alignment record pairs processed.
40300000 SAM alignment record pairs processed.
40400000 SAM alignment record pairs processed.
40500000 SAM alignment record pairs processed.
40600000 SAM alignment record pairs processed.
40700000 SAM alignment record pairs processed.
40800000 SAM alignment record pairs processed.
40900000 SAM alignment record pairs processed.
41000000 SAM alignment record pairs processed.
41100000 SAM alignment record pairs processed.
41200000 SAM alignment record pairs processed.
41300000 SAM alignment record pairs processed.
41400000 SAM alignment record pairs processed.
41500000 SAM alignment record pairs processed.
41600000 SAM alignment record pairs processed.
41700000 SAM alignment record pairs processed.
41800000 SAM alignment record pairs processed.
41900000 SAM alignment record pairs processed.
42000000 SAM alignment record pairs processed.
42100000 SAM alignment record pairs processed.
42200000 SAM alignment record pairs processed.
42300000 SAM alignment record pairs processed.
42400000 SAM alignment record pairs processed.
42500000 SAM alignment record pairs processed.
42600000 SAM alignment record pairs processed.
42700000 SAM alignment record pairs processed.
42800000 SAM alignment record pairs processed.
42900000 SAM alignment record pairs processed.
43000000 SAM alignment record pairs processed.
43100000 SAM alignment record pairs processed.
43200000 SAM alignment record pairs processed.
43300000 SAM alignment record pairs processed.
43400000 SAM alignment record pairs processed.
43500000 SAM alignment record pairs processed.
43600000 SAM alignment record pairs processed.
43700000 SAM alignment record pairs processed.
43800000 SAM alignment record pairs processed.
43900000 SAM alignment record pairs processed.
44000000 SAM alignment record pairs processed.
44100000 SAM alignment record pairs processed.
44200000 SAM alignment record pairs processed.
44300000 SAM alignment record pairs processed.
44400000 SAM alignment record pairs processed.
44500000 SAM alignment record pairs processed.
44600000 SAM alignment record pairs processed.
44700000 SAM alignment record pairs processed.
44800000 SAM alignment record pairs processed.
44900000 SAM alignment record pairs processed.
45000000 SAM alignment record pairs processed.
45100000 SAM alignment record pairs processed.
45200000 SAM alignment record pairs processed.
45300000 SAM alignment record pairs processed.
45400000 SAM alignment record pairs processed.
45500000 SAM alignment record pairs processed.
45600000 SAM alignment record pairs processed.
45700000 SAM alignment record pairs processed.
45800000 SAM alignment record pairs processed.
45900000 SAM alignment record pairs processed.
46000000 SAM alignment record pairs processed.
46100000 SAM alignment record pairs processed.
46200000 SAM alignment record pairs processed.
46300000 SAM alignment record pairs processed.
46400000 SAM alignment record pairs processed.
46500000 SAM alignment record pairs processed.
46600000 SAM alignment record pairs processed.
46700000 SAM alignment record pairs processed.
46800000 SAM alignment record pairs processed.
46900000 SAM alignment record pairs processed.
47000000 SAM alignment record pairs processed.
47100000 SAM alignment record pairs processed.
47200000 SAM alignment record pairs processed.
47300000 SAM alignment record pairs processed.
47400000 SAM alignment record pairs processed.
47500000 SAM alignment record pairs processed.
47600000 SAM alignment record pairs processed.
47700000 SAM alignment record pairs processed.
47800000 SAM alignment record pairs processed.
47900000 SAM alignment record pairs processed.
48000000 SAM alignment record pairs processed.
48100000 SAM alignment record pairs processed.
48200000 SAM alignment record pairs processed.
48300000 SAM alignment record pairs processed.
48400000 SAM alignment record pairs processed.
48500000 SAM alignment record pairs processed.
48600000 SAM alignment record pairs processed.
48700000 SAM alignment record pairs processed.
48800000 SAM alignment record pairs processed.
48900000 SAM alignment record pairs processed.
49000000 SAM alignment record pairs processed.
49100000 SAM alignment record pairs processed.
49200000 SAM alignment record pairs processed.
49300000 SAM alignment record pairs processed.
49400000 SAM alignment record pairs processed.
49500000 SAM alignment record pairs processed.
49600000 SAM alignment record pairs processed.
49700000 SAM alignment record pairs processed.
49800000 SAM alignment record pairs processed.
49900000 SAM alignment record pairs processed.
50000000 SAM alignment record pairs processed.
50100000 SAM alignment record pairs processed.
50200000 SAM alignment record pairs processed.
50300000 SAM alignment record pairs processed.
50400000 SAM alignment record pairs processed.
50500000 SAM alignment record pairs processed.
50600000 SAM alignment record pairs processed.
50700000 SAM alignment record pairs processed.
50800000 SAM alignment record pairs processed.
50900000 SAM alignment record pairs processed.
51000000 SAM alignment record pairs processed.
51100000 SAM alignment record pairs processed.
51200000 SAM alignment record pairs processed.
51300000 SAM alignment record pairs processed.
51400000 SAM alignment record pairs processed.
51500000 SAM alignment record pairs processed.
51600000 SAM alignment record pairs processed.
51700000 SAM alignment record pairs processed.
51800000 SAM alignment record pairs processed.
51900000 SAM alignment record pairs processed.
52000000 SAM alignment record pairs processed.
52100000 SAM alignment record pairs processed.
52200000 SAM alignment record pairs processed.
52300000 SAM alignment record pairs processed.
52400000 SAM alignment record pairs processed.
52500000 SAM alignment record pairs processed.
52600000 SAM alignment record pairs processed.
52700000 SAM alignment record pairs processed.
52800000 SAM alignment record pairs processed.
52900000 SAM alignment record pairs processed.
53000000 SAM alignment record pairs processed.
53100000 SAM alignment record pairs processed.
53200000 SAM alignment record pairs processed.
53300000 SAM alignment record pairs processed.
53400000 SAM alignment record pairs processed.
53500000 SAM alignment record pairs processed.
53600000 SAM alignment record pairs processed.
53700000 SAM alignment record pairs processed.
53800000 SAM alignment record pairs processed.
53900000 SAM alignment record pairs processed.
54000000 SAM alignment record pairs processed.
54100000 SAM alignment record pairs processed.
54200000 SAM alignment record pairs processed.
54300000 SAM alignment record pairs processed.
54400000 SAM alignment record pairs processed.
54500000 SAM alignment record pairs processed.
54600000 SAM alignment record pairs processed.
54700000 SAM alignment record pairs processed.
54800000 SAM alignment record pairs processed.
54900000 SAM alignment record pairs processed.
55000000 SAM alignment record pairs processed.
55100000 SAM alignment record pairs processed.
55200000 SAM alignment record pairs processed.
55300000 SAM alignment record pairs processed.
55400000 SAM alignment record pairs processed.
55500000 SAM alignment record pairs processed.
55600000 SAM alignment record pairs processed.
55700000 SAM alignment record pairs processed.
55800000 SAM alignment record pairs processed.
55900000 SAM alignment record pairs processed.
56000000 SAM alignment record pairs processed.
56100000 SAM alignment record pairs processed.
56200000 SAM alignment record pairs processed.
56300000 SAM alignment record pairs processed.
56400000 SAM alignment record pairs processed.
56500000 SAM alignment record pairs processed.
56600000 SAM alignment record pairs processed.
56700000 SAM alignment record pairs processed.
56800000 SAM alignment record pairs processed.
56900000 SAM alignment record pairs processed.
57000000 SAM alignment record pairs processed.
57100000 SAM alignment record pairs processed.
57200000 SAM alignment record pairs processed.
57300000 SAM alignment record pairs processed.
57400000 SAM alignment record pairs processed.
57500000 SAM alignment record pairs processed.
57600000 SAM alignment record pairs processed.
57700000 SAM alignment record pairs processed.
57800000 SAM alignment record pairs processed.
57900000 SAM alignment record pairs processed.
58000000 SAM alignment record pairs processed.
58100000 SAM alignment record pairs processed.
58200000 SAM alignment record pairs processed.
58300000 SAM alignment record pairs processed.
58400000 SAM alignment record pairs processed.
58500000 SAM alignment record pairs processed.
58600000 SAM alignment record pairs processed.
58700000 SAM alignment record pairs processed.
58800000 SAM alignment record pairs processed.
58900000 SAM alignment record pairs processed.
59000000 SAM alignment record pairs processed.
59100000 SAM alignment record pairs processed.
59200000 SAM alignment record pairs processed.
59300000 SAM alignment record pairs processed.
59400000 SAM alignment record pairs processed.
59500000 SAM alignment record pairs processed.
59600000 SAM alignment record pairs processed.
59700000 SAM alignment record pairs processed.
59800000 SAM alignment record pairs processed.
59900000 SAM alignment record pairs processed.
60000000 SAM alignment record pairs processed.
60100000 SAM alignment record pairs processed.
60130039 SAM alignment pairs processed.
